###############################################################################
#                                                                             #
# IAR ANSI C/C++ Compiler V6.50.6.4896/W32 for ARM      26/Mar/2017  12:36:48 #
# Copyright 1999-2013 IAR Systems AB.                                         #
#                                                                             #
#    Cpu mode     =  thumb                                                    #
#    Endian       =  little                                                   #
#    Source file  =  D:\wangfan2\桌面\RTU_1.2\HuaceApp\DEVICE_GPRS\Device_GPR #
#                    S.c                                                      #
#    Command line =  D:\wangfan2\桌面\RTU_1.2\HuaceApp\DEVICE_GPRS\Device_GPR #
#                    S.c -lCN D:\wangfan2\桌面\RTU_1.2\project\iar\Debug\List #
#                    \ -o D:\wangfan2\桌面\RTU_1.2\project\iar\Debug\Obj\     #
#                    --no_cse --no_unroll --no_inline --no_code_motion        #
#                    --no_tbaa --no_clustering --no_scheduling --debug        #
#                    --endian=little --cpu=Cortex-M3 -e --fpu=None            #
#                    --dlib_config "C:\Program Files (x86)\IAR                #
#                    Systems\Embedded Workbench 6.5_2\arm\INC\c\DLib_Config_F #
#                    ull.h" -I D:\wangfan2\桌面\RTU_1.2\project\iar\ -I       #
#                    D:\wangfan2\桌面\RTU_1.2\project\iar\..\..\BSP\ -I       #
#                    D:\wangfan2\桌面\RTU_1.2\project\iar\..\..\BSP\ADC\ -I   #
#                    D:\wangfan2\桌面\RTU_1.2\project\iar\..\..\BSP\RTC\ -I   #
#                    D:\wangfan2\桌面\RTU_1.2\project\iar\..\..\BSP\TILT\ -I  #
#                    D:\wangfan2\桌面\RTU_1.2\project\iar\..\..\BSP\RDLevel\  #
#                    -I D:\wangfan2\桌面\RTU_1.2\project\iar\..\..\BSP\RS232\ #
#                     -I D:\wangfan2\桌面\RTU_1.2\project\iar\..\..\BSP\OS-v2 #
#                    \ -I D:\wangfan2\桌面\RTU_1.2\project\iar\..\..\BSP\Vibr #
#                    ationString\ -I D:\wangfan2\桌面\RTU_1.2\project\iar\..\ #
#                    ..\ucos2\uCOS-II\Ports\ARM-Cortex-M3\Generic\IAR\ -I     #
#                    D:\wangfan2\桌面\RTU_1.2\project\iar\..\..\ucos2\uCOS-II #
#                    \Source\ -I D:\wangfan2\桌面\RTU_1.2\project\iar\..\..\u #
#                    cos2\uC-LIB\ -I D:\wangfan2\桌面\RTU_1.2\project\iar\..\ #
#                    ..\ucos2\uC-CPU\ -I D:\wangfan2\桌面\RTU_1.2\project\iar #
#                    \..\..\ucos2\uC-CPU\ARM-Cortex-M3\IAR\ -I                #
#                    D:\wangfan2\桌面\RTU_1.2\project\iar\..\..\cmsis\Drivers #
#                    \source\ -I D:\wangfan2\桌面\RTU_1.2\project\iar\..\..\c #
#                    msis\Drivers\include\ -I D:\wangfan2\桌面\RTU_1.2\projec #
#                    t\iar\..\..\app\ -I D:\wangfan2\桌面\RTU_1.2\project\iar #
#                    \..\..\uC-Probe\Target\Plugins\uCOS-II\ -I               #
#                    D:\wangfan2\桌面\RTU_1.2\project\iar\..\..\uC-Probe\Targ #
#                    et\Demos\Intro\Workspaces\ -I                            #
#                    D:\wangfan2\桌面\RTU_1.2\project\iar\..\..\uC-Probe\Targ #
#                    et\Demos\Intro\Source\ -I D:\wangfan2\桌面\RTU_1.2\proje #
#                    ct\iar\..\..\uC-Probe\Target\Communication\Generic\Sourc #
#                    e\ -I D:\wangfan2\桌面\RTU_1.2\project\iar\..\..\uC-Prob #
#                    e\Target\Communication\Generic\RS-232\Source\ -I         #
#                    D:\wangfan2\桌面\RTU_1.2\project\iar\..\..\uC-Probe\Targ #
#                    et\Communication\Generic\RS-232\Ports\NXP\LPC17xx\ -I    #
#                    D:\wangfan2\桌面\RTU_1.2\project\iar\..\..\uC-Probe\Targ #
#                    et\Communication\Generic\RS-232\OS\uCOS-II\ -I           #
#                    D:\wangfan2\桌面\RTU_1.2\project\iar\..\..\cmsis\Core\CM #
#                    3\CoreSupport\ -I D:\wangfan2\桌面\RTU_1.2\project\iar\. #
#                    .\..\cmsis\Core\CM3\DeviceSupport\NXP\LPC177x_8x\ -I     #
#                    D:\wangfan2\桌面\RTU_1.2\project\iar\..\..\HuaceApp\ -I  #
#                    D:\wangfan2\桌面\RTU_1.2\project\iar\..\..\HuaceApp\DEVI #
#                    CE_BT\ -I D:\wangfan2\桌面\RTU_1.2\project\iar\..\..\Hua #
#                    ceApp\DEVICE_COM\ -I D:\wangfan2\桌面\RTU_1.2\project\ia #
#                    r\..\..\HuaceApp\DEVICE_GPRS\ -I                         #
#                    D:\wangfan2\桌面\RTU_1.2\project\iar\..\..\HuaceApp\DEVI #
#                    CE_GPS\ -I D:\wangfan2\桌面\RTU_1.2\project\iar\..\..\Hu #
#                    aceApp\DEVICE_RADIO\ -I D:\wangfan2\桌面\RTU_1.2\project #
#                    \iar\..\..\HuaceApp\iap\ -I                              #
#                    D:\wangfan2\桌面\RTU_1.2\project\iar\..\..\FatFs\ -I     #
#                    D:\wangfan2\桌面\RTU_1.2\project\iar\..\..\USB\ -I       #
#                    D:\wangfan2\桌面\RTU_1.2\project\iar\..\..\bsp\spi_flash #
#                    \ -I D:\wangfan2\桌面\RTU_1.2\project\iar\..\..\HuaceApp #
#                    \LED\ -On --use_c++_inline                               #
#    List file    =  D:\wangfan2\桌面\RTU_1.2\project\iar\Debug\List\Device_G #
#                    PRS.lst                                                  #
#    Object file  =  D:\wangfan2\桌面\RTU_1.2\project\iar\Debug\Obj\Device_GP #
#                    RS.o                                                     #
#                                                                             #
#                                                                             #
###############################################################################

D:\wangfan2\桌面\RTU_1.2\HuaceApp\DEVICE_GPRS\Device_GPRS.c
      1          /**************************Copyright (C) 2003-2014. All rights reserved*********************************
      2          **                                  上海华测导航科技有限公司
      3          **                                  http://www.huace.cn
      4          **                                  Email:support@huace.cn
      5          **
      6          **--------------文件信息--------------------------------------------------------------------------------
      7          **文   件   名: Device_GPRS.c
      8          **创   建   人:
      9          **最后修改日期: 2014年08月12日
     10          **描        述: 对GPRS模块接收到的数据进行处理
     11          ********************************************************************************************************/
     12          
     13          #include "includes.h"
     14          

   \                                 In section .bss, align 4
     15          struct HC_MSG HcMsgGprs;	
   \                     HcMsgGprs:
   \   00000000                      DS8 8
     16          

   \                                 In section .bss, align 1
     17          static UINT8 gprs_initing = 0;
   \                     gprs_initing:
   \   00000000                      DS8 1
     18          

   \                                 In section .text, align 2, keep-with-next
     19          void GprsSoftReset()
     20          {
   \                     GprsSoftReset:
   \   00000000   0xB500             PUSH     {LR}
   \   00000002   0xB087             SUB      SP,SP,#+28
     21            gprs_initing = 1;
   \   00000004   0x.... 0x....      LDR.W    R0,??DataTable3_4
   \   00000008   0x2101             MOVS     R1,#+1
   \   0000000A   0x7001             STRB     R1,[R0, #+0]
     22            g_RtuStatus.gprs = 0;
   \   0000000C   0x.... 0x....      LDR.W    R0,??DataTable3_5
   \   00000010   0x2100             MOVS     R1,#+0
   \   00000012   0x7201             STRB     R1,[R0, #+8]
     23            g_RtuStatus.led_gprs_st = 0;
   \   00000014   0x.... 0x....      LDR.W    R0,??DataTable3_5
   \   00000018   0x2100             MOVS     R1,#+0
   \   0000001A   0xF880 0x1034      STRB     R1,[R0, #+52]
     24            OSTimeDlyHMSM(0, 0, 0, 200); 
   \   0000001E   0x23C8             MOVS     R3,#+200
   \   00000020   0x2200             MOVS     R2,#+0
   \   00000022   0x2100             MOVS     R1,#+0
   \   00000024   0x2000             MOVS     R0,#+0
   \   00000026   0x.... 0x....      BL       OSTimeDlyHMSM
     25            
     26            
     27            Init_Timer0();
   \   0000002A   0x.... 0x....      BL       Init_Timer0
     28            Init_Timer_Flag();
   \   0000002E   0x.... 0x....      BL       Init_Timer_Flag
     29            Init_Global_Parameter();
   \   00000032   0x.... 0x....      BL       Init_Global_Parameter
     30            
     31            //=========para init ===========================
     32            //61.172.254.184 0x1f 0x40
     33            char ip_t[20];
     34            SYS.Remote_IP[0] = g_RtuConfig.ip[0];
   \   00000036   0x.... 0x....      LDR.W    R0,??DataTable3_6
   \   0000003A   0x7A00             LDRB     R0,[R0, #+8]
   \   0000003C   0x.... 0x....      LDR.W    R1,??DataTable3_7
   \   00000040   0x7008             STRB     R0,[R1, #+0]
     35            SYS.Remote_IP[1] = g_RtuConfig.ip[1];
   \   00000042   0x....             LDR.N    R0,??DataTable3_7
   \   00000044   0x....             LDR.N    R1,??DataTable3_6
   \   00000046   0x7A49             LDRB     R1,[R1, #+9]
   \   00000048   0x7041             STRB     R1,[R0, #+1]
     36            SYS.Remote_IP[2] = g_RtuConfig.ip[2];
   \   0000004A   0x....             LDR.N    R0,??DataTable3_7
   \   0000004C   0x....             LDR.N    R1,??DataTable3_6
   \   0000004E   0x7A89             LDRB     R1,[R1, #+10]
   \   00000050   0x7081             STRB     R1,[R0, #+2]
     37            SYS.Remote_IP[3] = g_RtuConfig.ip[3];
   \   00000052   0x....             LDR.N    R0,??DataTable3_7
   \   00000054   0x....             LDR.N    R1,??DataTable3_6
   \   00000056   0x7AC9             LDRB     R1,[R1, #+11]
   \   00000058   0x70C1             STRB     R1,[R0, #+3]
     38            SYS.Remote_Port[0] = g_RtuConfig.ip[4];
   \   0000005A   0x....             LDR.N    R0,??DataTable3_7
   \   0000005C   0x....             LDR.N    R1,??DataTable3_6
   \   0000005E   0x7B09             LDRB     R1,[R1, #+12]
   \   00000060   0x7101             STRB     R1,[R0, #+4]
     39            SYS.Remote_Port[1] = g_RtuConfig.ip[5];
   \   00000062   0x....             LDR.N    R0,??DataTable3_7
   \   00000064   0x....             LDR.N    R1,??DataTable3_6
   \   00000066   0x7B49             LDRB     R1,[R1, #+13]
   \   00000068   0x7141             STRB     R1,[R0, #+5]
     40            SYS.Protocol_Type[0] = 0x53;//tcp 
   \   0000006A   0x....             LDR.N    R0,??DataTable3_7
   \   0000006C   0x2153             MOVS     R1,#+83
   \   0000006E   0x7181             STRB     R1,[R0, #+6]
     41            SYS.APN_Num[0] = 0x05;
   \   00000070   0x....             LDR.N    R0,??DataTable3_7
   \   00000072   0x2105             MOVS     R1,#+5
   \   00000074   0xF880 0x1020      STRB     R1,[R0, #+32]
     42            strcpy(SYS.APN_Num+1, "CMNET");
   \   00000078   0x....             LDR.N    R1,??DataTable3_8
   \   0000007A   0x....             LDR.N    R0,??DataTable3_9
   \   0000007C   0x.... 0x....      BL       strcpy
     43            
     44            sprintf(ip_t,"%d.%d.%d.%d",SYS.Remote_IP[0],SYS.Remote_IP[1],SYS.Remote_IP[2],SYS.Remote_IP[3]);
   \   00000080   0x....             LDR.N    R0,??DataTable3_7
   \   00000082   0x78C0             LDRB     R0,[R0, #+3]
   \   00000084   0x9001             STR      R0,[SP, #+4]
   \   00000086   0x....             LDR.N    R0,??DataTable3_7
   \   00000088   0x7880             LDRB     R0,[R0, #+2]
   \   0000008A   0x9000             STR      R0,[SP, #+0]
   \   0000008C   0x....             LDR.N    R0,??DataTable3_7
   \   0000008E   0x7843             LDRB     R3,[R0, #+1]
   \   00000090   0x....             LDR.N    R0,??DataTable3_7
   \   00000092   0x7802             LDRB     R2,[R0, #+0]
   \   00000094   0x....             LDR.N    R1,??DataTable3_10
   \   00000096   0xA802             ADD      R0,SP,#+8
   \   00000098   0x.... 0x....      BL       sprintf
     45            
     46            SYS.Remote_Address[0] = strlen(ip_t);
   \   0000009C   0xA802             ADD      R0,SP,#+8
   \   0000009E   0x.... 0x....      BL       strlen
   \   000000A2   0x....             LDR.N    R1,??DataTable3_7
   \   000000A4   0xF881 0x0080      STRB     R0,[R1, #+128]
     47            
     48            strcpy(SYS.Remote_Address+1, ip_t);
   \   000000A8   0xA902             ADD      R1,SP,#+8
   \   000000AA   0x....             LDR.N    R0,??DataTable3_11
   \   000000AC   0x.... 0x....      BL       strcpy
     49            SYS.Dial_Mode = 1;
   \   000000B0   0x....             LDR.N    R0,??DataTable3_7
   \   000000B2   0x2101             MOVS     R1,#+1
   \   000000B4   0xF880 0x10A2      STRB     R1,[R0, #+162]
     50            SYS.Work_Mode = 0;
   \   000000B8   0x....             LDR.N    R0,??DataTable3_7
   \   000000BA   0x2100             MOVS     R1,#+0
   \   000000BC   0xF880 0x10A3      STRB     R1,[R0, #+163]
     51            CORS.Data_Format = 0x2d;
   \   000000C0   0x....             LDR.N    R0,??DataTable3_12
   \   000000C2   0x212D             MOVS     R1,#+45
   \   000000C4   0xF880 0x1060      STRB     R1,[R0, #+96]
     52            CORS.CORS_Log_Mode = 1;
   \   000000C8   0x....             LDR.N    R0,??DataTable3_12
   \   000000CA   0x2101             MOVS     R1,#+1
   \   000000CC   0xF880 0x1061      STRB     R1,[R0, #+97]
     53            Telit_Connection_State = T_CHECK_SIMCARD;
   \   000000D0   0x....             LDR.N    R0,??DataTable3_13
   \   000000D2   0x2100             MOVS     R1,#+0
   \   000000D4   0x7001             STRB     R1,[R0, #+0]
     54            g_bMoudule_Initialized_Flag = 1;
   \   000000D6   0x....             LDR.N    R0,??DataTable3_14
   \   000000D8   0x2101             MOVS     R1,#+1
   \   000000DA   0x7001             STRB     R1,[R0, #+0]
     55            Common_Connection_State = CHECK_DONE ;
   \   000000DC   0x....             LDR.N    R0,??DataTable3_15
   \   000000DE   0x2103             MOVS     R1,#+3
   \   000000E0   0x7001             STRB     R1,[R0, #+0]
     56            Module_Type = UL865;
   \   000000E2   0x....             LDR.N    R0,??DataTable3_16
   \   000000E4   0x210B             MOVS     R1,#+11
   \   000000E6   0x7001             STRB     R1,[R0, #+0]
     57            //=================power init ========================
     58            DebugMsg("init power ...... \r\n");
   \   000000E8   0x....             LDR.N    R0,??DataTable3_17
   \   000000EA   0x.... 0x....      BL       DebugMsg
     59            GPIO_OutputValue(GPRS_ANT_PORT, GPRS_ANT_MASK, GPRS_ANT_ON);
   \   000000EE   0x2201             MOVS     R2,#+1
   \   000000F0   0xF45F 0x3100      MOVS     R1,#+131072
   \   000000F4   0x2004             MOVS     R0,#+4
   \   000000F6   0x.... 0x....      BL       GPIO_OutputValue
     60            GPIO_OutputValue(RADIO_ANT_PORT, RADIO_ANT_MASK, RADIO_ANT_OFF);
   \   000000FA   0x2200             MOVS     R2,#+0
   \   000000FC   0x2110             MOVS     R1,#+16
   \   000000FE   0x2004             MOVS     R0,#+4
   \   00000100   0x.... 0x....      BL       GPIO_OutputValue
     61            Init_Network_Module_Hardware();
   \   00000104   0x.... 0x....      BL       Init_Network_Module_Hardware
     62            g_bModuleRestartFlag = 1;		//20161221
   \   00000108   0x....             LDR.N    R0,??DataTable3_18
   \   0000010A   0x2101             MOVS     R1,#+1
   \   0000010C   0x7001             STRB     R1,[R0, #+0]
     63            DebugMsg("init power ...... OK\r\n");
   \   0000010E   0x....             LDR.N    R0,??DataTable3_19
   \   00000110   0x.... 0x....      BL       DebugMsg
     64            
     65            gprs_initing = 0;
   \   00000114   0x....             LDR.N    R0,??DataTable3_4
   \   00000116   0x2100             MOVS     R1,#+0
   \   00000118   0x7001             STRB     R1,[R0, #+0]
     66            OSTimeDlyHMSM(0, 0, 0, 200); 
   \   0000011A   0x23C8             MOVS     R3,#+200
   \   0000011C   0x2200             MOVS     R2,#+0
   \   0000011E   0x2100             MOVS     R1,#+0
   \   00000120   0x2000             MOVS     R0,#+0
   \   00000122   0x.... 0x....      BL       OSTimeDlyHMSM
     67          }
   \   00000126   0xB007             ADD      SP,SP,#+28
   \   00000128   0xBD00             POP      {PC}             ;; return
     68          

   \                                 In section .text, align 2, keep-with-next
     69          void  App_Task_GprsRadio (void *p_arg)
     70          {
   \                     App_Task_GprsRadio:
   \   00000000   0xB510             PUSH     {R4,LR}
   \   00000002   0xB0A4             SUB      SP,SP,#+144
   \   00000004   0x0004             MOVS     R4,R0
     71            static UINT8 gprs_stat = 0;
     72            
     73            OSTimeDlyHMSM(0, 0, 9, 0);// waite main init
   \   00000006   0x2300             MOVS     R3,#+0
   \   00000008   0x2209             MOVS     R2,#+9
   \   0000000A   0x2100             MOVS     R1,#+0
   \   0000000C   0x2000             MOVS     R0,#+0
   \   0000000E   0x.... 0x....      BL       OSTimeDlyHMSM
     74            
     75            while(g_RtuConfig.commod == 1) //BD
   \                     ??App_Task_GprsRadio_0:
   \   00000012   0x....             LDR.N    R0,??DataTable3_6
   \   00000014   0x7800             LDRB     R0,[R0, #+0]
   \   00000016   0x2801             CMP      R0,#+1
   \   00000018   0xD109             BNE.N    ??App_Task_GprsRadio_1
     76            {
     77                OSTimeDlyHMSM(0, 0, 1, 0);
   \   0000001A   0x2300             MOVS     R3,#+0
   \   0000001C   0x2201             MOVS     R2,#+1
   \   0000001E   0x2100             MOVS     R1,#+0
   \   00000020   0x2000             MOVS     R0,#+0
   \   00000022   0x.... 0x....      BL       OSTimeDlyHMSM
     78                TaskGo[1] = 0;
   \   00000026   0x....             LDR.N    R0,??DataTable3_20
   \   00000028   0x2100             MOVS     R1,#+0
   \   0000002A   0x7041             STRB     R1,[R0, #+1]
   \   0000002C   0xE7F1             B.N      ??App_Task_GprsRadio_0
     79            }
     80            
     81            DebugMsg("start task gprs ------------\r\n");
   \                     ??App_Task_GprsRadio_1:
   \   0000002E   0x....             LDR.N    R0,??DataTable3_21
   \   00000030   0x.... 0x....      BL       DebugMsg
     82            BSP_SerInit(PORT_ID_GPRS, 115200);
   \   00000034   0xF45F 0x31E1      MOVS     R1,#+115200
   \   00000038   0x2001             MOVS     R0,#+1
   \   0000003A   0x.... 0x....      BL       BSP_SerInit
     83            GprsSoftReset();
   \   0000003E   0x.... 0x....      BL       GprsSoftReset
     84           
     85            while(1)
     86            {
     87              TaskGo[1] = 0;
   \                     ??App_Task_GprsRadio_2:
   \   00000042   0x....             LDR.N    R0,??DataTable3_20
   \   00000044   0x2100             MOVS     R1,#+0
   \   00000046   0x7041             STRB     R1,[R0, #+1]
     88              
     89              if(g_RtuConfig.commod == 1)
   \   00000048   0x....             LDR.N    R0,??DataTable3_6
   \   0000004A   0x7800             LDRB     R0,[R0, #+0]
   \   0000004C   0x2801             CMP      R0,#+1
   \   0000004E   0xD106             BNE.N    ??App_Task_GprsRadio_3
     90              {
     91                OSTimeDlyHMSM(0, 0, 1, 0);
   \   00000050   0x2300             MOVS     R3,#+0
   \   00000052   0x2201             MOVS     R2,#+1
   \   00000054   0x2100             MOVS     R1,#+0
   \   00000056   0x2000             MOVS     R0,#+0
   \   00000058   0x.... 0x....      BL       OSTimeDlyHMSM
     92                continue;
   \   0000005C   0xE7F1             B.N      ??App_Task_GprsRadio_2
     93              }
     94              if(gprs_initing == 1)
   \                     ??App_Task_GprsRadio_3:
   \   0000005E   0x....             LDR.N    R0,??DataTable3_4
   \   00000060   0x7800             LDRB     R0,[R0, #+0]
   \   00000062   0x2801             CMP      R0,#+1
   \   00000064   0xD107             BNE.N    ??App_Task_GprsRadio_4
     95              {
     96                OSTimeDlyHMSM(0, 0, 0, 300);
   \   00000066   0xF44F 0x7396      MOV      R3,#+300
   \   0000006A   0x2200             MOVS     R2,#+0
   \   0000006C   0x2100             MOVS     R1,#+0
   \   0000006E   0x2000             MOVS     R0,#+0
   \   00000070   0x.... 0x....      BL       OSTimeDlyHMSM
     97                continue;
   \   00000074   0xE7E5             B.N      ??App_Task_GprsRadio_2
     98              }
     99          
    100              Get_Telit_Current_State();
   \                     ??App_Task_GprsRadio_4:
   \   00000076   0x.... 0x....      BL       Get_Telit_Current_State
    101              
    102              if(gprs_stat != Current_State)
   \   0000007A   0x....             LDR.N    R0,??DataTable3_22
   \   0000007C   0x7800             LDRB     R0,[R0, #+0]
   \   0000007E   0x....             LDR.N    R1,??DataTable3_23
   \   00000080   0x7809             LDRB     R1,[R1, #+0]
   \   00000082   0x4288             CMP      R0,R1
   \   00000084   0xD040             BEQ.N    ??App_Task_GprsRadio_5
    103              {
    104                gprs_stat = Current_State;
   \   00000086   0x....             LDR.N    R0,??DataTable3_22
   \   00000088   0x....             LDR.N    R1,??DataTable3_23
   \   0000008A   0x7809             LDRB     R1,[R1, #+0]
   \   0000008C   0x7001             STRB     R1,[R0, #+0]
    105                char buf[20];
    106                
    107                sprintf(buf,"------%d\r\n",Current_State);
   \   0000008E   0x....             LDR.N    R0,??DataTable3_23
   \   00000090   0x7802             LDRB     R2,[R0, #+0]
   \   00000092   0x....             LDR.N    R1,??DataTable3_24
   \   00000094   0xA806             ADD      R0,SP,#+24
   \   00000096   0x.... 0x....      BL       sprintf
    108                
    109                DebugMsg(buf);
   \   0000009A   0xA806             ADD      R0,SP,#+24
   \   0000009C   0x.... 0x....      BL       DebugMsg
    110                
    111                
    112                if( Current_State == 2)
   \   000000A0   0x....             LDR.N    R0,??DataTable3_23
   \   000000A2   0x7800             LDRB     R0,[R0, #+0]
   \   000000A4   0x2802             CMP      R0,#+2
   \   000000A6   0xD11C             BNE.N    ??App_Task_GprsRadio_6
    113                {
    114                  char buf[100];
    115                  
    116                  struct TIME_STRUCT time;
    117                  rtc_get_time(&time);
   \   000000A8   0xA804             ADD      R0,SP,#+16
   \   000000AA   0x.... 0x....      BL       rtc_get_time
    118                  
    119                  sprintf(buf,"TCP CONNECT OK!,%04d%02d%02d-%02d%02d%02d\r\n",time.y,time.m,time.d,time.H,time.M,time.S);
   \   000000AE   0xF89D 0x0016      LDRB     R0,[SP, #+22]
   \   000000B2   0x9003             STR      R0,[SP, #+12]
   \   000000B4   0xF89D 0x0015      LDRB     R0,[SP, #+21]
   \   000000B8   0x9002             STR      R0,[SP, #+8]
   \   000000BA   0xF89D 0x0014      LDRB     R0,[SP, #+20]
   \   000000BE   0x9001             STR      R0,[SP, #+4]
   \   000000C0   0xF89D 0x0013      LDRB     R0,[SP, #+19]
   \   000000C4   0x9000             STR      R0,[SP, #+0]
   \   000000C6   0xF89D 0x3012      LDRB     R3,[SP, #+18]
   \   000000CA   0xF8BD 0x2010      LDRH     R2,[SP, #+16]
   \   000000CE   0x....             LDR.N    R1,??DataTable3_25
   \   000000D0   0xA80B             ADD      R0,SP,#+44
   \   000000D2   0x.... 0x....      BL       sprintf
    120                  DebugMsg(buf);  
   \   000000D6   0xA80B             ADD      R0,SP,#+44
   \   000000D8   0x.... 0x....      BL       DebugMsg
    121                  
    122                  g_RtuStatus.dog_heart = 0;
   \   000000DC   0x....             LDR.N    R0,??DataTable3_5
   \   000000DE   0x2100             MOVS     R1,#+0
   \   000000E0   0x6241             STR      R1,[R0, #+36]
    123                }
    124                
    125                if(gprs_stat == 2)
   \                     ??App_Task_GprsRadio_6:
   \   000000E2   0x....             LDR.N    R0,??DataTable3_22
   \   000000E4   0x7800             LDRB     R0,[R0, #+0]
   \   000000E6   0x2802             CMP      R0,#+2
   \   000000E8   0xD107             BNE.N    ??App_Task_GprsRadio_7
    126                {
    127                  g_RtuStatus.gprs = 1;
   \   000000EA   0x....             LDR.N    R0,??DataTable3_5
   \   000000EC   0x2101             MOVS     R1,#+1
   \   000000EE   0x7201             STRB     R1,[R0, #+8]
    128                  g_RtuStatus.led_gprs_st = 1;
   \   000000F0   0x....             LDR.N    R0,??DataTable3_5
   \   000000F2   0x2101             MOVS     R1,#+1
   \   000000F4   0xF880 0x1034      STRB     R1,[R0, #+52]
   \   000000F8   0xE006             B.N      ??App_Task_GprsRadio_5
    129                }
    130                else
    131                {
    132                  
    133                  g_RtuStatus.gprs = 0;
   \                     ??App_Task_GprsRadio_7:
   \   000000FA   0x....             LDR.N    R0,??DataTable3_5
   \   000000FC   0x2100             MOVS     R1,#+0
   \   000000FE   0x7201             STRB     R1,[R0, #+8]
    134                  g_RtuStatus.led_gprs_st = 0;
   \   00000100   0x....             LDR.N    R0,??DataTable3_5
   \   00000102   0x2100             MOVS     R1,#+0
   \   00000104   0xF880 0x1034      STRB     R1,[R0, #+52]
    135                }
    136              }
    137              if(g_Debug.Footstep2)	DebugMsg("5"); //调试用得
   \                     ??App_Task_GprsRadio_5:
   \   00000108   0x....             LDR.N    R0,??DataTable3_26
   \   0000010A   0x7880             LDRB     R0,[R0, #+2]
   \   0000010C   0x2800             CMP      R0,#+0
   \   0000010E   0xD002             BEQ.N    ??App_Task_GprsRadio_8
   \   00000110   0x....             ADR.N    R0,??DataTable3  ;; "5"
   \   00000112   0x.... 0x....      BL       DebugMsg
    138              ProcessData_From_Telit_Module(Module_Data_Buffer,&Module_Data_RdSp,Module_Data_WrSp); //数据从串口接收到的（接收到的数据），中断接收,通过此函数判断、改变3G的状态！
   \                     ??App_Task_GprsRadio_8:
   \   00000116   0x....             LDR.N    R0,??DataTable3_27
   \   00000118   0x8802             LDRH     R2,[R0, #+0]
   \   0000011A   0x....             LDR.N    R1,??DataTable3_28
   \   0000011C   0x....             LDR.N    R0,??DataTable3_29
   \   0000011E   0x.... 0x....      BL       ProcessData_From_Telit_Module
    139              Process_Communication_Module_Exception(); //超时处理
   \   00000122   0x.... 0x....      BL       Process_Communication_Module_Exception
    140              
    141              if(g_DeviceGPRS.WrSp != g_DeviceGPRS.RdSp)
   \   00000126   0x....             LDR.N    R0,??DataTable3_30
   \   00000128   0x8B00             LDRH     R0,[R0, #+24]
   \   0000012A   0x....             LDR.N    R1,??DataTable3_30
   \   0000012C   0x8B49             LDRH     R1,[R1, #+26]
   \   0000012E   0x4288             CMP      R0,R1
   \   00000130   0xD012             BEQ.N    ??App_Task_GprsRadio_9
    142              {  
    143                g_RtuStatus.cmd_port = 2;
   \   00000132   0x....             LDR.N    R0,??DataTable3_5
   \   00000134   0x2102             MOVS     R1,#+2
   \   00000136   0xF880 0x102F      STRB     R1,[R0, #+47]
    144                ProcessData_HUACE(g_DeviceGPRS.Buf, &g_DeviceGPRS.RdSp, g_DeviceGPRS.WrSp, &HcMsgGprs);
   \   0000013A   0x....             LDR.N    R3,??DataTable3_31
   \   0000013C   0x....             LDR.N    R0,??DataTable3_30
   \   0000013E   0x8B02             LDRH     R2,[R0, #+24]
   \   00000140   0x....             LDR.N    R1,??DataTable3_32
   \   00000142   0x....             LDR.N    R0,??DataTable3_30
   \   00000144   0x6940             LDR      R0,[R0, #+20]
   \   00000146   0x.... 0x....      BL       ProcessData_HUACE
    145                //continue; 
    146                //g_RtuStatus.dog_heart = 0;				//网络模块会出现“收到什么数据发送什么数据”的现象，因此此处不能清dog
    147          	  if(g_Debug.Footstep)	DebugMsg("4");
   \   0000014A   0x....             LDR.N    R0,??DataTable3_26
   \   0000014C   0x7840             LDRB     R0,[R0, #+1]
   \   0000014E   0x2800             CMP      R0,#+0
   \   00000150   0xD002             BEQ.N    ??App_Task_GprsRadio_9
   \   00000152   0x....             ADR.N    R0,??DataTable3_1  ;; "4"
   \   00000154   0x.... 0x....      BL       DebugMsg
    148              }   
    149          
    150              //gprs heart
    151              if(g_RtuStatus.dog_heart >= DOG_HEART_TIME) //6分钟
   \                     ??App_Task_GprsRadio_9:
   \   00000158   0x....             LDR.N    R0,??DataTable3_5
   \   0000015A   0x6A40             LDR      R0,[R0, #+36]
   \   0000015C   0xF5B0 0x5F61      CMP      R0,#+14400
   \   00000160   0xD312             BCC.N    ??App_Task_GprsRadio_10
    152              {
    153          //      char buf[100];
    154          //      
    155          //      struct TIME_STRUCT time;
    156          //      rtc_get_time(&time);
    157          //      
    158          //      sprintf(buf,"Heart Beat time out,%04d%02d%02d-%02d%02d%02d\r\n",time.y,time.m,time.d,time.H,time.M,time.S);
    159          //      
    160          //      DebugMsg(buf);
    161                if(g_Debug.Footstep)	DebugMsg("2");
   \   00000162   0x....             LDR.N    R0,??DataTable3_26
   \   00000164   0x7840             LDRB     R0,[R0, #+1]
   \   00000166   0x2800             CMP      R0,#+0
   \   00000168   0xD002             BEQ.N    ??App_Task_GprsRadio_11
   \   0000016A   0x....             ADR.N    R0,??DataTable3_2  ;; "2"
   \   0000016C   0x.... 0x....      BL       DebugMsg
    162                if(g_RtuStatus.gprs == 1)
   \                     ??App_Task_GprsRadio_11:
   \   00000170   0x....             LDR.N    R0,??DataTable3_5
   \   00000172   0x7A00             LDRB     R0,[R0, #+8]
   \   00000174   0x2801             CMP      R0,#+1
   \   00000176   0xD104             BNE.N    ??App_Task_GprsRadio_12
    163          	  {
    164                      DebugMsg("DOG_HEART_TIME out!\r\n");
   \   00000178   0x....             LDR.N    R0,??DataTable3_33
   \   0000017A   0x.... 0x....      BL       DebugMsg
    165                      GprsSoftReset();
   \   0000017E   0x.... 0x....      BL       GprsSoftReset
    166          	  }
    167                g_RtuStatus.dog_heart = 0;
   \                     ??App_Task_GprsRadio_12:
   \   00000182   0x....             LDR.N    R0,??DataTable3_5
   \   00000184   0x2100             MOVS     R1,#+0
   \   00000186   0x6241             STR      R1,[R0, #+36]
    168              }
    169              
    170              if(g_bModuleRestartFlag)
   \                     ??App_Task_GprsRadio_10:
   \   00000188   0x....             LDR.N    R0,??DataTable3_18
   \   0000018A   0x7800             LDRB     R0,[R0, #+0]
   \   0000018C   0x2800             CMP      R0,#+0
   \   0000018E   0xD00E             BEQ.N    ??App_Task_GprsRadio_13
    171              {
    172                if(g_Debug.Footstep)	DebugMsg("3");
   \   00000190   0x....             LDR.N    R0,??DataTable3_26
   \   00000192   0x7840             LDRB     R0,[R0, #+1]
   \   00000194   0x2800             CMP      R0,#+0
   \   00000196   0xD002             BEQ.N    ??App_Task_GprsRadio_14
   \   00000198   0x....             ADR.N    R0,??DataTable3_3  ;; "3"
   \   0000019A   0x.... 0x....      BL       DebugMsg
    173                //定时器计时器初始化
    174                Init_Timer_Flag();
   \                     ??App_Task_GprsRadio_14:
   \   0000019E   0x.... 0x....      BL       Init_Timer_Flag
    175                //全局变量初始化
    176                Init_Global_Parameter();
   \   000001A2   0x.... 0x....      BL       Init_Global_Parameter
    177                //获取设置参数
    178                Get_System_Infor();
   \   000001A6   0x.... 0x....      BL       Get_System_Infor
    179                
    180                //通讯模块硬件初始化
    181                Init_Communication_Module_Hardware(); //edit 2012.09.18
   \   000001AA   0x.... 0x....      BL       Init_Communication_Module_Hardware
    182              }
    183              
    184            
    185              
    186              OSTimeDlyHMSM(0, 0, 0, 50);    //heyunchun from 50 to 10
   \                     ??App_Task_GprsRadio_13:
   \   000001AE   0x2332             MOVS     R3,#+50
   \   000001B0   0x2200             MOVS     R2,#+0
   \   000001B2   0x2100             MOVS     R1,#+0
   \   000001B4   0x2000             MOVS     R0,#+0
   \   000001B6   0x.... 0x....      BL       OSTimeDlyHMSM
   \   000001BA   0xE742             B.N      ??App_Task_GprsRadio_2
    187            }
    188          }

   \                                 In section .bss, align 1
   \                     ??gprs_stat:
   \   00000000                      DS8 1
    189          
    190          
    191          //通过GPRS发送数据

   \                                 In section .text, align 2, keep-with-next
    192          void SendDataByGPRS(unsigned char DataType,unsigned char *Data, unsigned short Length)
    193          {
   \                     SendDataByGPRS:
   \   00000000   0xB570             PUSH     {R4-R6,LR}
   \   00000002   0x0004             MOVS     R4,R0
   \   00000004   0x000D             MOVS     R5,R1
   \   00000006   0x0016             MOVS     R6,R2
    194            if(Telit_Connection_State == T_CORS_ANALYSIS)
   \   00000008   0x....             LDR.N    R0,??DataTable3_13
   \   0000000A   0x7800             LDRB     R0,[R0, #+0]
   \   0000000C   0x2810             CMP      R0,#+16
   \   0000000E   0xD10B             BNE.N    ??SendDataByGPRS_0
    195            {
    196              if(CORS.TCP_Connected_Flag == 1)
   \   00000010   0x....             LDR.N    R0,??DataTable3_12
   \   00000012   0xF890 0x03E9      LDRB     R0,[R0, #+1001]
   \   00000016   0x2801             CMP      R0,#+1
   \   00000018   0xD106             BNE.N    ??SendDataByGPRS_0
    197              {
    198                SendData_To_Communication_Module(PORT_ID_GPRS,Data,Length,0);
   \   0000001A   0x2300             MOVS     R3,#+0
   \   0000001C   0x0032             MOVS     R2,R6
   \   0000001E   0xB292             UXTH     R2,R2            ;; ZeroExt  R2,R2,#+16,#+16
   \   00000020   0x0029             MOVS     R1,R5
   \   00000022   0x2001             MOVS     R0,#+1
   \   00000024   0x.... 0x....      BL       SendData_To_Communication_Module
    199                //LedCtrlNetOk();
    200              }
    201            }
    202          }
   \                     ??SendDataByGPRS_0:
   \   00000028   0xBD70             POP      {R4-R6,PC}       ;; return
    203          
    204          //回复华测命令

   \                                 In section .text, align 2, keep-with-next
    205          void ReplyHuaceMsg(UINT8 TargetId, UINT32 MsgId_hc, UINT8 *pBuf, UINT16 Len)
    206          {
   \                     ReplyHuaceMsg:
   \   00000000   0xB5F8             PUSH     {R3-R7,LR}
   \   00000002   0x0004             MOVS     R4,R0
   \   00000004   0x000D             MOVS     R5,R1
   \   00000006   0x0016             MOVS     R6,R2
   \   00000008   0x001F             MOVS     R7,R3
    207            if(TargetId == 1)//发往串口
   \   0000000A   0xB2E4             UXTB     R4,R4            ;; ZeroExt  R4,R4,#+24,#+24
   \   0000000C   0x2C01             CMP      R4,#+1
   \   0000000E   0xD107             BNE.N    ??ReplyHuaceMsg_0
    208            {
    209              SendOutMsgByHuace(&g_DeviceCOM, MsgId_hc, pBuf, Len);
   \   00000010   0x003B             MOVS     R3,R7
   \   00000012   0xB29B             UXTH     R3,R3            ;; ZeroExt  R3,R3,#+16,#+16
   \   00000014   0x0032             MOVS     R2,R6
   \   00000016   0x0029             MOVS     R1,R5
   \   00000018   0x....             LDR.N    R0,??DataTable3_34
   \   0000001A   0x.... 0x....      BL       SendOutMsgByHuace
   \   0000001E   0xE009             B.N      ??ReplyHuaceMsg_1
    210            }
    211            else if(TargetId == 3)//发往蓝牙
   \                     ??ReplyHuaceMsg_0:
   \   00000020   0xB2E4             UXTB     R4,R4            ;; ZeroExt  R4,R4,#+24,#+24
   \   00000022   0x2C03             CMP      R4,#+3
   \   00000024   0xD106             BNE.N    ??ReplyHuaceMsg_1
    212            {
    213              SendOutMsgByHuace(&g_DeviceBT,  MsgId_hc, pBuf, Len);
   \   00000026   0x003B             MOVS     R3,R7
   \   00000028   0xB29B             UXTH     R3,R3            ;; ZeroExt  R3,R3,#+16,#+16
   \   0000002A   0x0032             MOVS     R2,R6
   \   0000002C   0x0029             MOVS     R1,R5
   \   0000002E   0x....             LDR.N    R0,??DataTable3_35
   \   00000030   0x.... 0x....      BL       SendOutMsgByHuace
    214            }
    215          }
   \                     ??ReplyHuaceMsg_1:
   \   00000034   0xBDF1             POP      {R0,R4-R7,PC}    ;; return

   \                                 In section .text, align 4, keep-with-next
   \                     ??DataTable3:
   \   00000000   0x35 0x00          DC8      "5",0x0,0x0
   \              0x00 0x00    

   \                                 In section .text, align 4, keep-with-next
   \                     ??DataTable3_1:
   \   00000000   0x34 0x00          DC8      "4",0x0,0x0
   \              0x00 0x00    

   \                                 In section .text, align 4, keep-with-next
   \                     ??DataTable3_2:
   \   00000000   0x32 0x00          DC8      "2",0x0,0x0
   \              0x00 0x00    

   \                                 In section .text, align 4, keep-with-next
   \                     ??DataTable3_3:
   \   00000000   0x33 0x00          DC8      "3",0x0,0x0
   \              0x00 0x00    

   \                                 In section .text, align 4, keep-with-next
   \                     ??DataTable3_4:
   \   00000000   0x........         DC32     gprs_initing

   \                                 In section .text, align 4, keep-with-next
   \                     ??DataTable3_5:
   \   00000000   0x........         DC32     g_RtuStatus

   \                                 In section .text, align 4, keep-with-next
   \                     ??DataTable3_6:
   \   00000000   0x........         DC32     g_RtuConfig

   \                                 In section .text, align 4, keep-with-next
   \                     ??DataTable3_7:
   \   00000000   0x........         DC32     SYS

   \                                 In section .text, align 4, keep-with-next
   \                     ??DataTable3_8:
   \   00000000   0x........         DC32     `?<Constant "CMNET">`

   \                                 In section .text, align 4, keep-with-next
   \                     ??DataTable3_9:
   \   00000000   0x........         DC32     SYS+0x21

   \                                 In section .text, align 4, keep-with-next
   \                     ??DataTable3_10:
   \   00000000   0x........         DC32     `?<Constant "%d.%d.%d.%d">`

   \                                 In section .text, align 4, keep-with-next
   \                     ??DataTable3_11:
   \   00000000   0x........         DC32     SYS+0x81

   \                                 In section .text, align 4, keep-with-next
   \                     ??DataTable3_12:
   \   00000000   0x........         DC32     CORS

   \                                 In section .text, align 4, keep-with-next
   \                     ??DataTable3_13:
   \   00000000   0x........         DC32     Telit_Connection_State

   \                                 In section .text, align 4, keep-with-next
   \                     ??DataTable3_14:
   \   00000000   0x........         DC32     g_bMoudule_Initialized_Flag

   \                                 In section .text, align 4, keep-with-next
   \                     ??DataTable3_15:
   \   00000000   0x........         DC32     Common_Connection_State

   \                                 In section .text, align 4, keep-with-next
   \                     ??DataTable3_16:
   \   00000000   0x........         DC32     Module_Type

   \                                 In section .text, align 4, keep-with-next
   \                     ??DataTable3_17:
   \   00000000   0x........         DC32     `?<Constant "init power ...... \\r\\n">`

   \                                 In section .text, align 4, keep-with-next
   \                     ??DataTable3_18:
   \   00000000   0x........         DC32     g_bModuleRestartFlag

   \                                 In section .text, align 4, keep-with-next
   \                     ??DataTable3_19:
   \   00000000   0x........         DC32     `?<Constant "init power ...... OK\\r\\n">`

   \                                 In section .text, align 4, keep-with-next
   \                     ??DataTable3_20:
   \   00000000   0x........         DC32     TaskGo

   \                                 In section .text, align 4, keep-with-next
   \                     ??DataTable3_21:
   \   00000000   0x........         DC32     `?<Constant "start task gprs -----...">`

   \                                 In section .text, align 4, keep-with-next
   \                     ??DataTable3_22:
   \   00000000   0x........         DC32     ??gprs_stat

   \                                 In section .text, align 4, keep-with-next
   \                     ??DataTable3_23:
   \   00000000   0x........         DC32     Current_State

   \                                 In section .text, align 4, keep-with-next
   \                     ??DataTable3_24:
   \   00000000   0x........         DC32     `?<Constant "------%d\\r\\n">`

   \                                 In section .text, align 4, keep-with-next
   \                     ??DataTable3_25:
   \   00000000   0x........         DC32     `?<Constant "TCP CONNECT OK!,%04d%...">`

   \                                 In section .text, align 4, keep-with-next
   \                     ??DataTable3_26:
   \   00000000   0x........         DC32     g_Debug

   \                                 In section .text, align 4, keep-with-next
   \                     ??DataTable3_27:
   \   00000000   0x........         DC32     Module_Data_WrSp

   \                                 In section .text, align 4, keep-with-next
   \                     ??DataTable3_28:
   \   00000000   0x........         DC32     Module_Data_RdSp

   \                                 In section .text, align 4, keep-with-next
   \                     ??DataTable3_29:
   \   00000000   0x........         DC32     Module_Data_Buffer

   \                                 In section .text, align 4, keep-with-next
   \                     ??DataTable3_30:
   \   00000000   0x........         DC32     g_DeviceGPRS

   \                                 In section .text, align 4, keep-with-next
   \                     ??DataTable3_31:
   \   00000000   0x........         DC32     HcMsgGprs

   \                                 In section .text, align 4, keep-with-next
   \                     ??DataTable3_32:
   \   00000000   0x........         DC32     g_DeviceGPRS+0x1A

   \                                 In section .text, align 4, keep-with-next
   \                     ??DataTable3_33:
   \   00000000   0x........         DC32     `?<Constant "DOG_HEART_TIME out!\\r\\n">`

   \                                 In section .text, align 4, keep-with-next
   \                     ??DataTable3_34:
   \   00000000   0x........         DC32     g_DeviceCOM

   \                                 In section .text, align 4, keep-with-next
   \                     ??DataTable3_35:
   \   00000000   0x........         DC32     g_DeviceBT

   \                                 In section .rodata, align 4
   \                     `?<Constant "CMNET">`:
   \   00000000   0x43 0x4D          DC8 "CMNET"
   \              0x4E 0x45    
   \              0x54 0x00    
   \   00000006   0x00 0x00          DC8 0, 0

   \                                 In section .rodata, align 4
   \                     `?<Constant "%d.%d.%d.%d">`:
   \   00000000   0x25 0x64          DC8 "%d.%d.%d.%d"
   \              0x2E 0x25    
   \              0x64 0x2E    
   \              0x25 0x64    
   \              0x2E 0x25    
   \              0x64 0x00    

   \                                 In section .rodata, align 4
   \                     `?<Constant "init power ...... \\r\\n">`:
   \   00000000   0x69 0x6E          DC8 "init power ...... \015\012"
   \              0x69 0x74    
   \              0x20 0x70    
   \              0x6F 0x77    
   \              0x65 0x72    
   \              0x20 0x2E    
   \              0x2E 0x2E    
   \              0x2E 0x2E    
   \              0x2E 0x20    
   \              0x0D 0x0A    
   \              0x00         
   \   00000015   0x00 0x00          DC8 0, 0, 0
   \              0x00         

   \                                 In section .rodata, align 4
   \                     `?<Constant "init power ...... OK\\r\\n">`:
   \   00000000   0x69 0x6E          DC8 "init power ...... OK\015\012"
   \              0x69 0x74    
   \              0x20 0x70    
   \              0x6F 0x77    
   \              0x65 0x72    
   \              0x20 0x2E    
   \              0x2E 0x2E    
   \              0x2E 0x2E    
   \              0x2E 0x20    
   \              0x4F 0x4B    
   \              0x0D 0x0A    
   \              0x00         
   \   00000017   0x00               DC8 0

   \                                 In section .rodata, align 4
   \                     `?<Constant "start task gprs -----...">`:
   \   00000000   0x73 0x74          DC8 "start task gprs ------------\015\012"
   \              0x61 0x72    
   \              0x74 0x20    
   \              0x74 0x61    
   \              0x73 0x6B    
   \              0x20 0x67    
   \              0x70 0x72    
   \              0x73 0x20    
   \              0x2D 0x2D    
   \              0x2D 0x2D    
   \              0x2D 0x2D    
   \              0x2D 0x2D    
   \              0x2D 0x2D    
   \              0x2D 0x2D    
   \              0x0D 0x0A    
   \              0x00         
   \   0000001F   0x00               DC8 0

   \                                 In section .rodata, align 4
   \                     `?<Constant "------%d\\r\\n">`:
   \   00000000   0x2D 0x2D          DC8 "------%d\015\012"
   \              0x2D 0x2D    
   \              0x2D 0x2D    
   \              0x25 0x64    
   \              0x0D 0x0A    
   \              0x00         
   \   0000000B   0x00               DC8 0

   \                                 In section .rodata, align 4
   \                     `?<Constant "TCP CONNECT OK!,%04d%...">`:
   \   00000000   0x54 0x43          DC8 "TCP CONNECT OK!,%04d%02d%02d-%02d%02d%02d\015\012"
   \              0x50 0x20    
   \              0x43 0x4F    
   \              0x4E 0x4E    
   \              0x45 0x43    
   \              0x54 0x20    
   \              0x4F 0x4B    
   \              0x21 0x2C    
   \              0x25 0x30    
   \              0x34 0x64    
   \              0x25 0x30    
   \              0x32 0x64    
   \              0x25 0x30    
   \              0x32 0x64    
   \              0x2D 0x25    
   \              0x30 0x32    
   \              0x64 0x25    
   \              0x30 0x32    
   \              0x64 0x25    
   \              0x30 0x32    
   \              0x64 0x0D    
   \              0x0A 0x00    

   \                                 In section .rodata, align 2
   \   00000000   0x35 0x00          DC8 "5"

   \                                 In section .rodata, align 2
   \   00000000   0x34 0x00          DC8 "4"

   \                                 In section .rodata, align 2
   \   00000000   0x32 0x00          DC8 "2"

   \                                 In section .rodata, align 4
   \                     `?<Constant "DOG_HEART_TIME out!\\r\\n">`:
   \   00000000   0x44 0x4F          DC8 "DOG_HEART_TIME out!\015\012"
   \              0x47 0x5F    
   \              0x48 0x45    
   \              0x41 0x52    
   \              0x54 0x5F    
   \              0x54 0x49    
   \              0x4D 0x45    
   \              0x20 0x6F    
   \              0x75 0x74    
   \              0x21 0x0D    
   \              0x0A 0x00    
   \   00000016   0x00 0x00          DC8 0, 0

   \                                 In section .rodata, align 2
   \   00000000   0x33 0x00          DC8 "3"
    216          
    217          

   Maximum stack usage in bytes:

   .cstack Function
   ------- --------
     152   App_Task_GprsRadio
       152   -> BSP_SerInit
       152   -> DebugMsg
       152   -> Get_System_Infor
       152   -> Get_Telit_Current_State
       152   -> GprsSoftReset
       152   -> Init_Communication_Module_Hardware
       152   -> Init_Global_Parameter
       152   -> Init_Timer_Flag
       152   -> OSTimeDlyHMSM
       152   -> ProcessData_From_Telit_Module
       152   -> ProcessData_HUACE
       152   -> Process_Communication_Module_Exception
       152   -> rtc_get_time
       152   -> sprintf
      32   GprsSoftReset
        32   -> DebugMsg
        32   -> GPIO_OutputValue
        32   -> Init_Global_Parameter
        32   -> Init_Network_Module_Hardware
        32   -> Init_Timer0
        32   -> Init_Timer_Flag
        32   -> OSTimeDlyHMSM
        32   -> sprintf
        32   -> strcpy
        32   -> strlen
      24   ReplyHuaceMsg
        24   -> SendOutMsgByHuace
      16   SendDataByGPRS
        16   -> SendData_To_Communication_Module


   Section sizes:

   Bytes  Function/Label
   -----  --------------
      12  ?<Constant "%d.%d.%d.%d">
      12  ?<Constant "------%d\r\n">
       2  ?<Constant "2">
       2  ?<Constant "3">
       2  ?<Constant "4">
       2  ?<Constant "5">
       8  ?<Constant "CMNET">
      24  ?<Constant "DOG_HEART_TIME out!\r\n">
      44  ?<Constant "TCP CONNECT OK!,%04d%...">
      24  ?<Constant "init power ...... OK\r\n">
      24  ?<Constant "init power ...... \r\n">
      32  ?<Constant "start task gprs -----...">
       4  ??DataTable3
       4  ??DataTable3_1
       4  ??DataTable3_10
       4  ??DataTable3_11
       4  ??DataTable3_12
       4  ??DataTable3_13
       4  ??DataTable3_14
       4  ??DataTable3_15
       4  ??DataTable3_16
       4  ??DataTable3_17
       4  ??DataTable3_18
       4  ??DataTable3_19
       4  ??DataTable3_2
       4  ??DataTable3_20
       4  ??DataTable3_21
       4  ??DataTable3_22
       4  ??DataTable3_23
       4  ??DataTable3_24
       4  ??DataTable3_25
       4  ??DataTable3_26
       4  ??DataTable3_27
       4  ??DataTable3_28
       4  ??DataTable3_29
       4  ??DataTable3_3
       4  ??DataTable3_30
       4  ??DataTable3_31
       4  ??DataTable3_32
       4  ??DataTable3_33
       4  ??DataTable3_34
       4  ??DataTable3_35
       4  ??DataTable3_4
       4  ??DataTable3_5
       4  ??DataTable3_6
       4  ??DataTable3_7
       4  ??DataTable3_8
       4  ??DataTable3_9
     444  App_Task_GprsRadio
     298  GprsSoftReset
       8  HcMsgGprs
      54  ReplyHuaceMsg
      42  SendDataByGPRS
       1  gprs_initing
       1  gprs_stat

 
  10 bytes in section .bss
 188 bytes in section .rodata
 982 bytes in section .text
 
 982 bytes of CODE  memory
 188 bytes of CONST memory
  10 bytes of DATA  memory

Errors: none
Warnings: 2
