###############################################################################
#                                                                             #
# IAR ANSI C/C++ Compiler V6.50.6.4896/W32 for ARM      11/Apr/2017  11:24:21 #
# Copyright 1999-2013 IAR Systems AB.                                         #
#                                                                             #
#    Cpu mode     =  thumb                                                    #
#    Endian       =  little                                                   #
#    Source file  =  D:\wangfan2\桌面\RTU_1.3\HuaceApp\DEVICE_BT\Device_BT.c  #
#    Command line =  D:\wangfan2\桌面\RTU_1.3\HuaceApp\DEVICE_BT\Device_BT.c  #
#                    -lCN D:\wangfan2\桌面\RTU_1.3\project\iar\Debug\List\    #
#                    -o D:\wangfan2\桌面\RTU_1.3\project\iar\Debug\Obj\       #
#                    --no_cse --no_unroll --no_inline --no_code_motion        #
#                    --no_tbaa --no_clustering --no_scheduling --debug        #
#                    --endian=little --cpu=Cortex-M3 -e --fpu=None            #
#                    --dlib_config "C:\Program Files (x86)\IAR                #
#                    Systems\Embedded Workbench 6.5_2\arm\INC\c\DLib_Config_F #
#                    ull.h" -I D:\wangfan2\桌面\RTU_1.3\project\iar\ -I       #
#                    D:\wangfan2\桌面\RTU_1.3\project\iar\..\..\BSP\ -I       #
#                    D:\wangfan2\桌面\RTU_1.3\project\iar\..\..\BSP\ADC\ -I   #
#                    D:\wangfan2\桌面\RTU_1.3\project\iar\..\..\BSP\RTC\ -I   #
#                    D:\wangfan2\桌面\RTU_1.3\project\iar\..\..\BSP\TILT\ -I  #
#                    D:\wangfan2\桌面\RTU_1.3\project\iar\..\..\BSP\RDLevel\  #
#                    -I D:\wangfan2\桌面\RTU_1.3\project\iar\..\..\BSP\RS232\ #
#                     -I D:\wangfan2\桌面\RTU_1.3\project\iar\..\..\BSP\OS-v2 #
#                    \ -I D:\wangfan2\桌面\RTU_1.3\project\iar\..\..\BSP\Vibr #
#                    ationString\ -I D:\wangfan2\桌面\RTU_1.3\project\iar\..\ #
#                    ..\ucos2\uCOS-II\Ports\ARM-Cortex-M3\Generic\IAR\ -I     #
#                    D:\wangfan2\桌面\RTU_1.3\project\iar\..\..\ucos2\uCOS-II #
#                    \Source\ -I D:\wangfan2\桌面\RTU_1.3\project\iar\..\..\u #
#                    cos2\uC-LIB\ -I D:\wangfan2\桌面\RTU_1.3\project\iar\..\ #
#                    ..\ucos2\uC-CPU\ -I D:\wangfan2\桌面\RTU_1.3\project\iar #
#                    \..\..\ucos2\uC-CPU\ARM-Cortex-M3\IAR\ -I                #
#                    D:\wangfan2\桌面\RTU_1.3\project\iar\..\..\cmsis\Drivers #
#                    \source\ -I D:\wangfan2\桌面\RTU_1.3\project\iar\..\..\c #
#                    msis\Drivers\include\ -I D:\wangfan2\桌面\RTU_1.3\projec #
#                    t\iar\..\..\app\ -I D:\wangfan2\桌面\RTU_1.3\project\iar #
#                    \..\..\uC-Probe\Target\Plugins\uCOS-II\ -I               #
#                    D:\wangfan2\桌面\RTU_1.3\project\iar\..\..\uC-Probe\Targ #
#                    et\Demos\Intro\Workspaces\ -I                            #
#                    D:\wangfan2\桌面\RTU_1.3\project\iar\..\..\uC-Probe\Targ #
#                    et\Demos\Intro\Source\ -I D:\wangfan2\桌面\RTU_1.3\proje #
#                    ct\iar\..\..\uC-Probe\Target\Communication\Generic\Sourc #
#                    e\ -I D:\wangfan2\桌面\RTU_1.3\project\iar\..\..\uC-Prob #
#                    e\Target\Communication\Generic\RS-232\Source\ -I         #
#                    D:\wangfan2\桌面\RTU_1.3\project\iar\..\..\uC-Probe\Targ #
#                    et\Communication\Generic\RS-232\Ports\NXP\LPC17xx\ -I    #
#                    D:\wangfan2\桌面\RTU_1.3\project\iar\..\..\uC-Probe\Targ #
#                    et\Communication\Generic\RS-232\OS\uCOS-II\ -I           #
#                    D:\wangfan2\桌面\RTU_1.3\project\iar\..\..\cmsis\Core\CM #
#                    3\CoreSupport\ -I D:\wangfan2\桌面\RTU_1.3\project\iar\. #
#                    .\..\cmsis\Core\CM3\DeviceSupport\NXP\LPC177x_8x\ -I     #
#                    D:\wangfan2\桌面\RTU_1.3\project\iar\..\..\HuaceApp\ -I  #
#                    D:\wangfan2\桌面\RTU_1.3\project\iar\..\..\HuaceApp\DEVI #
#                    CE_BT\ -I D:\wangfan2\桌面\RTU_1.3\project\iar\..\..\Hua #
#                    ceApp\DEVICE_COM\ -I D:\wangfan2\桌面\RTU_1.3\project\ia #
#                    r\..\..\HuaceApp\DEVICE_GPRS\ -I                         #
#                    D:\wangfan2\桌面\RTU_1.3\project\iar\..\..\HuaceApp\DEVI #
#                    CE_GPS\ -I D:\wangfan2\桌面\RTU_1.3\project\iar\..\..\Hu #
#                    aceApp\DEVICE_RADIO\ -I D:\wangfan2\桌面\RTU_1.3\project #
#                    \iar\..\..\HuaceApp\iap\ -I                              #
#                    D:\wangfan2\桌面\RTU_1.3\project\iar\..\..\FatFs\ -I     #
#                    D:\wangfan2\桌面\RTU_1.3\project\iar\..\..\USB\ -I       #
#                    D:\wangfan2\桌面\RTU_1.3\project\iar\..\..\bsp\spi_flash #
#                    \ -I D:\wangfan2\桌面\RTU_1.3\project\iar\..\..\HuaceApp #
#                    \LED\ -On --use_c++_inline                               #
#    List file    =  D:\wangfan2\桌面\RTU_1.3\project\iar\Debug\List\Device_B #
#                    T.lst                                                    #
#    Object file  =  D:\wangfan2\桌面\RTU_1.3\project\iar\Debug\Obj\Device_BT #
#                    .o                                                       #
#                                                                             #
#                                                                             #
###############################################################################

D:\wangfan2\桌面\RTU_1.3\HuaceApp\DEVICE_BT\Device_BT.c
      1          /**************************Copyright (C) 2003-2014. All rights reserved*********************************
      2          **                                  上海华测导航科技有限公司
      3          **                                  http://www.huace.cn
      4          **                                  Email:support@huace.cn
      5          **
      6          **--------------文件信息--------------------------------------------------------------------------------
      7          **文   件   名: Device_BT.c
      8          **创   建   人:
      9          **最后修改日期: 2014年08月12日
     10          **描        述: 蓝牙初始化，数据处理
     11          ********************************************************************************************************/
     12          
     13          #include "includes.h"

   \                                 In section .text, align 2
   \   __intrinsic __nounwind __interwork __softfp void *memset(void *, int, size_t)
   \                     memset:
   \   00000000   0xB570             PUSH     {R4-R6,LR}
   \   00000002   0x0004             MOVS     R4,R0
   \   00000004   0x000D             MOVS     R5,R1
   \   00000006   0x0016             MOVS     R6,R2
   \   00000008   0x002A             MOVS     R2,R5
   \   0000000A   0x0031             MOVS     R1,R6
   \   0000000C   0x0020             MOVS     R0,R4
   \   0000000E   0x.... 0x....      BL       __aeabi_memset
   \   00000012   0x0020             MOVS     R0,R4
   \   00000014   0xBD70             POP      {R4-R6,PC}       ;; return
     14          
     15          //struct HC_MSG HcMsgCom;	
     16          

   \                                 In section .text, align 2, keep-with-next
     17          static UINT8 data_send_out(struct DATA_STRUCT *dat)
     18          {
   \                     data_send_out:
   \   00000000   0xB570             PUSH     {R4-R6,LR}
   \   00000002   0xB0A0             SUB      SP,SP,#+128
   \   00000004   0x0004             MOVS     R4,R0
     19              char msg_buf[100];
     20              char crc;
     21              int i;
     22              
     23              if((dat->y < 2015) || (dat->y > 2100))
   \   00000006   0x8820             LDRH     R0,[R4, #+0]
   \   00000008   0xF240 0x71DF      MOVW     R1,#+2015
   \   0000000C   0x4288             CMP      R0,R1
   \   0000000E   0xDB04             BLT.N    ??data_send_out_0
   \   00000010   0x8820             LDRH     R0,[R4, #+0]
   \   00000012   0xF640 0x0135      MOVW     R1,#+2101
   \   00000016   0x4288             CMP      R0,R1
   \   00000018   0xDB1D             BLT.N    ??data_send_out_1
     24              {
     25                  DebugMsg("data_send_out dat_tm err !!!\r\n");
   \                     ??data_send_out_0:
   \   0000001A   0x.... 0x....      LDR.W    R0,??DataTable3
   \   0000001E   0x.... 0x....      BL       DebugMsg
     26                  
     27                  g_RtuConfig.addr_rd = g_RtuConfig.addr_wr;
   \   00000022   0x.... 0x....      LDR.W    R0,??DataTable3_1
   \   00000026   0x.... 0x....      LDR.W    R1,??DataTable3_1
   \   0000002A   0x6989             LDR      R1,[R1, #+24]
   \   0000002C   0x61C1             STR      R1,[R0, #+28]
     28                  addr_read =  g_RtuConfig.addr_rd;
   \   0000002E   0x.... 0x....      LDR.W    R0,??DataTable3_1
   \   00000032   0x69C0             LDR      R0,[R0, #+28]
   \   00000034   0x.... 0x....      LDR.W    R1,??DataTable3_2
   \   00000038   0x6008             STR      R0,[R1, #+0]
     29                  addr_write = g_RtuConfig.addr_wr;
   \   0000003A   0x.... 0x....      LDR.W    R0,??DataTable3_1
   \   0000003E   0x6980             LDR      R0,[R0, #+24]
   \   00000040   0x.... 0x....      LDR.W    R1,??DataTable3_3
   \   00000044   0x6008             STR      R0,[R1, #+0]
     30                   LPC_RTC->GPREG2 = g_RtuConfig.addr_rd;
   \   00000046   0x.... 0x....      LDR.W    R0,??DataTable3_1
   \   0000004A   0x69C0             LDR      R0,[R0, #+28]
   \   0000004C   0x.... 0x....      LDR.W    R1,??DataTable3_4  ;; 0x4002404c
   \   00000050   0x6008             STR      R0,[R1, #+0]
     31                  return 1;
   \   00000052   0x2001             MOVS     R0,#+1
   \   00000054   0xE09E             B.N      ??data_send_out_2
     32              }
     33              if(strlen(dat->data) > 42)
   \                     ??data_send_out_1:
   \   00000056   0xF114 0x0008      ADDS     R0,R4,#+8
   \   0000005A   0x.... 0x....      BL       strlen
   \   0000005E   0x282B             CMP      R0,#+43
   \   00000060   0xD305             BCC.N    ??data_send_out_3
     34              {
     35                  DebugMsg("data_send_out dat_data err !!!\r\n");
   \   00000062   0x.... 0x....      LDR.W    R0,??DataTable3_5
   \   00000066   0x.... 0x....      BL       DebugMsg
     36                  return 1;
   \   0000006A   0x2001             MOVS     R0,#+1
   \   0000006C   0xE092             B.N      ??data_send_out_2
     37              }
     38              
     39              
     40              sprintf(msg_buf,"$0,%s,%04d%02d%02d,%02d%02d%02d,%d,,%s,*",\
     41                  g_RtuConfig.rtuid,dat->y,dat->m,dat->d, dat->H,dat->M,dat->S,\
     42                      dat->type,\
     43                      dat->data);
   \                     ??data_send_out_3:
   \   0000006E   0xF114 0x0008      ADDS     R0,R4,#+8
   \   00000072   0x9006             STR      R0,[SP, #+24]
   \   00000074   0x79E0             LDRB     R0,[R4, #+7]
   \   00000076   0x9005             STR      R0,[SP, #+20]
   \   00000078   0x79A0             LDRB     R0,[R4, #+6]
   \   0000007A   0x9004             STR      R0,[SP, #+16]
   \   0000007C   0x7960             LDRB     R0,[R4, #+5]
   \   0000007E   0x9003             STR      R0,[SP, #+12]
   \   00000080   0x7920             LDRB     R0,[R4, #+4]
   \   00000082   0x9002             STR      R0,[SP, #+8]
   \   00000084   0x78E0             LDRB     R0,[R4, #+3]
   \   00000086   0x9001             STR      R0,[SP, #+4]
   \   00000088   0x78A0             LDRB     R0,[R4, #+2]
   \   0000008A   0x9000             STR      R0,[SP, #+0]
   \   0000008C   0x8823             LDRH     R3,[R4, #+0]
   \   0000008E   0x.... 0x....      LDR.W    R2,??DataTable3_6
   \   00000092   0x.... 0x....      LDR.W    R1,??DataTable3_7
   \   00000096   0xA807             ADD      R0,SP,#+28
   \   00000098   0x.... 0x....      BL       sprintf
     44              crc = 0;
   \   0000009C   0x2000             MOVS     R0,#+0
   \   0000009E   0x0005             MOVS     R5,R0
     45              for(i=0; i<strlen(msg_buf); i++)
   \   000000A0   0x2000             MOVS     R0,#+0
   \   000000A2   0x0006             MOVS     R6,R0
   \                     ??data_send_out_4:
   \   000000A4   0xA807             ADD      R0,SP,#+28
   \   000000A6   0x.... 0x....      BL       strlen
   \   000000AA   0x4286             CMP      R6,R0
   \   000000AC   0xD204             BCS.N    ??data_send_out_5
     46                  crc^=msg_buf[i];
   \   000000AE   0xA807             ADD      R0,SP,#+28
   \   000000B0   0x5C30             LDRB     R0,[R6, R0]
   \   000000B2   0x4045             EORS     R5,R0,R5
   \   000000B4   0x1C76             ADDS     R6,R6,#+1
   \   000000B6   0xE7F5             B.N      ??data_send_out_4
     47              sprintf(msg_buf, "%s%02X\r\n", msg_buf, crc);
   \                     ??data_send_out_5:
   \   000000B8   0xB2ED             UXTB     R5,R5            ;; ZeroExt  R5,R5,#+24,#+24
   \   000000BA   0x002B             MOVS     R3,R5
   \   000000BC   0xAA07             ADD      R2,SP,#+28
   \   000000BE   0x.... 0x....      LDR.W    R1,??DataTable3_8
   \   000000C2   0xA807             ADD      R0,SP,#+28
   \   000000C4   0x.... 0x....      BL       sprintf
     48              
     49             
     50              if(g_RtuConfig.commod == 1)//bd
   \   000000C8   0x.... 0x....      LDR.W    R0,??DataTable3_1
   \   000000CC   0x7800             LDRB     R0,[R0, #+0]
   \   000000CE   0x2801             CMP      R0,#+1
   \   000000D0   0xD115             BNE.N    ??data_send_out_6
     51              {
     52                  if(g_RtuStatus.bd == 1)
   \   000000D2   0x.... 0x....      LDR.W    R0,??DataTable3_9
   \   000000D6   0x7A40             LDRB     R0,[R0, #+9]
   \   000000D8   0x2801             CMP      R0,#+1
   \   000000DA   0xD10E             BNE.N    ??data_send_out_7
     53                  {
     54                       SetBD_TXSQ(msg_buf, strlen(msg_buf));
   \   000000DC   0xA807             ADD      R0,SP,#+28
   \   000000DE   0x.... 0x....      BL       strlen
   \   000000E2   0x0001             MOVS     R1,R0
   \   000000E4   0xB289             UXTH     R1,R1            ;; ZeroExt  R1,R1,#+16,#+16
   \   000000E6   0xA807             ADD      R0,SP,#+28
   \   000000E8   0x.... 0x....      BL       SetBD_TXSQ
     55                       g_RtuStatus.led_bd_st = 1;
   \   000000EC   0x.... 0x....      LDR.W    R0,??DataTable3_9
   \   000000F0   0x2101             MOVS     R1,#+1
   \   000000F2   0xF880 0x1035      STRB     R1,[R0, #+53]
     56                       //DebugMsg("bd send data \r\n");
     57                       return 1;
   \   000000F6   0x2001             MOVS     R0,#+1
   \   000000F8   0xE04C             B.N      ??data_send_out_2
     58                  }
     59                  else
     60                      return 0;
   \                     ??data_send_out_7:
   \   000000FA   0x2000             MOVS     R0,#+0
   \   000000FC   0xE04A             B.N      ??data_send_out_2
     61              }
     62              else if(g_RtuConfig.commod == 2)//gprs
   \                     ??data_send_out_6:
   \   000000FE   0x.... 0x....      LDR.W    R0,??DataTable3_1
   \   00000102   0x7800             LDRB     R0,[R0, #+0]
   \   00000104   0x2802             CMP      R0,#+2
   \   00000106   0xD116             BNE.N    ??data_send_out_8
     63              {
     64                  if(g_RtuStatus.gprs == 1)
   \   00000108   0x.... 0x....      LDR.W    R0,??DataTable3_9
   \   0000010C   0x7A00             LDRB     R0,[R0, #+8]
   \   0000010E   0x2801             CMP      R0,#+1
   \   00000110   0xD10F             BNE.N    ??data_send_out_9
     65                  {
     66                      SendDataByGPRS(0,msg_buf, strlen(msg_buf));
   \   00000112   0xA807             ADD      R0,SP,#+28
   \   00000114   0x.... 0x....      BL       strlen
   \   00000118   0x0002             MOVS     R2,R0
   \   0000011A   0xB292             UXTH     R2,R2            ;; ZeroExt  R2,R2,#+16,#+16
   \   0000011C   0xA907             ADD      R1,SP,#+28
   \   0000011E   0x2000             MOVS     R0,#+0
   \   00000120   0x.... 0x....      BL       SendDataByGPRS
     67                      g_RtuStatus.led_upload = 1;
   \   00000124   0x.... 0x....      LDR.W    R0,??DataTable3_9
   \   00000128   0x2101             MOVS     R1,#+1
   \   0000012A   0xF880 0x1036      STRB     R1,[R0, #+54]
     68                      return 1;
   \   0000012E   0x2001             MOVS     R0,#+1
   \   00000130   0xE030             B.N      ??data_send_out_2
     69                  }
     70                  else
     71                      return 0;
   \                     ??data_send_out_9:
   \   00000132   0x2000             MOVS     R0,#+0
   \   00000134   0xE02E             B.N      ??data_send_out_2
     72              }
     73              else if(g_RtuConfig.commod == 3)//auto
   \                     ??data_send_out_8:
   \   00000136   0x....             LDR.N    R0,??DataTable3_1
   \   00000138   0x7800             LDRB     R0,[R0, #+0]
   \   0000013A   0x2803             CMP      R0,#+3
   \   0000013C   0xD126             BNE.N    ??data_send_out_10
     74              {
     75                  if(g_RtuStatus.gprs == 1)//gprs
   \   0000013E   0x....             LDR.N    R0,??DataTable3_9
   \   00000140   0x7A00             LDRB     R0,[R0, #+8]
   \   00000142   0x2801             CMP      R0,#+1
   \   00000144   0xD10E             BNE.N    ??data_send_out_11
     76                  {
     77                      SendDataByGPRS(0,msg_buf, strlen(msg_buf));
   \   00000146   0xA807             ADD      R0,SP,#+28
   \   00000148   0x.... 0x....      BL       strlen
   \   0000014C   0x0002             MOVS     R2,R0
   \   0000014E   0xB292             UXTH     R2,R2            ;; ZeroExt  R2,R2,#+16,#+16
   \   00000150   0xA907             ADD      R1,SP,#+28
   \   00000152   0x2000             MOVS     R0,#+0
   \   00000154   0x.... 0x....      BL       SendDataByGPRS
     78                      g_RtuStatus.led_upload = 1;
   \   00000158   0x....             LDR.N    R0,??DataTable3_9
   \   0000015A   0x2101             MOVS     R1,#+1
   \   0000015C   0xF880 0x1036      STRB     R1,[R0, #+54]
     79                      return 1;
   \   00000160   0x2001             MOVS     R0,#+1
   \   00000162   0xE017             B.N      ??data_send_out_2
     80                  }
     81                  else if(g_RtuStatus.bd == 1)//bd
   \                     ??data_send_out_11:
   \   00000164   0x....             LDR.N    R0,??DataTable3_9
   \   00000166   0x7A40             LDRB     R0,[R0, #+9]
   \   00000168   0x2801             CMP      R0,#+1
   \   0000016A   0xD10D             BNE.N    ??data_send_out_12
     82                  {
     83                      SetBD_TXSQ(msg_buf, strlen(msg_buf));
   \   0000016C   0xA807             ADD      R0,SP,#+28
   \   0000016E   0x.... 0x....      BL       strlen
   \   00000172   0x0001             MOVS     R1,R0
   \   00000174   0xB289             UXTH     R1,R1            ;; ZeroExt  R1,R1,#+16,#+16
   \   00000176   0xA807             ADD      R0,SP,#+28
   \   00000178   0x.... 0x....      BL       SetBD_TXSQ
     84                      g_RtuStatus.led_bd_st = 1;
   \   0000017C   0x....             LDR.N    R0,??DataTable3_9
   \   0000017E   0x2101             MOVS     R1,#+1
   \   00000180   0xF880 0x1035      STRB     R1,[R0, #+53]
     85                      //DebugMsg("bd send data \r\n");
     86                      return 1;
   \   00000184   0x2001             MOVS     R0,#+1
   \   00000186   0xE005             B.N      ??data_send_out_2
     87                  }
     88                  else
     89                  {
     90                      //DebugMsg("no link !!!\r\n");
     91                      return 0; 
   \                     ??data_send_out_12:
   \   00000188   0x2000             MOVS     R0,#+0
   \   0000018A   0xE003             B.N      ??data_send_out_2
     92                  }
     93                      
     94              }
     95              else
     96              {
     97                  DebugMsg("config commod err!!!\r\n");
   \                     ??data_send_out_10:
   \   0000018C   0x....             LDR.N    R0,??DataTable3_10
   \   0000018E   0x.... 0x....      BL       DebugMsg
     98                  return 0;
   \   00000192   0x2000             MOVS     R0,#+0
   \                     ??data_send_out_2:
   \   00000194   0xB020             ADD      SP,SP,#+128
   \   00000196   0xBD70             POP      {R4-R6,PC}       ;; return
     99              }
    100              
    101              //SendOutHardware(PORT_ID_COM, msg_buf, strlen(msg_buf));
    102              //return 1;
    103          }

   \                                 In section .text, align 2, keep-with-next
    104          static void usr_uart_init()
    105          {
   \                     usr_uart_init:
   \   00000000   0xB538             PUSH     {R3-R5,LR}
    106              UINT8 usr_baud;
    107              UINT32 baud;
    108              usr_baud = g_RtuConfig.usr_baud;
   \   00000002   0x....             LDR.N    R0,??DataTable3_1
   \   00000004   0x7C80             LDRB     R0,[R0, #+18]
   \   00000006   0x0004             MOVS     R4,R0
    109              if(usr_baud == 1)
   \   00000008   0xB2E4             UXTB     R4,R4            ;; ZeroExt  R4,R4,#+24,#+24
   \   0000000A   0x2C01             CMP      R4,#+1
   \   0000000C   0xD103             BNE.N    ??usr_uart_init_0
    110                  baud = 4800;
   \   0000000E   0xF44F 0x5096      MOV      R0,#+4800
   \   00000012   0x0005             MOVS     R5,R0
   \   00000014   0xE021             B.N      ??usr_uart_init_1
    111              else if(usr_baud == 2)
   \                     ??usr_uart_init_0:
   \   00000016   0xB2E4             UXTB     R4,R4            ;; ZeroExt  R4,R4,#+24,#+24
   \   00000018   0x2C02             CMP      R4,#+2
   \   0000001A   0xD103             BNE.N    ??usr_uart_init_2
    112                  baud = 9600;
   \   0000001C   0xF44F 0x5016      MOV      R0,#+9600
   \   00000020   0x0005             MOVS     R5,R0
   \   00000022   0xE01A             B.N      ??usr_uart_init_1
    113              else if(usr_baud == 3)
   \                     ??usr_uart_init_2:
   \   00000024   0xB2E4             UXTB     R4,R4            ;; ZeroExt  R4,R4,#+24,#+24
   \   00000026   0x2C03             CMP      R4,#+3
   \   00000028   0xD103             BNE.N    ??usr_uart_init_3
    114                  baud = 19200;
   \   0000002A   0xF44F 0x4096      MOV      R0,#+19200
   \   0000002E   0x0005             MOVS     R5,R0
   \   00000030   0xE013             B.N      ??usr_uart_init_1
    115              else if(usr_baud == 4)
   \                     ??usr_uart_init_3:
   \   00000032   0xB2E4             UXTB     R4,R4            ;; ZeroExt  R4,R4,#+24,#+24
   \   00000034   0x2C04             CMP      R4,#+4
   \   00000036   0xD103             BNE.N    ??usr_uart_init_4
    116                  baud = 57600;
   \   00000038   0xF44F 0x4061      MOV      R0,#+57600
   \   0000003C   0x0005             MOVS     R5,R0
   \   0000003E   0xE00C             B.N      ??usr_uart_init_1
    117              else if(usr_baud == 5)
   \                     ??usr_uart_init_4:
   \   00000040   0xB2E4             UXTB     R4,R4            ;; ZeroExt  R4,R4,#+24,#+24
   \   00000042   0x2C05             CMP      R4,#+5
   \   00000044   0xD103             BNE.N    ??usr_uart_init_5
    118                  baud = 115200;
   \   00000046   0xF45F 0x30E1      MOVS     R0,#+115200
   \   0000004A   0x0005             MOVS     R5,R0
   \   0000004C   0xE005             B.N      ??usr_uart_init_1
    119              else if( usr_baud ==6)
   \                     ??usr_uart_init_5:
   \   0000004E   0xB2E4             UXTB     R4,R4            ;; ZeroExt  R4,R4,#+24,#+24
   \   00000050   0x2C06             CMP      R4,#+6
   \   00000052   0xD102             BNE.N    ??usr_uart_init_1
    120                baud = 38400;
   \   00000054   0xF44F 0x4016      MOV      R0,#+38400
   \   00000058   0x0005             MOVS     R5,R0
    121              
    122              BSP_SerInit(PORT_ID_COM, baud);
   \                     ??usr_uart_init_1:
   \   0000005A   0x0029             MOVS     R1,R5
   \   0000005C   0x2000             MOVS     R0,#+0
   \   0000005E   0x.... 0x....      BL       BSP_SerInit
    123             
    124          }
   \   00000062   0xBD31             POP      {R0,R4,R5,PC}    ;; return
    125          

   \                                 In section .text, align 2, keep-with-next
    126           void bd_uart_init()
    127          {
   \                     bd_uart_init:
   \   00000000   0xB538             PUSH     {R3-R5,LR}
    128              UINT8 usr_baud;
    129              UINT32 baud;
    130              usr_baud = bd_para.baud;
   \   00000002   0x....             LDR.N    R0,??DataTable3_11
   \   00000004   0x7A00             LDRB     R0,[R0, #+8]
   \   00000006   0x0004             MOVS     R4,R0
    131              if(usr_baud == 1)
   \   00000008   0xB2E4             UXTB     R4,R4            ;; ZeroExt  R4,R4,#+24,#+24
   \   0000000A   0x2C01             CMP      R4,#+1
   \   0000000C   0xD103             BNE.N    ??bd_uart_init_0
    132                  baud = 4800;
   \   0000000E   0xF44F 0x5096      MOV      R0,#+4800
   \   00000012   0x0005             MOVS     R5,R0
   \   00000014   0xE01E             B.N      ??bd_uart_init_1
    133              else if(usr_baud == 2)
   \                     ??bd_uart_init_0:
   \   00000016   0xB2E4             UXTB     R4,R4            ;; ZeroExt  R4,R4,#+24,#+24
   \   00000018   0x2C02             CMP      R4,#+2
   \   0000001A   0xD103             BNE.N    ??bd_uart_init_2
    134                  baud = 9600;
   \   0000001C   0xF44F 0x5016      MOV      R0,#+9600
   \   00000020   0x0005             MOVS     R5,R0
   \   00000022   0xE017             B.N      ??bd_uart_init_1
    135              else if(usr_baud == 3)
   \                     ??bd_uart_init_2:
   \   00000024   0xB2E4             UXTB     R4,R4            ;; ZeroExt  R4,R4,#+24,#+24
   \   00000026   0x2C03             CMP      R4,#+3
   \   00000028   0xD103             BNE.N    ??bd_uart_init_3
    136                  baud = 19200;
   \   0000002A   0xF44F 0x4096      MOV      R0,#+19200
   \   0000002E   0x0005             MOVS     R5,R0
   \   00000030   0xE010             B.N      ??bd_uart_init_1
    137              else if(usr_baud == 4)
   \                     ??bd_uart_init_3:
   \   00000032   0xB2E4             UXTB     R4,R4            ;; ZeroExt  R4,R4,#+24,#+24
   \   00000034   0x2C04             CMP      R4,#+4
   \   00000036   0xD103             BNE.N    ??bd_uart_init_4
    138                  baud = 57600;
   \   00000038   0xF44F 0x4061      MOV      R0,#+57600
   \   0000003C   0x0005             MOVS     R5,R0
   \   0000003E   0xE009             B.N      ??bd_uart_init_1
    139              else if(usr_baud == 5)
   \                     ??bd_uart_init_4:
   \   00000040   0xB2E4             UXTB     R4,R4            ;; ZeroExt  R4,R4,#+24,#+24
   \   00000042   0x2C05             CMP      R4,#+5
   \   00000044   0xD103             BNE.N    ??bd_uart_init_5
    140                  baud = 115200;
   \   00000046   0xF45F 0x30E1      MOVS     R0,#+115200
   \   0000004A   0x0005             MOVS     R5,R0
   \   0000004C   0xE002             B.N      ??bd_uart_init_1
    141              else
    142                  baud = 19200;
   \                     ??bd_uart_init_5:
   \   0000004E   0xF44F 0x4096      MOV      R0,#+19200
   \   00000052   0x0005             MOVS     R5,R0
    143              BSP_SerInit(PORT_ID_BT, baud);
   \                     ??bd_uart_init_1:
   \   00000054   0x0029             MOVS     R1,R5
   \   00000056   0x2003             MOVS     R0,#+3
   \   00000058   0x.... 0x....      BL       BSP_SerInit
    144             
    145          }
   \   0000005C   0xBD31             POP      {R0,R4,R5,PC}    ;; return

   \                                 In section .text, align 2, keep-with-next
    146          void  App_Task_BtCom (void *p_arg)
    147          {
   \                     App_Task_BtCom:
   \   00000000   0xB510             PUSH     {R4,LR}
   \   00000002   0x0004             MOVS     R4,R0
    148              //
    149              //uart init ====================
    150              
    151              InitSysPara();
   \   00000004   0x.... 0x....      BL       InitSysPara
    152              
    153              BSP_SerInitSem();
   \   00000008   0x.... 0x....      BL       BSP_SerInitSem
    154              BSP_SerInit(PORT_ID_COM, 9600);
   \   0000000C   0xF44F 0x5116      MOV      R1,#+9600
   \   00000010   0x2000             MOVS     R0,#+0
   \   00000012   0x.... 0x....      BL       BSP_SerInit
    155              BSP_SerInit(PORT_ID_BT,  19200);
   \   00000016   0xF44F 0x4196      MOV      R1,#+19200
   \   0000001A   0x2003             MOVS     R0,#+3
   \   0000001C   0x.... 0x....      BL       BSP_SerInit
    156              BSP_SerInit(PORT_ID_GPS,  9600);
   \   00000020   0xF44F 0x5116      MOV      R1,#+9600
   \   00000024   0x2002             MOVS     R0,#+2
   \   00000026   0x.... 0x....      BL       BSP_SerInit
    157               
    158              
    159              //RTU init ====================
    160          
    161              SetRadioLLed();//open 12V
   \   0000002A   0x.... 0x....      BL       SetRadioLLed
    162              EEPROM_Init();
   \   0000002E   0x.... 0x....      BL       EEPROM_Init
    163              ReadConfig();
   \   00000032   0x.... 0x....      BL       ReadConfig
    164              
    165              Init_Timer0();
   \   00000036   0x.... 0x....      BL       Init_Timer0
    166              //log_config_info(g_DeviceGPS.Buf);
    167              
    168              //DebugMsg(g_DeviceGPS.Buf);
    169              
    170              OSTimeDlyHMSM(0, 0, 0, 500);//waite uart init
   \   0000003A   0xF44F 0x73FA      MOV      R3,#+500
   \   0000003E   0x2200             MOVS     R2,#+0
   \   00000040   0x2100             MOVS     R1,#+0
   \   00000042   0x2000             MOVS     R0,#+0
   \   00000044   0x.... 0x....      BL       OSTimeDlyHMSM
    171              
    172              usr_uart_init();
   \   00000048   0x.... 0x....      BL       usr_uart_init
    173              
    174              //OSTimeDlyHMSM(0, 0, 0, 500);
    175              
    176              DebugMsg("\r\nRTU INIT START ======================\r\n");
   \   0000004C   0x....             LDR.N    R0,??DataTable3_12
   \   0000004E   0x.... 0x....      BL       DebugMsg
    177                  
    178          	rtc_log();
   \   00000052   0x.... 0x....      BL       rtc_log
    179          	
    180              //char temp[20];
    181              sprintf(g_DeviceGPS.Buf,"FirmWare Date:    %s",SoftWareDay);
   \   00000056   0x....             LDR.N    R2,??DataTable3_13
   \   00000058   0x....             LDR.N    R1,??DataTable3_14
   \   0000005A   0x....             LDR.N    R0,??DataTable3_15
   \   0000005C   0x6940             LDR      R0,[R0, #+20]
   \   0000005E   0x.... 0x....      BL       sprintf
    182              DebugMsg(g_DeviceGPS.Buf);
   \   00000062   0x....             LDR.N    R0,??DataTable3_15
   \   00000064   0x6940             LDR      R0,[R0, #+20]
   \   00000066   0x.... 0x....      BL       DebugMsg
    183          	
    184              sprintf(g_DeviceGPS.Buf,"wr:%d, rd:%d \r\n", g_RtuConfig.addr_wr, g_RtuConfig.addr_rd);
   \   0000006A   0x....             LDR.N    R0,??DataTable3_1
   \   0000006C   0x69C3             LDR      R3,[R0, #+28]
   \   0000006E   0x....             LDR.N    R0,??DataTable3_1
   \   00000070   0x6982             LDR      R2,[R0, #+24]
   \   00000072   0x....             LDR.N    R1,??DataTable3_16
   \   00000074   0x....             LDR.N    R0,??DataTable3_15
   \   00000076   0x6940             LDR      R0,[R0, #+20]
   \   00000078   0x.... 0x....      BL       sprintf
    185              DebugMsg(g_DeviceGPS.Buf);
   \   0000007C   0x....             LDR.N    R0,??DataTable3_15
   \   0000007E   0x6940             LDR      R0,[R0, #+20]
   \   00000080   0x.... 0x....      BL       DebugMsg
    186              
    187              memset(&g_RtuStatus.cur_dat,0,sizeof (g_RtuStatus.cur_dat));
   \   00000084   0x2232             MOVS     R2,#+50
   \   00000086   0x2100             MOVS     R1,#+0
   \   00000088   0x....             LDR.N    R0,??DataTable3_17
   \   0000008A   0x.... 0x....      BL       memset
    188              
    189              file_init();
   \   0000008E   0x.... 0x....      BL       file_init
    190              
    191              bd_uart_init();
   \   00000092   0x.... 0x....      BL       bd_uart_init
    192              
    193          //    DebugMsg("INIT SENSER ...\r\n");
    194              
    195              OSTimeDlyHMSM(0, 0, 5, 0);//wait 12V sense start
   \   00000096   0x2300             MOVS     R3,#+0
   \   00000098   0x2205             MOVS     R2,#+5
   \   0000009A   0x2100             MOVS     R1,#+0
   \   0000009C   0x2000             MOVS     R0,#+0
   \   0000009E   0x.... 0x....      BL       OSTimeDlyHMSM
    196              
    197              //init BD-------------
    198              SetBD_ICJC();//IC检测
   \   000000A2   0x.... 0x....      BL       SetBD_ICJC
    199              
    200              //init RS485-----------
    201              rs485_init();
   \   000000A6   0x.... 0x....      BL       rs485_init
    202              
    203              //init RAIN------------
    204              rain_init();
   \   000000AA   0x.... 0x....      BL       rain_init
    205              
    206              // init TSensor--------
    207              tsensor_init();
   \   000000AE   0x.... 0x....      BL       tsensor_init
    208          //
    209          //    // init adc------------
    210              adc_init();
   \   000000B2   0x.... 0x....      BL       adc_init
    211              
    212              // init rs232----------
    213              rs232_init();
   \   000000B6   0x.... 0x....      BL       rs232_init
    214          	
    215          	// init pwm----------
    216          	Pwm_init();
   \   000000BA   0x.... 0x....      BL       Pwm_init
    217              
    218              DebugMsg("RTU INIT END ======================\r\n");
   \   000000BE   0x....             LDR.N    R0,??DataTable3_18
   \   000000C0   0x.... 0x....      BL       DebugMsg
    219              
    220              //OSTimeDlyHMSM(0, 0, 0, 500);
    221          
    222              while (1)
    223              {	
    224                TaskGo[0] = 0;
   \                     ??App_Task_BtCom_0:
   \   000000C4   0x....             LDR.N    R0,??DataTable3_19
   \   000000C6   0x2100             MOVS     R1,#+0
   \   000000C8   0x7001             STRB     R1,[R0, #+0]
    225                
    226                if( rs485_para.force_init == 1)
   \   000000CA   0x....             LDR.N    R0,??DataTable3_20
   \   000000CC   0xF890 0x0099      LDRB     R0,[R0, #+153]
   \   000000D0   0x2801             CMP      R0,#+1
   \   000000D2   0xD105             BNE.N    ??App_Task_BtCom_1
    227                {
    228                  rs485_para.force_init = 0;
   \   000000D4   0x....             LDR.N    R0,??DataTable3_20
   \   000000D6   0x2100             MOVS     R1,#+0
   \   000000D8   0xF880 0x1099      STRB     R1,[R0, #+153]
    229                  
    230                  rs485_init();
   \   000000DC   0x.... 0x....      BL       rs485_init
    231                }
    232                
    233           /*     if(g_DeviceCOM.WrSp != g_DeviceCOM.RdSp) //COM口收到数据
    234                {  
    235                  g_RtuStatus.cmd_port = 1;
    236                  ProcessData_HUACE(g_DeviceCOM.Buf, &g_DeviceCOM.RdSp, g_DeviceCOM.WrSp, &HcMsgCom);
    237                  //continue;  
    238                }  
    239           */
    240                
    241                if(g_DeviceBT.WrSp != g_DeviceBT.RdSp) //BD口（连接BD终端的口）收到数据
   \                     ??App_Task_BtCom_1:
   \   000000E0   0x....             LDR.N    R0,??DataTable3_21
   \   000000E2   0x8B00             LDRH     R0,[R0, #+24]
   \   000000E4   0x....             LDR.N    R1,??DataTable3_21
   \   000000E6   0x8B49             LDRH     R1,[R1, #+26]
   \   000000E8   0x4288             CMP      R0,R1
   \   000000EA   0xD006             BEQ.N    ??App_Task_BtCom_2
    242                {  
    243                  ProcessData_BD(g_DeviceBT.Buf, &g_DeviceBT.RdSp, g_DeviceBT.WrSp);
   \   000000EC   0x....             LDR.N    R0,??DataTable3_21
   \   000000EE   0x8B02             LDRH     R2,[R0, #+24]
   \   000000F0   0x....             LDR.N    R1,??DataTable3_22
   \   000000F2   0x....             LDR.N    R0,??DataTable3_21
   \   000000F4   0x6940             LDR      R0,[R0, #+20]
   \   000000F6   0x.... 0x....      BL       ProcessData_BD
    244                  //continue;  
    245                }
    246          //      if(g_DeviceGPS.WrSp != g_DeviceGPS.RdSp)
    247          //      {  
    248          //        ProcessData_DIST(g_DeviceGPS.Buf, &g_DeviceGPS.RdSp, g_DeviceGPS.WrSp); 
    249          //      }
    250                
    251                // rs485 data proc----
    252                rs485_task();
   \                     ??App_Task_BtCom_2:
   \   000000FA   0x.... 0x....      BL       rs485_task
    253                
    254                //rain data proc ------
    255                ProcessData_RAIN();
   \   000000FE   0x.... 0x....      BL       ProcessData_RAIN
    256                
    257                // TSensor proc
    258               tsensor_task();
   \   00000102   0x.... 0x....      BL       tsensor_task
    259               
    260               // adc proc 
    261               adc_task();
   \   00000106   0x.... 0x....      BL       adc_task
    262            
    263               // rs232 proc
    264               rs232_task();
   \   0000010A   0x.... 0x....      BL       rs232_task
    265          	 
    266          	 pwm_task();
   \   0000010E   0x.... 0x....      BL       pwm_task
    267               
    268                //ic get------- 
    269                if(g_RtuStatus.dog_BD == DOG_BD_TIME) //每隔3S钟，当没读取到ic卡号时，就会不断的去检测（保证北斗接上时，就能够连接上去）
   \   00000112   0x....             LDR.N    R0,??DataTable3_9
   \   00000114   0x6940             LDR      R0,[R0, #+20]
   \   00000116   0x2878             CMP      R0,#+120
   \   00000118   0xD108             BNE.N    ??App_Task_BtCom_3
    270                {
    271                    if(g_RtuStatus.own_ic == 0)
   \   0000011A   0x....             LDR.N    R0,??DataTable3_9
   \   0000011C   0x6900             LDR      R0,[R0, #+16]
   \   0000011E   0x2800             CMP      R0,#+0
   \   00000120   0xD101             BNE.N    ??App_Task_BtCom_4
    272                    {
    273                        //DebugMsg("dog ask ic !!!\r\n");
    274                        SetBD_ICJC();
   \   00000122   0x.... 0x....      BL       SetBD_ICJC
    275                    }
    276                    g_RtuStatus.dog_BD = 0;
   \                     ??App_Task_BtCom_4:
   \   00000126   0x....             LDR.N    R0,??DataTable3_9
   \   00000128   0x2100             MOVS     R1,#+0
   \   0000012A   0x6141             STR      R1,[R0, #+20]
    277                }
    278                
    279                //time get
    280                if(g_RtuStatus.dog_TM == DOG_TM_TIME) //每隔5S钟，向北斗终端获取时间，当时间偏差大于10分钟时，进行时间校准
   \                     ??App_Task_BtCom_3:
   \   0000012C   0x....             LDR.N    R0,??DataTable3_9
   \   0000012E   0x6980             LDR      R0,[R0, #+24]
   \   00000130   0x28C8             CMP      R0,#+200
   \   00000132   0xD107             BNE.N    ??App_Task_BtCom_5
    281                {
    282                    SetBD_SJSC();
   \   00000134   0x.... 0x....      BL       SetBD_SJSC
    283                    
    284                    bd_para.sjsc_timeout = 1;
   \   00000138   0x....             LDR.N    R0,??DataTable3_11
   \   0000013A   0x2101             MOVS     R1,#+1
   \   0000013C   0x6101             STR      R1,[R0, #+16]
    285                    
    286                    g_RtuStatus.dog_TM = 0;
   \   0000013E   0x....             LDR.N    R0,??DataTable3_9
   \   00000140   0x2100             MOVS     R1,#+0
   \   00000142   0x6181             STR      R1,[R0, #+24]
    287                }
    288                
    289                //file read
    290                if(g_RtuStatus.dog_file_rd == DOG_FILE_RD_TIME)
   \                     ??App_Task_BtCom_5:
   \   00000144   0x....             LDR.N    R0,??DataTable3_9
   \   00000146   0x69C0             LDR      R0,[R0, #+28]
   \   00000148   0x2828             CMP      R0,#+40
   \   0000014A   0xD131             BNE.N    ??App_Task_BtCom_6
    291                {
    292                  //加一级判断 是否联网或北斗OK:TODO
    293                  if( (g_RtuStatus.gprs == 1) || (g_RtuStatus.bd == 1))
   \   0000014C   0x....             LDR.N    R0,??DataTable3_9
   \   0000014E   0x7A00             LDRB     R0,[R0, #+8]
   \   00000150   0x2801             CMP      R0,#+1
   \   00000152   0xD003             BEQ.N    ??App_Task_BtCom_7
   \   00000154   0x....             LDR.N    R0,??DataTable3_9
   \   00000156   0x7A40             LDRB     R0,[R0, #+9]
   \   00000158   0x2801             CMP      R0,#+1
   \   0000015A   0xD126             BNE.N    ??App_Task_BtCom_8
    294                  {
    295                    if(g_RtuStatus.cur_dat_empty == 1)
   \                     ??App_Task_BtCom_7:
   \   0000015C   0x....             LDR.N    R0,??DataTable3_9
   \   0000015E   0xF890 0x006A      LDRB     R0,[R0, #+106]
   \   00000162   0x2801             CMP      R0,#+1
   \   00000164   0xD113             BNE.N    ??App_Task_BtCom_9
    296                    {
    297                        if(file_read_last(&g_RtuStatus.cur_dat) == 1)
   \   00000166   0x....             LDR.N    R0,??DataTable3_17
   \   00000168   0x.... 0x....      BL       file_read_last
   \   0000016C   0x2801             CMP      R0,#+1
   \   0000016E   0xD11C             BNE.N    ??App_Task_BtCom_8
    298                        {
    299                            if(data_send_out(&(g_RtuStatus.cur_dat)) == 1)
   \   00000170   0x....             LDR.N    R0,??DataTable3_17
   \   00000172   0x.... 0x....      BL       data_send_out
   \   00000176   0x2801             CMP      R0,#+1
   \   00000178   0xD104             BNE.N    ??App_Task_BtCom_10
    300                                g_RtuStatus.cur_dat_empty = 1;
   \   0000017A   0x....             LDR.N    R0,??DataTable3_9
   \   0000017C   0x2101             MOVS     R1,#+1
   \   0000017E   0xF880 0x106A      STRB     R1,[R0, #+106]
   \   00000182   0xE012             B.N      ??App_Task_BtCom_8
    301                            else
    302                                g_RtuStatus.cur_dat_empty = 0;
   \                     ??App_Task_BtCom_10:
   \   00000184   0x....             LDR.N    R0,??DataTable3_9
   \   00000186   0x2100             MOVS     R1,#+0
   \   00000188   0xF880 0x106A      STRB     R1,[R0, #+106]
   \   0000018C   0xE00D             B.N      ??App_Task_BtCom_8
    303                        }
    304                    }
    305                    else
    306                    {
    307                        if(data_send_out(&(g_RtuStatus.cur_dat)) == 1)
   \                     ??App_Task_BtCom_9:
   \   0000018E   0x....             LDR.N    R0,??DataTable3_17
   \   00000190   0x.... 0x....      BL       data_send_out
   \   00000194   0x2801             CMP      R0,#+1
   \   00000196   0xD104             BNE.N    ??App_Task_BtCom_11
    308                            g_RtuStatus.cur_dat_empty = 1;
   \   00000198   0x....             LDR.N    R0,??DataTable3_9
   \   0000019A   0x2101             MOVS     R1,#+1
   \   0000019C   0xF880 0x106A      STRB     R1,[R0, #+106]
   \   000001A0   0xE003             B.N      ??App_Task_BtCom_8
    309                        else
    310                            g_RtuStatus.cur_dat_empty = 0;
   \                     ??App_Task_BtCom_11:
   \   000001A2   0x....             LDR.N    R0,??DataTable3_9
   \   000001A4   0x2100             MOVS     R1,#+0
   \   000001A6   0xF880 0x106A      STRB     R1,[R0, #+106]
    311                    }
    312                  }
    313                    g_RtuStatus.dog_file_rd = 0;
   \                     ??App_Task_BtCom_8:
   \   000001AA   0x....             LDR.N    R0,??DataTable3_9
   \   000001AC   0x2100             MOVS     R1,#+0
   \   000001AE   0x61C1             STR      R1,[R0, #+28]
    314                }
    315                
    316                //save config
    317                if(g_RtuStatus.dog_save_conf >= DOG_SAVE_CONF_TIME)
   \                     ??App_Task_BtCom_6:
   \   000001B0   0x....             LDR.N    R0,??DataTable3_9
   \   000001B2   0x6A00             LDR      R0,[R0, #+32]
   \   000001B4   0x....             LDR.N    R1,??DataTable3_23  ;; 0x23280
   \   000001B6   0x4288             CMP      R0,R1
   \   000001B8   0xD304             BCC.N    ??App_Task_BtCom_12
    318                {
    319                    SaveConfig();
   \   000001BA   0x.... 0x....      BL       SaveConfig
    320                    g_RtuStatus.dog_save_conf = 0;
   \   000001BE   0x....             LDR.N    R0,??DataTable3_9
   \   000001C0   0x2100             MOVS     R1,#+0
   \   000001C2   0x6201             STR      R1,[R0, #+32]
    321                }
    322                  
    323                OSTimeDlyHMSM(0, 0, 0, 50);
   \                     ??App_Task_BtCom_12:
   \   000001C4   0x2332             MOVS     R3,#+50
   \   000001C6   0x2200             MOVS     R2,#+0
   \   000001C8   0x2100             MOVS     R1,#+0
   \   000001CA   0x2000             MOVS     R0,#+0
   \   000001CC   0x.... 0x....      BL       OSTimeDlyHMSM
   \   000001D0   0xE778             B.N      ??App_Task_BtCom_0
    324                 
    325              }
    326          }

   \                                 In section .text, align 4, keep-with-next
   \                     ??DataTable3:
   \   00000000   0x........         DC32     `?<Constant "data_send_out dat_tm ...">`

   \                                 In section .text, align 4, keep-with-next
   \                     ??DataTable3_1:
   \   00000000   0x........         DC32     g_RtuConfig

   \                                 In section .text, align 4, keep-with-next
   \                     ??DataTable3_2:
   \   00000000   0x........         DC32     addr_read

   \                                 In section .text, align 4, keep-with-next
   \                     ??DataTable3_3:
   \   00000000   0x........         DC32     addr_write

   \                                 In section .text, align 4, keep-with-next
   \                     ??DataTable3_4:
   \   00000000   0x4002404C         DC32     0x4002404c

   \                                 In section .text, align 4, keep-with-next
   \                     ??DataTable3_5:
   \   00000000   0x........         DC32     `?<Constant "data_send_out dat_dat...">`

   \                                 In section .text, align 4, keep-with-next
   \                     ??DataTable3_6:
   \   00000000   0x........         DC32     g_RtuConfig+0x20

   \                                 In section .text, align 4, keep-with-next
   \                     ??DataTable3_7:
   \   00000000   0x........         DC32     `?<Constant "$0,%s,%04d%02d%02d,%0...">`

   \                                 In section .text, align 4, keep-with-next
   \                     ??DataTable3_8:
   \   00000000   0x........         DC32     `?<Constant "%s%02X\\r\\n">`

   \                                 In section .text, align 4, keep-with-next
   \                     ??DataTable3_9:
   \   00000000   0x........         DC32     g_RtuStatus

   \                                 In section .text, align 4, keep-with-next
   \                     ??DataTable3_10:
   \   00000000   0x........         DC32     `?<Constant "config commod err!!!\\r\\n">`

   \                                 In section .text, align 4, keep-with-next
   \                     ??DataTable3_11:
   \   00000000   0x........         DC32     bd_para

   \                                 In section .text, align 4, keep-with-next
   \                     ??DataTable3_12:
   \   00000000   0x........         DC32     `?<Constant "\\r\\nRTU INIT START ====...">`

   \                                 In section .text, align 4, keep-with-next
   \                     ??DataTable3_13:
   \   00000000   0x........         DC32     SoftWareDay

   \                                 In section .text, align 4, keep-with-next
   \                     ??DataTable3_14:
   \   00000000   0x........         DC32     `?<Constant "FirmWare Date:    %s">`

   \                                 In section .text, align 4, keep-with-next
   \                     ??DataTable3_15:
   \   00000000   0x........         DC32     g_DeviceGPS

   \                                 In section .text, align 4, keep-with-next
   \                     ??DataTable3_16:
   \   00000000   0x........         DC32     `?<Constant "wr:%d, rd:%d \\r\\n">`

   \                                 In section .text, align 4, keep-with-next
   \                     ??DataTable3_17:
   \   00000000   0x........         DC32     g_RtuStatus+0x38

   \                                 In section .text, align 4, keep-with-next
   \                     ??DataTable3_18:
   \   00000000   0x........         DC32     `?<Constant "RTU INIT END ========...">`

   \                                 In section .text, align 4, keep-with-next
   \                     ??DataTable3_19:
   \   00000000   0x........         DC32     TaskGo

   \                                 In section .text, align 4, keep-with-next
   \                     ??DataTable3_20:
   \   00000000   0x........         DC32     rs485_para

   \                                 In section .text, align 4, keep-with-next
   \                     ??DataTable3_21:
   \   00000000   0x........         DC32     g_DeviceBT

   \                                 In section .text, align 4, keep-with-next
   \                     ??DataTable3_22:
   \   00000000   0x........         DC32     g_DeviceBT+0x1A

   \                                 In section .text, align 4, keep-with-next
   \                     ??DataTable3_23:
   \   00000000   0x00023280         DC32     0x23280

   \                                 In section .rodata, align 4
   \                     `?<Constant "data_send_out dat_tm ...">`:
   \   00000000   0x64 0x61          DC8 "data_send_out dat_tm err !!!\015\012"
   \              0x74 0x61    
   \              0x5F 0x73    
   \              0x65 0x6E    
   \              0x64 0x5F    
   \              0x6F 0x75    
   \              0x74 0x20    
   \              0x64 0x61    
   \              0x74 0x5F    
   \              0x74 0x6D    
   \              0x20 0x65    
   \              0x72 0x72    
   \              0x20 0x21    
   \              0x21 0x21    
   \              0x0D 0x0A    
   \              0x00         
   \   0000001F   0x00               DC8 0

   \                                 In section .rodata, align 4
   \                     `?<Constant "data_send_out dat_dat...">`:
   \   00000000   0x64 0x61          DC8 "data_send_out dat_data err !!!\015\012"
   \              0x74 0x61    
   \              0x5F 0x73    
   \              0x65 0x6E    
   \              0x64 0x5F    
   \              0x6F 0x75    
   \              0x74 0x20    
   \              0x64 0x61    
   \              0x74 0x5F    
   \              0x64 0x61    
   \              0x74 0x61    
   \              0x20 0x65    
   \              0x72 0x72    
   \              0x20 0x21    
   \              0x21 0x21    
   \              0x0D 0x0A    
   \              0x00         
   \   00000021   0x00 0x00          DC8 0, 0, 0
   \              0x00         

   \                                 In section .rodata, align 4
   \                     `?<Constant "$0,%s,%04d%02d%02d,%0...">`:
   \   00000000   0x24 0x30          DC8 "$0,%s,%04d%02d%02d,%02d%02d%02d,%d,,%s,*"
   \              0x2C 0x25    
   \              0x73 0x2C    
   \              0x25 0x30    
   \              0x34 0x64    
   \              0x25 0x30    
   \              0x32 0x64    
   \              0x25 0x30    
   \              0x32 0x64    
   \              0x2C 0x25    
   \              0x30 0x32    
   \              0x64 0x25    
   \              0x30 0x32    
   \              0x64 0x25    
   \              0x30 0x32    
   \              0x64 0x2C    
   \              0x25 0x64    
   \              0x2C 0x2C    
   \              0x25 0x73    
   \              0x2C 0x2A    
   \              0x00         
   \   00000029   0x00 0x00          DC8 0, 0, 0
   \              0x00         

   \                                 In section .rodata, align 4
   \                     `?<Constant "%s%02X\\r\\n">`:
   \   00000000   0x25 0x73          DC8 "%s%02X\015\012"
   \              0x25 0x30    
   \              0x32 0x58    
   \              0x0D 0x0A    
   \              0x00         
   \   00000009   0x00 0x00          DC8 0, 0, 0
   \              0x00         

   \                                 In section .rodata, align 4
   \                     `?<Constant "config commod err!!!\\r\\n">`:
   \   00000000   0x63 0x6F          DC8 "config commod err!!!\015\012"
   \              0x6E 0x66    
   \              0x69 0x67    
   \              0x20 0x63    
   \              0x6F 0x6D    
   \              0x6D 0x6F    
   \              0x64 0x20    
   \              0x65 0x72    
   \              0x72 0x21    
   \              0x21 0x21    
   \              0x0D 0x0A    
   \              0x00         
   \   00000017   0x00               DC8 0

   \                                 In section .rodata, align 4
   \                     `?<Constant "\\r\\nRTU INIT START ====...">`:
   \   00000000   0x0D 0x0A          DC8 "\015\012RTU INIT START ======================\015\012"
   \              0x52 0x54    
   \              0x55 0x20    
   \              0x49 0x4E    
   \              0x49 0x54    
   \              0x20 0x53    
   \              0x54 0x41    
   \              0x52 0x54    
   \              0x20 0x3D    
   \              0x3D 0x3D    
   \              0x3D 0x3D    
   \              0x3D 0x3D    
   \              0x3D 0x3D    
   \              0x3D 0x3D    
   \              0x3D 0x3D    
   \              0x3D 0x3D    
   \              0x3D 0x3D    
   \              0x3D 0x3D    
   \              0x3D 0x3D    
   \              0x3D 0x0D    
   \              0x0A 0x00    
   \   0000002A   0x00 0x00          DC8 0, 0

   \                                 In section .rodata, align 4
   \                     `?<Constant "FirmWare Date:    %s">`:
   \   00000000   0x46 0x69          DC8 "FirmWare Date:    %s"
   \              0x72 0x6D    
   \              0x57 0x61    
   \              0x72 0x65    
   \              0x20 0x44    
   \              0x61 0x74    
   \              0x65 0x3A    
   \              0x20 0x20    
   \              0x20 0x20    
   \              0x25 0x73    
   \              0x00         
   \   00000015   0x00 0x00          DC8 0, 0, 0
   \              0x00         

   \                                 In section .rodata, align 4
   \                     `?<Constant "wr:%d, rd:%d \\r\\n">`:
   \   00000000   0x77 0x72          DC8 "wr:%d, rd:%d \015\012"
   \              0x3A 0x25    
   \              0x64 0x2C    
   \              0x20 0x72    
   \              0x64 0x3A    
   \              0x25 0x64    
   \              0x20 0x0D    
   \              0x0A 0x00    

   \                                 In section .rodata, align 4
   \                     `?<Constant "RTU INIT END ========...">`:
   \   00000000   0x52 0x54          DC8 "RTU INIT END ======================\015\012"
   \              0x55 0x20    
   \              0x49 0x4E    
   \              0x49 0x54    
   \              0x20 0x45    
   \              0x4E 0x44    
   \              0x20 0x3D    
   \              0x3D 0x3D    
   \              0x3D 0x3D    
   \              0x3D 0x3D    
   \              0x3D 0x3D    
   \              0x3D 0x3D    
   \              0x3D 0x3D    
   \              0x3D 0x3D    
   \              0x3D 0x3D    
   \              0x3D 0x3D    
   \              0x3D 0x3D    
   \              0x3D 0x0D    
   \              0x0A 0x00    
   \   00000026   0x00 0x00          DC8 0, 0
    327          
    328          

   Maximum stack usage in bytes:

   .cstack Function
   ------- --------
       8   App_Task_BtCom
         8   -> BSP_SerInit
         8   -> BSP_SerInitSem
         8   -> DebugMsg
         8   -> EEPROM_Init
         8   -> InitSysPara
         8   -> Init_Timer0
         8   -> OSTimeDlyHMSM
         8   -> ProcessData_BD
         8   -> ProcessData_RAIN
         8   -> Pwm_init
         8   -> ReadConfig
         8   -> SaveConfig
         8   -> SetBD_ICJC
         8   -> SetBD_SJSC
         8   -> SetRadioLLed
         8   -> adc_init
         8   -> adc_task
         8   -> bd_uart_init
         8   -> data_send_out
         8   -> file_init
         8   -> file_read_last
         8   -> memset
         8   -> pwm_task
         8   -> rain_init
         8   -> rs232_init
         8   -> rs232_task
         8   -> rs485_init
         8   -> rs485_task
         8   -> rtc_log
         8   -> sprintf
         8   -> tsensor_init
         8   -> tsensor_task
         8   -> usr_uart_init
      16   bd_uart_init
        16   -> BSP_SerInit
     144   data_send_out
       144   -> DebugMsg
       144   -> SendDataByGPRS
       144   -> SetBD_TXSQ
       144   -> sprintf
       144   -> strlen
      16   memset
        16   -> __aeabi_memset
      16   usr_uart_init
        16   -> BSP_SerInit


   Section sizes:

   Bytes  Function/Label
   -----  --------------
      44  ?<Constant "$0,%s,%04d%02d%02d,%0...">
      12  ?<Constant "%s%02X\r\n">
      24  ?<Constant "FirmWare Date:    %s">
      40  ?<Constant "RTU INIT END ========...">
      44  ?<Constant "\r\nRTU INIT START ====...">
      24  ?<Constant "config commod err!!!\r\n">
      36  ?<Constant "data_send_out dat_dat...">
      32  ?<Constant "data_send_out dat_tm ...">
      16  ?<Constant "wr:%d, rd:%d \r\n">
       4  ??DataTable3
       4  ??DataTable3_1
       4  ??DataTable3_10
       4  ??DataTable3_11
       4  ??DataTable3_12
       4  ??DataTable3_13
       4  ??DataTable3_14
       4  ??DataTable3_15
       4  ??DataTable3_16
       4  ??DataTable3_17
       4  ??DataTable3_18
       4  ??DataTable3_19
       4  ??DataTable3_2
       4  ??DataTable3_20
       4  ??DataTable3_21
       4  ??DataTable3_22
       4  ??DataTable3_23
       4  ??DataTable3_3
       4  ??DataTable3_4
       4  ??DataTable3_5
       4  ??DataTable3_6
       4  ??DataTable3_7
       4  ??DataTable3_8
       4  ??DataTable3_9
     466  App_Task_BtCom
      94  bd_uart_init
     408  data_send_out
      22  memset
     100  usr_uart_init

 
   272 bytes in section .rodata
 1 186 bytes in section .text
 
 1 164 bytes of CODE  memory (+ 22 bytes shared)
   272 bytes of CONST memory

Errors: none
Warnings: 9
