###############################################################################
#                                                                             #
# IAR ANSI C/C++ Compiler V6.50.6.4896/W32 for ARM      11/Apr/2017  10:24:04 #
# Copyright 1999-2013 IAR Systems AB.                                         #
#                                                                             #
#    Cpu mode     =  thumb                                                    #
#    Endian       =  little                                                   #
#    Source file  =  D:\wangfan2\桌面\RTU_1.3\HuaceApp\HuaceTask.c            #
#    Command line =  D:\wangfan2\桌面\RTU_1.3\HuaceApp\HuaceTask.c -lCN       #
#                    D:\wangfan2\桌面\RTU_1.3\project\iar\Debug\List\ -o      #
#                    D:\wangfan2\桌面\RTU_1.3\project\iar\Debug\Obj\          #
#                    --no_cse --no_unroll --no_inline --no_code_motion        #
#                    --no_tbaa --no_clustering --no_scheduling --debug        #
#                    --endian=little --cpu=Cortex-M3 -e --fpu=None            #
#                    --dlib_config "C:\Program Files (x86)\IAR                #
#                    Systems\Embedded Workbench 6.5_2\arm\INC\c\DLib_Config_F #
#                    ull.h" -I D:\wangfan2\桌面\RTU_1.3\project\iar\ -I       #
#                    D:\wangfan2\桌面\RTU_1.3\project\iar\..\..\BSP\ -I       #
#                    D:\wangfan2\桌面\RTU_1.3\project\iar\..\..\BSP\ADC\ -I   #
#                    D:\wangfan2\桌面\RTU_1.3\project\iar\..\..\BSP\RTC\ -I   #
#                    D:\wangfan2\桌面\RTU_1.3\project\iar\..\..\BSP\TILT\ -I  #
#                    D:\wangfan2\桌面\RTU_1.3\project\iar\..\..\BSP\RDLevel\  #
#                    -I D:\wangfan2\桌面\RTU_1.3\project\iar\..\..\BSP\RS232\ #
#                     -I D:\wangfan2\桌面\RTU_1.3\project\iar\..\..\BSP\OS-v2 #
#                    \ -I D:\wangfan2\桌面\RTU_1.3\project\iar\..\..\BSP\Vibr #
#                    ationString\ -I D:\wangfan2\桌面\RTU_1.3\project\iar\..\ #
#                    ..\ucos2\uCOS-II\Ports\ARM-Cortex-M3\Generic\IAR\ -I     #
#                    D:\wangfan2\桌面\RTU_1.3\project\iar\..\..\ucos2\uCOS-II #
#                    \Source\ -I D:\wangfan2\桌面\RTU_1.3\project\iar\..\..\u #
#                    cos2\uC-LIB\ -I D:\wangfan2\桌面\RTU_1.3\project\iar\..\ #
#                    ..\ucos2\uC-CPU\ -I D:\wangfan2\桌面\RTU_1.3\project\iar #
#                    \..\..\ucos2\uC-CPU\ARM-Cortex-M3\IAR\ -I                #
#                    D:\wangfan2\桌面\RTU_1.3\project\iar\..\..\cmsis\Drivers #
#                    \source\ -I D:\wangfan2\桌面\RTU_1.3\project\iar\..\..\c #
#                    msis\Drivers\include\ -I D:\wangfan2\桌面\RTU_1.3\projec #
#                    t\iar\..\..\app\ -I D:\wangfan2\桌面\RTU_1.3\project\iar #
#                    \..\..\uC-Probe\Target\Plugins\uCOS-II\ -I               #
#                    D:\wangfan2\桌面\RTU_1.3\project\iar\..\..\uC-Probe\Targ #
#                    et\Demos\Intro\Workspaces\ -I                            #
#                    D:\wangfan2\桌面\RTU_1.3\project\iar\..\..\uC-Probe\Targ #
#                    et\Demos\Intro\Source\ -I D:\wangfan2\桌面\RTU_1.3\proje #
#                    ct\iar\..\..\uC-Probe\Target\Communication\Generic\Sourc #
#                    e\ -I D:\wangfan2\桌面\RTU_1.3\project\iar\..\..\uC-Prob #
#                    e\Target\Communication\Generic\RS-232\Source\ -I         #
#                    D:\wangfan2\桌面\RTU_1.3\project\iar\..\..\uC-Probe\Targ #
#                    et\Communication\Generic\RS-232\Ports\NXP\LPC17xx\ -I    #
#                    D:\wangfan2\桌面\RTU_1.3\project\iar\..\..\uC-Probe\Targ #
#                    et\Communication\Generic\RS-232\OS\uCOS-II\ -I           #
#                    D:\wangfan2\桌面\RTU_1.3\project\iar\..\..\cmsis\Core\CM #
#                    3\CoreSupport\ -I D:\wangfan2\桌面\RTU_1.3\project\iar\. #
#                    .\..\cmsis\Core\CM3\DeviceSupport\NXP\LPC177x_8x\ -I     #
#                    D:\wangfan2\桌面\RTU_1.3\project\iar\..\..\HuaceApp\ -I  #
#                    D:\wangfan2\桌面\RTU_1.3\project\iar\..\..\HuaceApp\DEVI #
#                    CE_BT\ -I D:\wangfan2\桌面\RTU_1.3\project\iar\..\..\Hua #
#                    ceApp\DEVICE_COM\ -I D:\wangfan2\桌面\RTU_1.3\project\ia #
#                    r\..\..\HuaceApp\DEVICE_GPRS\ -I                         #
#                    D:\wangfan2\桌面\RTU_1.3\project\iar\..\..\HuaceApp\DEVI #
#                    CE_GPS\ -I D:\wangfan2\桌面\RTU_1.3\project\iar\..\..\Hu #
#                    aceApp\DEVICE_RADIO\ -I D:\wangfan2\桌面\RTU_1.3\project #
#                    \iar\..\..\HuaceApp\iap\ -I                              #
#                    D:\wangfan2\桌面\RTU_1.3\project\iar\..\..\FatFs\ -I     #
#                    D:\wangfan2\桌面\RTU_1.3\project\iar\..\..\USB\ -I       #
#                    D:\wangfan2\桌面\RTU_1.3\project\iar\..\..\bsp\spi_flash #
#                    \ -I D:\wangfan2\桌面\RTU_1.3\project\iar\..\..\HuaceApp #
#                    \LED\ -On --use_c++_inline                               #
#    List file    =  D:\wangfan2\桌面\RTU_1.3\project\iar\Debug\List\HuaceTas #
#                    k.lst                                                    #
#    Object file  =  D:\wangfan2\桌面\RTU_1.3\project\iar\Debug\Obj\HuaceTask #
#                    .o                                                       #
#                                                                             #
#                                                                             #
###############################################################################

D:\wangfan2\桌面\RTU_1.3\HuaceApp\HuaceTask.c
      1          /**************************Copyright (C) 2003-2014. All rights reserved*********************************
      2          **                                  上海华测导航科技有限公司
      3          **                                  http://www.huace.cn
      4          **                                  Email:support@huace.cn
      5          **
      6          **--------------文件信息--------------------------------------------------------------------------------
      7          **文   件   名: HuaceTask.c
      8          **创   建   人:
      9          **最后修改日期: 2014年08月12日
     10          **描        述: 华测任务建立，运行，以及任务挂掉之后的再运行处理
     11          ********************************************************************************************************/
     12          
     13          #include "includes.h"

   \                                 In section .text, align 2
   \   __intrinsic __nounwind __interwork __softfp void *memset(void *, int, size_t)
   \                     memset:
   \   00000000   0xB570             PUSH     {R4-R6,LR}
   \   00000002   0x0004             MOVS     R4,R0
   \   00000004   0x000D             MOVS     R5,R1
   \   00000006   0x0016             MOVS     R6,R2
   \   00000008   0x002A             MOVS     R2,R5
   \   0000000A   0x0031             MOVS     R1,R6
   \   0000000C   0x0020             MOVS     R0,R4
   \   0000000E   0x.... 0x....      BL       __aeabi_memset
   \   00000012   0x0020             MOVS     R0,R4
   \   00000014   0xBD70             POP      {R4-R6,PC}       ;; return
     14          
     15          
     16          #define  APP_CFG_TASK_BTCOM_PRIO                 24   //20120313ycg
     17          #define  APP_CFG_TASK_GPRSRADIO_PRIO             27
     18          #define  APP_CFG_TASK_COM_PRIO                   26
     19          #define  APP_CFG_TASK_LEDKEY_PRIO                25
     20          
     21          #define  APP_CFG_TASK_BTCOM_STK_SIZE                1024
     22          #define  APP_CFG_TASK_GPRSRADIO_STK_SIZE            1024
     23          #define  APP_CFG_TASK_COM_STK_SIZE                  512
     24          #define  APP_CFG_TASK_LEDKEY_STK_SIZE               128
     25          

   \                                 In section .bss, align 4
     26          static  OS_STK    App_TaskBtComStk[APP_CFG_TASK_BTCOM_STK_SIZE];
   \                     App_TaskBtComStk:
   \   00000000                      DS8 4096

   \                                 In section .bss, align 4
     27          static  OS_STK    App_TaskGprsRadioStk[APP_CFG_TASK_GPRSRADIO_STK_SIZE];
   \                     App_TaskGprsRadioStk:
   \   00000000                      DS8 4096

   \                                 In section .bss, align 4
     28          static  OS_STK    App_TaskCOMStk[APP_CFG_TASK_COM_STK_SIZE];
   \                     App_TaskCOMStk:
   \   00000000                      DS8 2048

   \                                 In section .bss, align 4
     29          static  OS_STK    App_TaskLedKeyStk[APP_CFG_TASK_LEDKEY_STK_SIZE];
   \                     App_TaskLedKeyStk:
   \   00000000                      DS8 512
     30          
     31          
     32          
     33          #pragma location="LARGE_DATA_RAM" //add by xxw 20140819 放到外围32k的SRAM中去
     34          extern BOOL hard_enter;
     35          extern unsigned char task_current;

   \                                 In section .data, align 1
     36          UINT8 bSenValid = 1;
   \                     bSenValid:
   \   00000000   0x01               DC8 1

   \                                 In section .bss, align 1
     37          UINT8 bSenok = 0;
   \                     bSenok:
   \   00000000                      DS8 1

   \                                 In section .bss, align 2
     38          UINT16 g_LowLatency; 
   \                     g_LowLatency:
   \   00000000                      DS8 2

   \                                 In section .bss, align 4
     39          struct HC_MSG HcMsgCom;	
   \                     HcMsgCom:
   \   00000000                      DS8 8
     40          
     41          

   \                                 In section .text, align 2, keep-with-next
     42          int  main (void)
     43          { 
   \                     main:
   \   00000000   0xB500             PUSH     {LR}
   \   00000002   0xB085             SUB      SP,SP,#+20
     44              int i;
     45              memset(TaskGo,1,sizeof(TaskGo));
   \   00000004   0x220A             MOVS     R2,#+10
   \   00000006   0x2101             MOVS     R1,#+1
   \   00000008   0x....             LDR.N    R0,??DataTable1
   \   0000000A   0x.... 0x....      BL       memset
     46             
     47              wdt_init();		//debug时，注意将其关闭
   \   0000000E   0x.... 0x....      BL       wdt_init
     48              rain_para.init_done = 0;
   \   00000012   0x....             LDR.N    R0,??DataTable1_1
   \   00000014   0x2100             MOVS     R1,#+0
   \   00000016   0x7781             STRB     R1,[R0, #+30]
     49              bd_para.sjsc_timeout = 0;
   \   00000018   0x....             LDR.N    R0,??DataTable1_2
   \   0000001A   0x2100             MOVS     R1,#+0
   \   0000001C   0x6101             STR      R1,[R0, #+16]
     50              
     51              rtc_init();
   \   0000001E   0x.... 0x....      BL       rtc_init
     52              Board_LED_Init();
   \   00000022   0x.... 0x....      BL       Board_LED_Init
     53              Board_Switch_Init();
   \   00000026   0x.... 0x....      BL       Board_Switch_Init
     54              Board_Gpio_Init();
   \   0000002A   0x.... 0x....      BL       Board_Gpio_Init
     55              Board_LED_Control(BRD_LED_RUN_CONNECTED_PORT, BRD_LED_RUN_CONNECTED_MASK, RUN_LED_ON);
   \   0000002E   0x2200             MOVS     R2,#+0
   \   00000030   0xF05F 0x6100      MOVS     R1,#+134217728
   \   00000034   0x2003             MOVS     R0,#+3
   \   00000036   0x.... 0x....      BL       Board_LED_Control
     56              SystemCoreClockUpdate();// get SystemCoreClock
   \   0000003A   0x.... 0x....      BL       SystemCoreClockUpdate
     57              SYSTICK_InternalInit((uint32_t)(1000.0F / (float)OS_TICKS_PER_SEC)); // init os tick timer
   \   0000003E   0x2005             MOVS     R0,#+5
   \   00000040   0x.... 0x....      BL       SYSTICK_InternalInit
     58              SYSTICK_IntCmd(ENABLE);	// enable os tick timer interrupt
   \   00000044   0x2001             MOVS     R0,#+1
   \   00000046   0x.... 0x....      BL       SYSTICK_IntCmd
     59              SYSTICK_Cmd(ENABLE);    // enable os tick timer counter
   \   0000004A   0x2001             MOVS     R0,#+1
   \   0000004C   0x.... 0x....      BL       SYSTICK_Cmd
     60              SCB->AIRCR = 0x05FA0700;
   \   00000050   0x....             LDR.N    R0,??DataTable1_3  ;; 0xe000ed0c
   \   00000052   0x....             LDR.N    R1,??DataTable1_4  ;; 0x5fa0700
   \   00000054   0x6001             STR      R1,[R0, #+0]
     61              
     62          /*    while(1)
     63              {
     64                  PINSEL_ConfigPin(BRD_PWM_SHUTD_PORT,BRD_PWM_SHUTD_PIN,0);
     65                  GPIO_SetDir(BRD_PWM_SHUTD_PORT,BRD_PWM_SHUTD_MASK, GPIO_DIRECTION_OUTPUT);
     66                  for (i = 0;i<0xffffff;i++)
     67                  {}
     68                  GPIO_OutputValue(BRD_PWM_SHUTD_PORT, BRD_PWM_SHUTD_MASK, SWITCH_LOW);
     69                  for (i = 0;i<0xffffff;i++)
     70                  {}
     71                  GPIO_OutputValue(BRD_PWM_SHUTD_PORT, BRD_PWM_SHUTD_MASK, SWITCH_HIGH);
     72              }*/
     73              
     74               
     75              OSInit();
   \   00000056   0x.... 0x....      BL       OSInit
     76              //创建任务=====================================================
     77             
     78              
     79              OSTaskCreateExt((void (*)(void *)) App_Task_BtCom,
     80                              (void           *) 0,
     81                              (OS_STK         *)&App_TaskBtComStk[APP_CFG_TASK_BTCOM_STK_SIZE - 1],
     82                              (INT8U           ) APP_CFG_TASK_BTCOM_PRIO,
     83                              (INT16U          ) APP_CFG_TASK_BTCOM_PRIO,
     84                              (OS_STK         *)&App_TaskBtComStk[0],
     85                              (INT32U          ) APP_CFG_TASK_BTCOM_STK_SIZE,
     86                              (void           *) 0,
     87                              (INT8U           )(OS_TASK_OPT_STK_CHK | OS_TASK_OPT_STK_CLR));
   \   0000005A   0x2003             MOVS     R0,#+3
   \   0000005C   0x9004             STR      R0,[SP, #+16]
   \   0000005E   0x2000             MOVS     R0,#+0
   \   00000060   0x9003             STR      R0,[SP, #+12]
   \   00000062   0xF44F 0x6080      MOV      R0,#+1024
   \   00000066   0x9002             STR      R0,[SP, #+8]
   \   00000068   0x....             LDR.N    R0,??DataTable1_5
   \   0000006A   0x9001             STR      R0,[SP, #+4]
   \   0000006C   0x2018             MOVS     R0,#+24
   \   0000006E   0x9000             STR      R0,[SP, #+0]
   \   00000070   0x2318             MOVS     R3,#+24
   \   00000072   0x....             LDR.N    R2,??DataTable1_6
   \   00000074   0x2100             MOVS     R1,#+0
   \   00000076   0x....             LDR.N    R0,??DataTable1_7
   \   00000078   0x.... 0x....      BL       OSTaskCreateExt
     88            
     89              OSTaskCreateExt((void (*)(void *)) App_Task_GprsRadio,
     90                              (void           *) 0,
     91                              (OS_STK         *)&App_TaskGprsRadioStk[APP_CFG_TASK_GPRSRADIO_STK_SIZE - 1],
     92                              (INT8U           ) APP_CFG_TASK_GPRSRADIO_PRIO,
     93                              (INT16U          ) APP_CFG_TASK_GPRSRADIO_PRIO,
     94                              (OS_STK         *)&App_TaskGprsRadioStk[0],
     95                              (INT32U          ) APP_CFG_TASK_GPRSRADIO_STK_SIZE,
     96                              (void           *) 0,
     97                              (INT8U           )(OS_TASK_OPT_STK_CHK | OS_TASK_OPT_STK_CLR));
   \   0000007C   0x2003             MOVS     R0,#+3
   \   0000007E   0x9004             STR      R0,[SP, #+16]
   \   00000080   0x2000             MOVS     R0,#+0
   \   00000082   0x9003             STR      R0,[SP, #+12]
   \   00000084   0xF44F 0x6080      MOV      R0,#+1024
   \   00000088   0x9002             STR      R0,[SP, #+8]
   \   0000008A   0x....             LDR.N    R0,??DataTable1_8
   \   0000008C   0x9001             STR      R0,[SP, #+4]
   \   0000008E   0x201B             MOVS     R0,#+27
   \   00000090   0x9000             STR      R0,[SP, #+0]
   \   00000092   0x231B             MOVS     R3,#+27
   \   00000094   0x....             LDR.N    R2,??DataTable1_9
   \   00000096   0x2100             MOVS     R1,#+0
   \   00000098   0x....             LDR.N    R0,??DataTable1_10
   \   0000009A   0x.... 0x....      BL       OSTaskCreateExt
     98              
     99               OSTaskCreateExt((void (*)(void *)) App_Task_COM,
    100                              (void           *) 0,
    101                              (OS_STK         *)&App_TaskCOMStk[APP_CFG_TASK_COM_STK_SIZE - 1],
    102                              (INT8U           ) APP_CFG_TASK_COM_PRIO,
    103                              (INT16U          ) APP_CFG_TASK_COM_PRIO,
    104                              (OS_STK         *)&App_TaskCOMStk[0],
    105                              (INT32U          ) APP_CFG_TASK_COM_STK_SIZE,
    106                              (void           *) 0,
    107                              (INT8U           )(OS_TASK_OPT_STK_CHK | OS_TASK_OPT_STK_CLR));
   \   0000009E   0x2003             MOVS     R0,#+3
   \   000000A0   0x9004             STR      R0,[SP, #+16]
   \   000000A2   0x2000             MOVS     R0,#+0
   \   000000A4   0x9003             STR      R0,[SP, #+12]
   \   000000A6   0xF44F 0x7000      MOV      R0,#+512
   \   000000AA   0x9002             STR      R0,[SP, #+8]
   \   000000AC   0x....             LDR.N    R0,??DataTable1_11
   \   000000AE   0x9001             STR      R0,[SP, #+4]
   \   000000B0   0x201A             MOVS     R0,#+26
   \   000000B2   0x9000             STR      R0,[SP, #+0]
   \   000000B4   0x231A             MOVS     R3,#+26
   \   000000B6   0x....             LDR.N    R2,??DataTable1_12
   \   000000B8   0x2100             MOVS     R1,#+0
   \   000000BA   0x.... 0x....      ADR.W    R0,App_Task_COM
   \   000000BE   0x.... 0x....      BL       OSTaskCreateExt
    108          
    109              OSTaskCreateExt((void (*)(void *)) App_Task_LedKey,
    110              (void           *) 0,
    111              (OS_STK         *)&App_TaskLedKeyStk[APP_CFG_TASK_LEDKEY_STK_SIZE - 1],
    112              (INT8U           ) APP_CFG_TASK_LEDKEY_PRIO,
    113              (INT16U          ) APP_CFG_TASK_LEDKEY_PRIO,
    114              (OS_STK         *)&App_TaskLedKeyStk[0],
    115              (INT32U          ) APP_CFG_TASK_LEDKEY_STK_SIZE,
    116              (void           *) 0,
    117              (INT8U           )(OS_TASK_OPT_STK_CHK | OS_TASK_OPT_STK_CLR));
   \   000000C2   0x2003             MOVS     R0,#+3
   \   000000C4   0x9004             STR      R0,[SP, #+16]
   \   000000C6   0x2000             MOVS     R0,#+0
   \   000000C8   0x9003             STR      R0,[SP, #+12]
   \   000000CA   0x2080             MOVS     R0,#+128
   \   000000CC   0x9002             STR      R0,[SP, #+8]
   \   000000CE   0x....             LDR.N    R0,??DataTable1_13
   \   000000D0   0x9001             STR      R0,[SP, #+4]
   \   000000D2   0x2019             MOVS     R0,#+25
   \   000000D4   0x9000             STR      R0,[SP, #+0]
   \   000000D6   0x2319             MOVS     R3,#+25
   \   000000D8   0x....             LDR.N    R2,??DataTable1_14
   \   000000DA   0x2100             MOVS     R1,#+0
   \   000000DC   0x....             LDR.N    R0,??DataTable1_15
   \   000000DE   0x.... 0x....      BL       OSTaskCreateExt
    118            
    119              OSStart();
   \   000000E2   0x.... 0x....      BL       OSStart
    120          }
   \   000000E6   0x2000             MOVS     R0,#+0
   \   000000E8   0xB005             ADD      SP,SP,#+20
   \   000000EA   0xBD00             POP      {PC}             ;; return
    121          

   \                                 In section .text, align 4, keep-with-next
    122          void  App_Task_COM (void *p_arg)
    123          {
   \                     App_Task_COM:
   \   00000000   0xB510             PUSH     {R4,LR}
   \   00000002   0x0004             MOVS     R4,R0
    124            while(1)
    125            {
    126              TaskGo[3] = 0;
   \                     ??App_Task_COM_0:
   \   00000004   0x....             LDR.N    R0,??DataTable1
   \   00000006   0x2100             MOVS     R1,#+0
   \   00000008   0x70C1             STRB     R1,[R0, #+3]
    127               if(g_DeviceCOM.WrSp != g_DeviceCOM.RdSp) //COM口收到数据
   \   0000000A   0x....             LDR.N    R0,??DataTable1_16
   \   0000000C   0x8B00             LDRH     R0,[R0, #+24]
   \   0000000E   0x....             LDR.N    R1,??DataTable1_16
   \   00000010   0x8B49             LDRH     R1,[R1, #+26]
   \   00000012   0x4288             CMP      R0,R1
   \   00000014   0xD00B             BEQ.N    ??App_Task_COM_1
    128                {  
    129                  g_RtuStatus.cmd_port = 1;
   \   00000016   0x....             LDR.N    R0,??DataTable1_17
   \   00000018   0x2101             MOVS     R1,#+1
   \   0000001A   0xF880 0x102F      STRB     R1,[R0, #+47]
    130                  ProcessData_HUACE(g_DeviceCOM.Buf, &g_DeviceCOM.RdSp, g_DeviceCOM.WrSp, &HcMsgCom);
   \   0000001E   0x....             LDR.N    R3,??DataTable1_18
   \   00000020   0x....             LDR.N    R0,??DataTable1_16
   \   00000022   0x8B02             LDRH     R2,[R0, #+24]
   \   00000024   0x....             LDR.N    R1,??DataTable1_19
   \   00000026   0x....             LDR.N    R0,??DataTable1_16
   \   00000028   0x6940             LDR      R0,[R0, #+20]
   \   0000002A   0x.... 0x....      BL       ProcessData_HUACE
    131                  //continue;  
    132                }
    133               OSTimeDlyHMSM(0, 0, 0, 50);
   \                     ??App_Task_COM_1:
   \   0000002E   0x2332             MOVS     R3,#+50
   \   00000030   0x2200             MOVS     R2,#+0
   \   00000032   0x2100             MOVS     R1,#+0
   \   00000034   0x2000             MOVS     R0,#+0
   \   00000036   0x.... 0x....      BL       OSTimeDlyHMSM
   \   0000003A   0xE7E3             B.N      ??App_Task_COM_0
    134            }
    135          }

   \                                 In section .text, align 4, keep-with-next
   \                     ??DataTable1:
   \   00000000   0x........         DC32     TaskGo

   \                                 In section .text, align 4, keep-with-next
   \                     ??DataTable1_1:
   \   00000000   0x........         DC32     rain_para

   \                                 In section .text, align 4, keep-with-next
   \                     ??DataTable1_2:
   \   00000000   0x........         DC32     bd_para

   \                                 In section .text, align 4, keep-with-next
   \                     ??DataTable1_3:
   \   00000000   0xE000ED0C         DC32     0xe000ed0c

   \                                 In section .text, align 4, keep-with-next
   \                     ??DataTable1_4:
   \   00000000   0x05FA0700         DC32     0x5fa0700

   \                                 In section .text, align 4, keep-with-next
   \                     ??DataTable1_5:
   \   00000000   0x........         DC32     App_TaskBtComStk

   \                                 In section .text, align 4, keep-with-next
   \                     ??DataTable1_6:
   \   00000000   0x........         DC32     App_TaskBtComStk+0xFFC

   \                                 In section .text, align 4, keep-with-next
   \                     ??DataTable1_7:
   \   00000000   0x........         DC32     App_Task_BtCom

   \                                 In section .text, align 4, keep-with-next
   \                     ??DataTable1_8:
   \   00000000   0x........         DC32     App_TaskGprsRadioStk

   \                                 In section .text, align 4, keep-with-next
   \                     ??DataTable1_9:
   \   00000000   0x........         DC32     App_TaskGprsRadioStk+0xFFC

   \                                 In section .text, align 4, keep-with-next
   \                     ??DataTable1_10:
   \   00000000   0x........         DC32     App_Task_GprsRadio

   \                                 In section .text, align 4, keep-with-next
   \                     ??DataTable1_11:
   \   00000000   0x........         DC32     App_TaskCOMStk

   \                                 In section .text, align 4, keep-with-next
   \                     ??DataTable1_12:
   \   00000000   0x........         DC32     App_TaskCOMStk+0x7FC

   \                                 In section .text, align 4, keep-with-next
   \                     ??DataTable1_13:
   \   00000000   0x........         DC32     App_TaskLedKeyStk

   \                                 In section .text, align 4, keep-with-next
   \                     ??DataTable1_14:
   \   00000000   0x........         DC32     App_TaskLedKeyStk+0x1FC

   \                                 In section .text, align 4, keep-with-next
   \                     ??DataTable1_15:
   \   00000000   0x........         DC32     App_Task_LedKey

   \                                 In section .text, align 4, keep-with-next
   \                     ??DataTable1_16:
   \   00000000   0x........         DC32     g_DeviceCOM

   \                                 In section .text, align 4, keep-with-next
   \                     ??DataTable1_17:
   \   00000000   0x........         DC32     g_RtuStatus

   \                                 In section .text, align 4, keep-with-next
   \                     ??DataTable1_18:
   \   00000000   0x........         DC32     HcMsgCom

   \                                 In section .text, align 4, keep-with-next
   \                     ??DataTable1_19:
   \   00000000   0x........         DC32     g_DeviceCOM+0x1A
    136          
    137          

   Maximum stack usage in bytes:

   .cstack Function
   ------- --------
       8   App_Task_COM
         8   -> OSTimeDlyHMSM
         8   -> ProcessData_HUACE
      24   main
        24   -> Board_Gpio_Init
        24   -> Board_LED_Control
        24   -> Board_LED_Init
        24   -> Board_Switch_Init
        24   -> OSInit
        24   -> OSStart
        24   -> OSTaskCreateExt
        24   -> SYSTICK_Cmd
        24   -> SYSTICK_IntCmd
        24   -> SYSTICK_InternalInit
        24   -> SystemCoreClockUpdate
        24   -> memset
        24   -> rtc_init
        24   -> wdt_init
      16   memset
        16   -> __aeabi_memset


   Section sizes:

   Bytes  Function/Label
   -----  --------------
       4  ??DataTable1
       4  ??DataTable1_1
       4  ??DataTable1_10
       4  ??DataTable1_11
       4  ??DataTable1_12
       4  ??DataTable1_13
       4  ??DataTable1_14
       4  ??DataTable1_15
       4  ??DataTable1_16
       4  ??DataTable1_17
       4  ??DataTable1_18
       4  ??DataTable1_19
       4  ??DataTable1_2
       4  ??DataTable1_3
       4  ??DataTable1_4
       4  ??DataTable1_5
       4  ??DataTable1_6
       4  ??DataTable1_7
       4  ??DataTable1_8
       4  ??DataTable1_9
    4096  App_TaskBtComStk
    2048  App_TaskCOMStk
    4096  App_TaskGprsRadioStk
     512  App_TaskLedKeyStk
      60  App_Task_COM
       8  HcMsgCom
       1  bSenValid
       1  bSenok
       2  g_LowLatency
     236  main
      22  memset

 
 10 763 bytes in section .bss
      1 byte  in section .data
    398 bytes in section .text
 
    376 bytes of CODE memory (+ 22 bytes shared)
 10 764 bytes of DATA memory

Errors: none
Warnings: 1
