###############################################################################
#                                                                             #
# IAR ANSI C/C++ Compiler V6.50.6.4896/W32 for ARM      05/Apr/2017  15:06:10 #
# Copyright 1999-2013 IAR Systems AB.                                         #
#                                                                             #
#    Cpu mode     =  thumb                                                    #
#    Endian       =  little                                                   #
#    Source file  =  D:\wangfan2\×ÀÃæ\RTU_1.3\USB\sd_dsk_desc.c               #
#    Command line =  D:\wangfan2\×ÀÃæ\RTU_1.3\USB\sd_dsk_desc.c -lCN          #
#                    D:\wangfan2\×ÀÃæ\RTU_1.3\project\iar\Debug\List\ -o      #
#                    D:\wangfan2\×ÀÃæ\RTU_1.3\project\iar\Debug\Obj\          #
#                    --no_cse --no_unroll --no_inline --no_code_motion        #
#                    --no_tbaa --no_clustering --no_scheduling --debug        #
#                    --endian=little --cpu=Cortex-M3 -e --fpu=None            #
#                    --dlib_config "C:\Program Files (x86)\IAR                #
#                    Systems\Embedded Workbench 6.5_2\arm\INC\c\DLib_Config_F #
#                    ull.h" -I D:\wangfan2\×ÀÃæ\RTU_1.3\project\iar\ -I       #
#                    D:\wangfan2\×ÀÃæ\RTU_1.3\project\iar\..\..\BSP\ -I       #
#                    D:\wangfan2\×ÀÃæ\RTU_1.3\project\iar\..\..\BSP\ADC\ -I   #
#                    D:\wangfan2\×ÀÃæ\RTU_1.3\project\iar\..\..\BSP\RTC\ -I   #
#                    D:\wangfan2\×ÀÃæ\RTU_1.3\project\iar\..\..\BSP\TILT\ -I  #
#                    D:\wangfan2\×ÀÃæ\RTU_1.3\project\iar\..\..\BSP\RDLevel\  #
#                    -I D:\wangfan2\×ÀÃæ\RTU_1.3\project\iar\..\..\BSP\RS232\ #
#                     -I D:\wangfan2\×ÀÃæ\RTU_1.3\project\iar\..\..\BSP\OS-v2 #
#                    \ -I D:\wangfan2\×ÀÃæ\RTU_1.3\project\iar\..\..\BSP\Vibr #
#                    ationString\ -I D:\wangfan2\×ÀÃæ\RTU_1.3\project\iar\..\ #
#                    ..\ucos2\uCOS-II\Ports\ARM-Cortex-M3\Generic\IAR\ -I     #
#                    D:\wangfan2\×ÀÃæ\RTU_1.3\project\iar\..\..\ucos2\uCOS-II #
#                    \Source\ -I D:\wangfan2\×ÀÃæ\RTU_1.3\project\iar\..\..\u #
#                    cos2\uC-LIB\ -I D:\wangfan2\×ÀÃæ\RTU_1.3\project\iar\..\ #
#                    ..\ucos2\uC-CPU\ -I D:\wangfan2\×ÀÃæ\RTU_1.3\project\iar #
#                    \..\..\ucos2\uC-CPU\ARM-Cortex-M3\IAR\ -I                #
#                    D:\wangfan2\×ÀÃæ\RTU_1.3\project\iar\..\..\cmsis\Drivers #
#                    \source\ -I D:\wangfan2\×ÀÃæ\RTU_1.3\project\iar\..\..\c #
#                    msis\Drivers\include\ -I D:\wangfan2\×ÀÃæ\RTU_1.3\projec #
#                    t\iar\..\..\app\ -I D:\wangfan2\×ÀÃæ\RTU_1.3\project\iar #
#                    \..\..\uC-Probe\Target\Plugins\uCOS-II\ -I               #
#                    D:\wangfan2\×ÀÃæ\RTU_1.3\project\iar\..\..\uC-Probe\Targ #
#                    et\Demos\Intro\Workspaces\ -I                            #
#                    D:\wangfan2\×ÀÃæ\RTU_1.3\project\iar\..\..\uC-Probe\Targ #
#                    et\Demos\Intro\Source\ -I D:\wangfan2\×ÀÃæ\RTU_1.3\proje #
#                    ct\iar\..\..\uC-Probe\Target\Communication\Generic\Sourc #
#                    e\ -I D:\wangfan2\×ÀÃæ\RTU_1.3\project\iar\..\..\uC-Prob #
#                    e\Target\Communication\Generic\RS-232\Source\ -I         #
#                    D:\wangfan2\×ÀÃæ\RTU_1.3\project\iar\..\..\uC-Probe\Targ #
#                    et\Communication\Generic\RS-232\Ports\NXP\LPC17xx\ -I    #
#                    D:\wangfan2\×ÀÃæ\RTU_1.3\project\iar\..\..\uC-Probe\Targ #
#                    et\Communication\Generic\RS-232\OS\uCOS-II\ -I           #
#                    D:\wangfan2\×ÀÃæ\RTU_1.3\project\iar\..\..\cmsis\Core\CM #
#                    3\CoreSupport\ -I D:\wangfan2\×ÀÃæ\RTU_1.3\project\iar\. #
#                    .\..\cmsis\Core\CM3\DeviceSupport\NXP\LPC177x_8x\ -I     #
#                    D:\wangfan2\×ÀÃæ\RTU_1.3\project\iar\..\..\HuaceApp\ -I  #
#                    D:\wangfan2\×ÀÃæ\RTU_1.3\project\iar\..\..\HuaceApp\DEVI #
#                    CE_BT\ -I D:\wangfan2\×ÀÃæ\RTU_1.3\project\iar\..\..\Hua #
#                    ceApp\DEVICE_COM\ -I D:\wangfan2\×ÀÃæ\RTU_1.3\project\ia #
#                    r\..\..\HuaceApp\DEVICE_GPRS\ -I                         #
#                    D:\wangfan2\×ÀÃæ\RTU_1.3\project\iar\..\..\HuaceApp\DEVI #
#                    CE_GPS\ -I D:\wangfan2\×ÀÃæ\RTU_1.3\project\iar\..\..\Hu #
#                    aceApp\DEVICE_RADIO\ -I D:\wangfan2\×ÀÃæ\RTU_1.3\project #
#                    \iar\..\..\HuaceApp\iap\ -I                              #
#                    D:\wangfan2\×ÀÃæ\RTU_1.3\project\iar\..\..\FatFs\ -I     #
#                    D:\wangfan2\×ÀÃæ\RTU_1.3\project\iar\..\..\USB\ -I       #
#                    D:\wangfan2\×ÀÃæ\RTU_1.3\project\iar\..\..\bsp\spi_flash #
#                    \ -I D:\wangfan2\×ÀÃæ\RTU_1.3\project\iar\..\..\HuaceApp #
#                    \LED\ -On --use_c++_inline                               #
#    List file    =  D:\wangfan2\×ÀÃæ\RTU_1.3\project\iar\Debug\List\sd_dsk_d #
#                    esc.lst                                                  #
#    Object file  =  D:\wangfan2\×ÀÃæ\RTU_1.3\project\iar\Debug\Obj\sd_dsk_de #
#                    sc.o                                                     #
#                                                                             #
#                                                                             #
###############################################################################

D:\wangfan2\×ÀÃæ\RTU_1.3\USB\sd_dsk_desc.c
      1          /*************************************************************************
      2           *
      3           *    Used with ICCARM and AARM.
      4           *
      5           *    (c) Copyright IAR Systems 2008
      6           *
      7           *    File name   : sd_dsk_desc.c
      8           *    Description : MMC/SD descriptor
      9           *
     10           *    History :
     11           *    1. Date        : May 15, 2008
     12           *       Author      : Stanimir Bonev
     13           *       Description : Create
     14           *
     15           *    $Revision: 28532 $
     16          **************************************************************************/
     17          #define  SD_DISK_DESC_GLOBAL
     18          #include "sd_dsk_desc.h"
     19          
     20          #pragma data_alignment=4

   \                                 In section .rodata, align 4
     21          const Int8U SdDskInquiry[] =
   \                     SdDskInquiry:
   \   00000000   0x00 0x80          DC8 0, 128, 5, 2, 32, 0, 0, 0, 79, 76, 73, 77, 69, 88, 32, 32, 76, 80
   \              0x05 0x02    
   \              0x20 0x00    
   \              0x00 0x00    
   \              0x4F 0x4C    
   \              0x49 0x4D    
   \              0x45 0x58    
   \              0x20 0x20    
   \              0x4C 0x50    
   \   00000012   0x43 0x31          DC8 67, 49, 55, 54, 54, 32, 83, 116, 111, 114, 97, 103, 101, 32, 49, 46
   \              0x37 0x36    
   \              0x36 0x20    
   \              0x53 0x74    
   \              0x6F 0x72    
   \              0x61 0x67    
   \              0x65 0x20    
   \              0x31 0x2E    
   \   00000022   0x30 0x30          DC8 48, 48
     22          {
     23          // 0 PERIPHERAL QUALIFIER PERIPHERAL DEVICE TYPE
     24            SbcDirectAccess,
     25          //1 RMB
     26            SpcInquiryRemovableMedium,
     27          // 2 VERSION
     28            SpcInquiryStandartVersion,
     29          // 3 AERC Obsolete NORMACA HISUP RESPONSE DATA FORMAT
     30            0x02,
     31          // 4 ADDITIONAL LENGTH (n-4)
     32            36-4,
     33          // 5 SCCS
     34            0x00,
     35          // for parallel SCSI only
     36          // 6 BQUE ENCSERV VS MULTIP MCHNGR Obsolete Obsolete ADDR16†
     37            0x00,
     38          // 7 RELADR Obsolete WBUS16† SYNC† LINKED Obsolete CMDQUE VS
     39            0x00,
     40          // 8 - 15 VENDOR IDENTIFICATION
     41            'O','L','I','M','E','X',' ',' ',
     42          // 16 - 31 PRODUCT IDENTIFICATION
     43            'L','P','C','1','7','6','6',' ','S','t','o','r','a','g','e',' ',
     44          // 32 - 35 PRODUCT REVISION LEVEL
     45            '1','.','0','0',
     46          };
     47          
     48          


   Section sizes:

   Bytes  Function/Label
   -----  --------------
      36  SdDskInquiry

 
 36 bytes in section .rodata
 
 36 bytes of CONST memory

Errors: none
Warnings: none
