###############################################################################
#                                                                             #
# IAR ANSI C/C++ Compiler V6.50.6.4896/W32 for ARM      11/Mar/2017  15:34:35 #
# Copyright 1999-2013 IAR Systems AB.                                         #
#                                                                             #
#    Cpu mode     =  thumb                                                    #
#    Endian       =  little                                                   #
#    Source file  =  D:\wangfan2\×ÀÃæ\receiverfirm\RTU\´úÂë\RTU_1.2\bsp\WDT\W #
#                    DT.c                                                     #
#    Command line =  D:\wangfan2\×ÀÃæ\receiverfirm\RTU\´úÂë\RTU_1.2\bsp\WDT\W #
#                    DT.c -lCN D:\wangfan2\×ÀÃæ\receiverfirm\RTU\´úÂë\RTU_1.2 #
#                    \project\iar\Debug\List\ -o                              #
#                    D:\wangfan2\×ÀÃæ\receiverfirm\RTU\´úÂë\RTU_1.2\project\i #
#                    ar\Debug\Obj\ --no_cse --no_unroll --no_inline           #
#                    --no_code_motion --no_tbaa --no_clustering               #
#                    --no_scheduling --debug --endian=little --cpu=Cortex-M3  #
#                    -e --fpu=None --dlib_config "C:\Program Files (x86)\IAR  #
#                    Systems\Embedded Workbench 6.5_2\arm\INC\c\DLib_Config_F #
#                    ull.h" -I D:\wangfan2\×ÀÃæ\receiverfirm\RTU\´úÂë\RTU_1.2 #
#                    \project\iar\ -I D:\wangfan2\×ÀÃæ\receiverfirm\RTU\´úÂë\ #
#                    RTU_1.2\project\iar\..\..\BSP\ -I                        #
#                    D:\wangfan2\×ÀÃæ\receiverfirm\RTU\´úÂë\RTU_1.2\project\i #
#                    ar\..\..\BSP\ADC\ -I D:\wangfan2\×ÀÃæ\receiverfirm\RTU\´ #
#                    úÂë\RTU_1.2\project\iar\..\..\BSP\RTC\ -I                #
#                    D:\wangfan2\×ÀÃæ\receiverfirm\RTU\´úÂë\RTU_1.2\project\i #
#                    ar\..\..\BSP\TILT\ -I D:\wangfan2\×ÀÃæ\receiverfirm\RTU\ #
#                    ´úÂë\RTU_1.2\project\iar\..\..\BSP\RDLevel\ -I           #
#                    D:\wangfan2\×ÀÃæ\receiverfirm\RTU\´úÂë\RTU_1.2\project\i #
#                    ar\..\..\BSP\RS232\ -I D:\wangfan2\×ÀÃæ\receiverfirm\RTU #
#                    \´úÂë\RTU_1.2\project\iar\..\..\BSP\OS-v2\ -I            #
#                    D:\wangfan2\×ÀÃæ\receiverfirm\RTU\´úÂë\RTU_1.2\project\i #
#                    ar\..\..\BSP\VibrationString\ -I                         #
#                    D:\wangfan2\×ÀÃæ\receiverfirm\RTU\´úÂë\RTU_1.2\project\i #
#                    ar\..\..\ucos2\uCOS-II\Ports\ARM-Cortex-M3\Generic\IAR\  #
#                    -I D:\wangfan2\×ÀÃæ\receiverfirm\RTU\´úÂë\RTU_1.2\projec #
#                    t\iar\..\..\ucos2\uCOS-II\Source\ -I                     #
#                    D:\wangfan2\×ÀÃæ\receiverfirm\RTU\´úÂë\RTU_1.2\project\i #
#                    ar\..\..\ucos2\uC-LIB\ -I D:\wangfan2\×ÀÃæ\receiverfirm\ #
#                    RTU\´úÂë\RTU_1.2\project\iar\..\..\ucos2\uC-CPU\ -I      #
#                    D:\wangfan2\×ÀÃæ\receiverfirm\RTU\´úÂë\RTU_1.2\project\i #
#                    ar\..\..\ucos2\uC-CPU\ARM-Cortex-M3\IAR\ -I              #
#                    D:\wangfan2\×ÀÃæ\receiverfirm\RTU\´úÂë\RTU_1.2\project\i #
#                    ar\..\..\cmsis\Drivers\source\ -I                        #
#                    D:\wangfan2\×ÀÃæ\receiverfirm\RTU\´úÂë\RTU_1.2\project\i #
#                    ar\..\..\cmsis\Drivers\include\ -I                       #
#                    D:\wangfan2\×ÀÃæ\receiverfirm\RTU\´úÂë\RTU_1.2\project\i #
#                    ar\..\..\app\ -I D:\wangfan2\×ÀÃæ\receiverfirm\RTU\´úÂë\ #
#                    RTU_1.2\project\iar\..\..\uC-Probe\Target\Plugins\uCOS-I #
#                    I\ -I D:\wangfan2\×ÀÃæ\receiverfirm\RTU\´úÂë\RTU_1.2\pro #
#                    ject\iar\..\..\uC-Probe\Target\Demos\Intro\Workspaces\   #
#                    -I D:\wangfan2\×ÀÃæ\receiverfirm\RTU\´úÂë\RTU_1.2\projec #
#                    t\iar\..\..\uC-Probe\Target\Demos\Intro\Source\ -I       #
#                    D:\wangfan2\×ÀÃæ\receiverfirm\RTU\´úÂë\RTU_1.2\project\i #
#                    ar\..\..\uC-Probe\Target\Communication\Generic\Source\   #
#                    -I D:\wangfan2\×ÀÃæ\receiverfirm\RTU\´úÂë\RTU_1.2\projec #
#                    t\iar\..\..\uC-Probe\Target\Communication\Generic\RS-232 #
#                    \Source\ -I D:\wangfan2\×ÀÃæ\receiverfirm\RTU\´úÂë\RTU_1 #
#                    .2\project\iar\..\..\uC-Probe\Target\Communication\Gener #
#                    ic\RS-232\Ports\NXP\LPC17xx\ -I                          #
#                    D:\wangfan2\×ÀÃæ\receiverfirm\RTU\´úÂë\RTU_1.2\project\i #
#                    ar\..\..\uC-Probe\Target\Communication\Generic\RS-232\OS #
#                    \uCOS-II\ -I D:\wangfan2\×ÀÃæ\receiverfirm\RTU\´úÂë\RTU_ #
#                    1.2\project\iar\..\..\cmsis\Core\CM3\CoreSupport\ -I     #
#                    D:\wangfan2\×ÀÃæ\receiverfirm\RTU\´úÂë\RTU_1.2\project\i #
#                    ar\..\..\cmsis\Core\CM3\DeviceSupport\NXP\LPC177x_8x\    #
#                    -I D:\wangfan2\×ÀÃæ\receiverfirm\RTU\´úÂë\RTU_1.2\projec #
#                    t\iar\..\..\HuaceApp\ -I D:\wangfan2\×ÀÃæ\receiverfirm\R #
#                    TU\´úÂë\RTU_1.2\project\iar\..\..\HuaceApp\DEVICE_BT\    #
#                    -I D:\wangfan2\×ÀÃæ\receiverfirm\RTU\´úÂë\RTU_1.2\projec #
#                    t\iar\..\..\HuaceApp\DEVICE_COM\ -I                      #
#                    D:\wangfan2\×ÀÃæ\receiverfirm\RTU\´úÂë\RTU_1.2\project\i #
#                    ar\..\..\HuaceApp\DEVICE_GPRS\ -I                        #
#                    D:\wangfan2\×ÀÃæ\receiverfirm\RTU\´úÂë\RTU_1.2\project\i #
#                    ar\..\..\HuaceApp\DEVICE_GPS\ -I                         #
#                    D:\wangfan2\×ÀÃæ\receiverfirm\RTU\´úÂë\RTU_1.2\project\i #
#                    ar\..\..\HuaceApp\DEVICE_RADIO\ -I                       #
#                    D:\wangfan2\×ÀÃæ\receiverfirm\RTU\´úÂë\RTU_1.2\project\i #
#                    ar\..\..\HuaceApp\iap\ -I D:\wangfan2\×ÀÃæ\receiverfirm\ #
#                    RTU\´úÂë\RTU_1.2\project\iar\..\..\FatFs\ -I             #
#                    D:\wangfan2\×ÀÃæ\receiverfirm\RTU\´úÂë\RTU_1.2\project\i #
#                    ar\..\..\USB\ -I D:\wangfan2\×ÀÃæ\receiverfirm\RTU\´úÂë\ #
#                    RTU_1.2\project\iar\..\..\bsp\spi_flash\ -I              #
#                    D:\wangfan2\×ÀÃæ\receiverfirm\RTU\´úÂë\RTU_1.2\project\i #
#                    ar\..\..\HuaceApp\LED\ -On --use_c++_inline              #
#    List file    =  D:\wangfan2\×ÀÃæ\receiverfirm\RTU\´úÂë\RTU_1.2\project\i #
#                    ar\Debug\List\WDT.lst                                    #
#    Object file  =  D:\wangfan2\×ÀÃæ\receiverfirm\RTU\´úÂë\RTU_1.2\project\i #
#                    ar\Debug\Obj\WDT.o                                       #
#                                                                             #
#                                                                             #
###############################################################################

D:\wangfan2\×ÀÃæ\receiverfirm\RTU\´úÂë\RTU_1.2\bsp\WDT\WDT.c
      1          #include "WDT.h"
      2          

   \                                 In section .text, align 4, keep-with-next
      3          void wdt_init(void)
      4          {
   \                     wdt_init:
   \   00000000   0xB580             PUSH     {R7,LR}
      5            if (WWDT_GetStatus(WWDT_TIMEOUT_FLAG))
   \   00000002   0x2001             MOVS     R0,#+1
   \   00000004   0x.... 0x....      BL       WWDT_GetStatus
   \   00000008   0x2800             CMP      R0,#+0
   \   0000000A   0xD001             BEQ.N    ??wdt_init_0
      6            {
      7              // Clear WDT TimeOut
      8              WWDT_ClrTimeOutFlag();
   \   0000000C   0x.... 0x....      BL       WWDT_ClrTimeOutFlag
      9            } 
     10            
     11            // Initialize WDT, IRC OSC, interrupt mode
     12            WWDT_Init(WDT_TIME_OUT);
   \                     ??wdt_init_0:
   \   00000010   0x4807             LDR.N    R0,??wdt_init_1  ;; 0x1c9c380
   \   00000012   0x.... 0x....      BL       WWDT_Init
     13            
     14            WWDT_Enable(ENABLE);
   \   00000016   0x2001             MOVS     R0,#+1
   \   00000018   0x.... 0x....      BL       WWDT_Enable
     15            
     16            WWDT_SetMode(WWDT_RESET_MODE, ENABLE);
   \   0000001C   0x2101             MOVS     R1,#+1
   \   0000001E   0x2001             MOVS     R0,#+1
   \   00000020   0x.... 0x....      BL       WWDT_SetMode
     17            
     18            // Start watchdog with timeout given
     19            WWDT_Start(WDT_TIME_OUT);
   \   00000024   0x4802             LDR.N    R0,??wdt_init_1  ;; 0x1c9c380
   \   00000026   0x.... 0x....      BL       WWDT_Start
     20            
     21            WWDT_Feed();
   \   0000002A   0x.... 0x....      BL       WWDT_Feed
     22          }
   \   0000002E   0xBD01             POP      {R0,PC}          ;; return
   \                     ??wdt_init_1:
   \   00000030   0x01C9C380         DC32     0x1c9c380

   Maximum stack usage in bytes:

   .cstack Function
   ------- --------
       8   wdt_init
         8   -> WWDT_ClrTimeOutFlag
         8   -> WWDT_Enable
         8   -> WWDT_Feed
         8   -> WWDT_GetStatus
         8   -> WWDT_Init
         8   -> WWDT_SetMode
         8   -> WWDT_Start


   Section sizes:

   Bytes  Function/Label
   -----  --------------
      52  wdt_init

 
 52 bytes in section .text
 
 52 bytes of CODE memory

Errors: none
Warnings: none
