


ARM Macro Assembler    Page 1 


    1 00000000         ;/******************************************************
                       ***********************
    2 00000000         ; * @file:    startup_LPC177x_8x.s 
    3 00000000         ; * @purpose: CMSIS Cortex-M3 Core Device Startup File
    4 00000000         ; *           for the NXP LPC177x_8x Device Series 
    5 00000000         ; * @version: V1.20
    6 00000000         ; * @date:    07. October 2010
    7 00000000         ; *------- <<< Use Configuration Wizard in Context Menu 
                       >>> ------------------
    8 00000000         ; *
    9 00000000         ; * Copyright (C) 2010 ARM Limited. All rights reserved.
                       
   10 00000000         ; * ARM Limited (ARM) is supplying this software for use
                        with Cortex-M3
   11 00000000         ; * processor based microcontrollers.  This file can be 
                       freely distributed
   12 00000000         ; * within development tools that are supporting such AR
                       M based processors.
   13 00000000         ; *
   14 00000000         ; * THIS SOFTWARE IS PROVIDED "AS IS".  NO WARRANTIES, W
                       HETHER EXPRESS, IMPLIED
   15 00000000         ; * OR STATUTORY, INCLUDING, BUT NOT LIMITED TO, IMPLIED
                        WARRANTIES OF
   16 00000000         ; * MERCHANTABILITY AND FITNESS FOR A PARTICULAR PURPOSE
                        APPLY TO THIS SOFTWARE.
   17 00000000         ; * ARM SHALL NOT, IN ANY CIRCUMSTANCES, BE LIABLE FOR S
                       PECIAL, INCIDENTAL, OR
   18 00000000         ; * CONSEQUENTIAL DAMAGES, FOR ANY REASON WHATSOEVER.
   19 00000000         ; *
   20 00000000         ; ******************************************************
                       ***********************/
   21 00000000         
   22 00000000         
   23 00000000         ; <h> Stack Configuration
   24 00000000         ;   <o> Stack Size (in Bytes) <0x0-0xFFFFFFFF:8>
   25 00000000         ; </h>
   26 00000000         
   27 00000000 00000200 
                       Stack_Size
                               EQU              0x00000200
   28 00000000         
   29 00000000                 AREA             STACK, NOINIT, READWRITE, ALIGN
=3
   30 00000000         Stack_Mem
                               SPACE            Stack_Size
   31 00000200         __initial_sp
   32 00000200         
   33 00000200         
   34 00000200         ; <h> Heap Configuration
   35 00000200         ;   <o>  Heap Size (in Bytes) <0x0-0xFFFFFFFF:8>
   36 00000200         ; </h>
   37 00000200         
   38 00000200 00000000 
                       Heap_Size
                               EQU              0x00000000
   39 00000200         
   40 00000200                 AREA             HEAP, NOINIT, READWRITE, ALIGN=
3
   41 00000000         __heap_base



ARM Macro Assembler    Page 2 


   42 00000000         Heap_Mem
                               SPACE            Heap_Size
   43 00000000         __heap_limit
   44 00000000         
   45 00000000         
   46 00000000                 PRESERVE8
   47 00000000                 THUMB
   48 00000000         
   49 00000000         
   50 00000000         ; Vector Table Mapped to Address 0 at Reset
   51 00000000         
   52 00000000                 AREA             RESET, DATA, READONLY
   53 00000000                 EXPORT           __Vectors
   54 00000000         
   55 00000000 00000000 
                       __Vectors
                               DCD              __initial_sp ; Top of Stack
   56 00000004 00000000        DCD              Reset_Handler ; Reset Handler
   57 00000008 00000000        DCD              NMI_Handler ; NMI Handler
   58 0000000C 00000000        DCD              HardFault_Handler ; Hard Fault 
                                                            Handler
   59 00000010 00000000        DCD              MemManage_Handler 
                                                            ; MPU Fault Handler
                                                            
   60 00000014 00000000        DCD              BusFault_Handler 
                                                            ; Bus Fault Handler
                                                            
   61 00000018 00000000        DCD              UsageFault_Handler ; Usage Faul
                                                            t Handler
   62 0000001C 00000000        DCD              0           ; Reserved
   63 00000020 00000000        DCD              0           ; Reserved
   64 00000024 00000000        DCD              0           ; Reserved
   65 00000028 00000000        DCD              0           ; Reserved
   66 0000002C 00000000        DCD              SVC_Handler ; SVCall Handler
   67 00000030 00000000        DCD              DebugMon_Handler ; Debug Monito
                                                            r Handler
   68 00000034 00000000        DCD              0           ; Reserved
   69 00000038         ;DCD        PendSV_Handler            ; PendSV Handler
   70 00000038         ;DCD        SysTick_Handler           ; SysTick Handler
   71 00000038 00000000        DCD              OS_CPU_PendSVHandler 
                                                            ; PendSV Handler
   72 0000003C 00000000        DCD              OS_CPU_SysTickHandler 
                                                            ; SysTick Handler
   73 00000040         
   74 00000040         ; External Interrupts
   75 00000040 00000000        DCD              WDT_IRQHandler ; 16: Watchdog T
                                                            imer
   76 00000044 00000000        DCD              TIMER0_IRQHandler ; 17: Timer0
   77 00000048 00000000        DCD              TIMER1_IRQHandler ; 18: Timer1
   78 0000004C 00000000        DCD              TIMER2_IRQHandler ; 19: Timer2
   79 00000050 00000000        DCD              TIMER3_IRQHandler ; 20: Timer3
   80 00000054 00000000        DCD              UART0_IRQHandler ; 21: UART0
   81 00000058 00000000        DCD              UART1_IRQHandler ; 22: UART1
   82 0000005C 00000000        DCD              UART2_IRQHandler ; 23: UART2
   83 00000060 00000000        DCD              UART3_IRQHandler ; 24: UART3
   84 00000064 00000000        DCD              PWM1_IRQHandler ; 25: PWM1
   85 00000068 00000000        DCD              I2C0_IRQHandler ; 26: I2C0
   86 0000006C 00000000        DCD              I2C1_IRQHandler ; 27: I2C1
   87 00000070 00000000        DCD              I2C2_IRQHandler ; 28: I2C2



ARM Macro Assembler    Page 3 


   88 00000074 00000000        DCD              0           ; 29: reserved, not
                                                             for SPIFI anymore
   89 00000078 00000000        DCD              SSP0_IRQHandler ; 30: SSP0
   90 0000007C 00000000        DCD              SSP1_IRQHandler ; 31: SSP1
   91 00000080 00000000        DCD              PLL0_IRQHandler ; 32: PLL0 Lock
                                                             (Main PLL)
   92 00000084 00000000        DCD              RTC_IRQHandler ; 33: Real Time 
                                                            Clock
   93 00000088 00000000        DCD              EINT0_IRQHandler ; 34: External
                                                             Interrupt 0
   94 0000008C 00000000        DCD              EINT1_IRQHandler ; 35: External
                                                             Interrupt 1
   95 00000090 00000000        DCD              EINT2_IRQHandler ; 36: External
                                                             Interrupt 2
   96 00000094 00000000        DCD              EINT3_IRQHandler ; 37: External
                                                             Interrupt 3
   97 00000098 00000000        DCD              ADC_IRQHandler 
                                                            ; 38: A/D Converter
                                                            
   98 0000009C 00000000        DCD              BOD_IRQHandler ; 39: Brown-Out 
                                                            Detect
   99 000000A0 00000000        DCD              USB_IRQHandler ; 40: USB
  100 000000A4 00000000        DCD              CAN_IRQHandler ; 41: CAN
  101 000000A8 00000000        DCD              DMA_IRQHandler ; 42: General Pu
                                                            rpose DMA
  102 000000AC 00000000        DCD              I2S_IRQHandler ; 43: I2S
  103 000000B0 00000000        DCD              ENET_IRQHandler ; 44: Ethernet
  104 000000B4 00000000        DCD              MCI_IRQHandler ; 45: SD/MMC car
                                                            d I/F
  105 000000B8 00000000        DCD              MCPWM_IRQHandler ; 46: Motor Co
                                                            ntrol PWM
  106 000000BC 00000000        DCD              QEI_IRQHandler ; 47: Quadrature
                                                             Encoder Interface
  107 000000C0 00000000        DCD              PLL1_IRQHandler ; 48: PLL1 Lock
                                                             (USB PLL)
  108 000000C4 00000000        DCD              USBActivity_IRQHandler ; 49: US
                                                            B Activity interrup
                                                            t to wakeup
  109 000000C8 00000000        DCD              CANActivity_IRQHandler ; 50: CA
                                                            N Activity interrup
                                                            t to wakeup
  110 000000CC 00000000        DCD              UART4_IRQHandler ; 51: UART4
  111 000000D0 00000000        DCD              SSP2_IRQHandler ; 52: SSP2
  112 000000D4 00000000        DCD              LCD_IRQHandler ; 53: LCD
  113 000000D8 00000000        DCD              GPIO_IRQHandler ; 54: GPIO
  114 000000DC 00000000        DCD              PWM0_IRQHandler ; 55: PWM0
  115 000000E0 00000000        DCD              EEPROM_IRQHandler ; 56: EEPROM
  116 000000E4         
  117 000000E4         
  118 000000E4                 IF               :LNOT::DEF:NO_CRP
  119 000000E4                 AREA             |.ARM.__at_0x02FC|, CODE, READO
NLY
  120 00000000 FFFFFFFF 
                       CRP_Key DCD              0xFFFFFFFF
  121 00000004                 ENDIF
  122 00000004         
  123 00000004         
  124 00000004                 AREA             |.text|, CODE, READONLY
  125 00000000         



ARM Macro Assembler    Page 4 


  126 00000000         
  127 00000000         ; Reset Handler
  128 00000000         
  129 00000000         Reset_Handler
                               PROC
  130 00000000                 EXPORT           Reset_Handler             [WEAK
]
  131 00000000                 IMPORT           SystemInit
  132 00000000                 IMPORT           __main
  133 00000000 4806            LDR              R0, =SystemInit
  134 00000002 4780            BLX              R0
  135 00000004 4806            LDR              R0, =__main
  136 00000006 4700            BX               R0
  137 00000008                 ENDP
  138 00000008         
  139 00000008         
  140 00000008         ; Dummy Exception Handlers (infinite loops which can be 
                       modified)
  141 00000008         
  142 00000008         NMI_Handler
                               PROC
  143 00000008                 EXPORT           NMI_Handler               [WEAK
]
  144 00000008 E7FE            B                .
  145 0000000A                 ENDP
  147 0000000A         HardFault_Handler
                               PROC
  148 0000000A                 EXPORT           HardFault_Handler         [WEAK
]
  149 0000000A E7FE            B                .
  150 0000000C                 ENDP
  152 0000000C         MemManage_Handler
                               PROC
  153 0000000C                 EXPORT           MemManage_Handler         [WEAK
]
  154 0000000C E7FE            B                .
  155 0000000E                 ENDP
  157 0000000E         BusFault_Handler
                               PROC
  158 0000000E                 EXPORT           BusFault_Handler          [WEAK
]
  159 0000000E E7FE            B                .
  160 00000010                 ENDP
  162 00000010         UsageFault_Handler
                               PROC
  163 00000010                 EXPORT           UsageFault_Handler        [WEAK
]
  164 00000010 E7FE            B                .
  165 00000012                 ENDP
  166 00000012         SVC_Handler
                               PROC
  167 00000012                 EXPORT           SVC_Handler               [WEAK
]
  168 00000012 E7FE            B                .
  169 00000014                 ENDP
  171 00000014         DebugMon_Handler
                               PROC
  172 00000014                 EXPORT           DebugMon_Handler          [WEAK
]



ARM Macro Assembler    Page 5 


  173 00000014 E7FE            B                .
  174 00000016                 ENDP
  175 00000016         ;PendSV_Handler    PROC
  176 00000016         ;                EXPORT  PendSV_Handler            [WEAK
                       ]
  177 00000016         OS_CPU_PendSVHandler
                               PROC
  178 00000016                 EXPORT           OS_CPU_PendSVHandler       [WEA
K]
  179 00000016 E7FE            B                .
  180 00000018                 ENDP
  181 00000018         ;SysTick_Handler    PROC
  182 00000018         ;                EXPORT  SysTick_Handler           [WEAK
                       ]
  183 00000018         OS_CPU_SysTickHandler
                               PROC
  184 00000018                 EXPORT           OS_CPU_SysTickHandler      [WEA
K]
  185 00000018 E7FE            B                .
  186 0000001A                 ENDP
  187 0000001A         
  188 0000001A         Default_Handler
                               PROC
  189 0000001A         
  190 0000001A                 EXPORT           WDT_IRQHandler            [WEAK
]
  191 0000001A                 EXPORT           TIMER0_IRQHandler         [WEAK
]
  192 0000001A                 EXPORT           TIMER1_IRQHandler         [WEAK
]
  193 0000001A                 EXPORT           TIMER2_IRQHandler         [WEAK
]
  194 0000001A                 EXPORT           TIMER3_IRQHandler         [WEAK
]
  195 0000001A                 EXPORT           UART0_IRQHandler          [WEAK
]
  196 0000001A                 EXPORT           UART1_IRQHandler          [WEAK
]
  197 0000001A                 EXPORT           UART2_IRQHandler          [WEAK
]
  198 0000001A                 EXPORT           UART3_IRQHandler          [WEAK
]
  199 0000001A                 EXPORT           PWM1_IRQHandler           [WEAK
]
  200 0000001A                 EXPORT           I2C0_IRQHandler           [WEAK
]
  201 0000001A                 EXPORT           I2C1_IRQHandler           [WEAK
]
  202 0000001A                 EXPORT           I2C2_IRQHandler           [WEAK
]
  203 0000001A         ;EXPORT  SPIFI_IRQHandler          [WEAK]
  204 0000001A                 EXPORT           SSP0_IRQHandler           [WEAK
]
  205 0000001A                 EXPORT           SSP1_IRQHandler           [WEAK
]
  206 0000001A                 EXPORT           PLL0_IRQHandler           [WEAK
]
  207 0000001A                 EXPORT           RTC_IRQHandler            [WEAK
]



ARM Macro Assembler    Page 6 


  208 0000001A                 EXPORT           EINT0_IRQHandler          [WEAK
]
  209 0000001A                 EXPORT           EINT1_IRQHandler          [WEAK
]
  210 0000001A                 EXPORT           EINT2_IRQHandler          [WEAK
]
  211 0000001A                 EXPORT           EINT3_IRQHandler          [WEAK
]
  212 0000001A                 EXPORT           ADC_IRQHandler            [WEAK
]
  213 0000001A                 EXPORT           BOD_IRQHandler            [WEAK
]
  214 0000001A                 EXPORT           USB_IRQHandler            [WEAK
]
  215 0000001A                 EXPORT           CAN_IRQHandler            [WEAK
]
  216 0000001A                 EXPORT           DMA_IRQHandler            [WEAK
]
  217 0000001A                 EXPORT           I2S_IRQHandler            [WEAK
]
  218 0000001A                 EXPORT           ENET_IRQHandler           [WEAK
]
  219 0000001A                 EXPORT           MCI_IRQHandler            [WEAK
]
  220 0000001A                 EXPORT           MCPWM_IRQHandler          [WEAK
]
  221 0000001A                 EXPORT           QEI_IRQHandler            [WEAK
]
  222 0000001A                 EXPORT           PLL1_IRQHandler           [WEAK
]
  223 0000001A                 EXPORT           USBActivity_IRQHandler    [WEAK
]
  224 0000001A                 EXPORT           CANActivity_IRQHandler    [WEAK
]
  225 0000001A                 EXPORT           UART4_IRQHandler          [WEAK
]
  226 0000001A                 EXPORT           SSP2_IRQHandler           [WEAK
]
  227 0000001A                 EXPORT           LCD_IRQHandler            [WEAK
]
  228 0000001A                 EXPORT           GPIO_IRQHandler           [WEAK
]
  229 0000001A                 EXPORT           PWM0_IRQHandler           [WEAK
]
  230 0000001A                 EXPORT           EEPROM_IRQHandler         [WEAK
]
  231 0000001A         
  232 0000001A         WDT_IRQHandler
  233 0000001A         TIMER0_IRQHandler
  234 0000001A         TIMER1_IRQHandler
  235 0000001A         TIMER2_IRQHandler
  236 0000001A         TIMER3_IRQHandler
  237 0000001A         UART0_IRQHandler
  238 0000001A         UART1_IRQHandler
  239 0000001A         UART2_IRQHandler
  240 0000001A         UART3_IRQHandler
  241 0000001A         PWM1_IRQHandler
  242 0000001A         I2C0_IRQHandler
  243 0000001A         I2C1_IRQHandler



ARM Macro Assembler    Page 7 


  244 0000001A         I2C2_IRQHandler
  245 0000001A         ;SPIFI_IRQHandler    ;not used            
  246 0000001A         SSP0_IRQHandler
  247 0000001A         SSP1_IRQHandler
  248 0000001A         PLL0_IRQHandler
  249 0000001A         RTC_IRQHandler
  250 0000001A         EINT0_IRQHandler
  251 0000001A         EINT1_IRQHandler
  252 0000001A         EINT2_IRQHandler
  253 0000001A         EINT3_IRQHandler
  254 0000001A         ADC_IRQHandler
  255 0000001A         BOD_IRQHandler
  256 0000001A         USB_IRQHandler
  257 0000001A         CAN_IRQHandler
  258 0000001A         DMA_IRQHandler
  259 0000001A         I2S_IRQHandler
  260 0000001A         ENET_IRQHandler
  261 0000001A         MCI_IRQHandler
  262 0000001A         MCPWM_IRQHandler
  263 0000001A         QEI_IRQHandler
  264 0000001A         PLL1_IRQHandler
  265 0000001A         USBActivity_IRQHandler
  266 0000001A         CANActivity_IRQHandler
  267 0000001A         UART4_IRQHandler
  268 0000001A         SSP2_IRQHandler
  269 0000001A         LCD_IRQHandler
  270 0000001A         GPIO_IRQHandler
  271 0000001A         PWM0_IRQHandler
  272 0000001A         EEPROM_IRQHandler
  273 0000001A         
  274 0000001A E7FE            B                .
  275 0000001C         
  276 0000001C                 ENDP
  277 0000001C         
  278 0000001C         
  279 0000001C                 ALIGN
  280 0000001C         
  281 0000001C         
  282 0000001C         ; User Initial Stack & Heap
  283 0000001C         
  284 0000001C                 IF               :DEF:__MICROLIB
  285 0000001C         
  286 0000001C                 EXPORT           __initial_sp
  287 0000001C                 EXPORT           __heap_base
  288 0000001C                 EXPORT           __heap_limit
  289 0000001C         
  290 0000001C                 ELSE
  304                          ENDIF
  305 0000001C         
  306 0000001C         
  307 0000001C                 END
              00000000 
              00000000 
Command Line: --debug --xref --cpu=Cortex-M3 --apcs=interwork --depend=.\obj\st
artup_lpc177x_8x.d -o.\obj\startup_lpc177x_8x.o -Id:\Keil\ARM\RV31\INC -Id:\Kei
l\ARM\CMSIS\Include -Id:\Keil\ARM\Inc\NXP\LPC177x_8x --predefine="__MICROLIB SE
TA 1" --list=.\obj\startup_lpc177x_8x.lst ..\src\Core\startup_LPC177x_8x.s



ARM Macro Assembler    Page 1 Alphabetic symbol ordering
Relocatable symbols

STACK 00000000

Symbol: STACK
   Definitions
      At line 29 in file ..\src\Core\startup_LPC177x_8x.s
   Uses
      None
Comment: STACK unused
Stack_Mem 00000000

Symbol: Stack_Mem
   Definitions
      At line 30 in file ..\src\Core\startup_LPC177x_8x.s
   Uses
      None
Comment: Stack_Mem unused
__initial_sp 00000200

Symbol: __initial_sp
   Definitions
      At line 31 in file ..\src\Core\startup_LPC177x_8x.s
   Uses
      At line 55 in file ..\src\Core\startup_LPC177x_8x.s
      At line 286 in file ..\src\Core\startup_LPC177x_8x.s

3 symbols



ARM Macro Assembler    Page 1 Alphabetic symbol ordering
Relocatable symbols

HEAP 00000000

Symbol: HEAP
   Definitions
      At line 40 in file ..\src\Core\startup_LPC177x_8x.s
   Uses
      None
Comment: HEAP unused
Heap_Mem 00000000

Symbol: Heap_Mem
   Definitions
      At line 42 in file ..\src\Core\startup_LPC177x_8x.s
   Uses
      None
Comment: Heap_Mem unused
__heap_base 00000000

Symbol: __heap_base
   Definitions
      At line 41 in file ..\src\Core\startup_LPC177x_8x.s
   Uses
      At line 287 in file ..\src\Core\startup_LPC177x_8x.s
Comment: __heap_base used once
__heap_limit 00000000

Symbol: __heap_limit
   Definitions
      At line 43 in file ..\src\Core\startup_LPC177x_8x.s
   Uses
      At line 288 in file ..\src\Core\startup_LPC177x_8x.s
Comment: __heap_limit used once
4 symbols



ARM Macro Assembler    Page 1 Alphabetic symbol ordering
Relocatable symbols

RESET 00000000

Symbol: RESET
   Definitions
      At line 52 in file ..\src\Core\startup_LPC177x_8x.s
   Uses
      None
Comment: RESET unused
__Vectors 00000000

Symbol: __Vectors
   Definitions
      At line 55 in file ..\src\Core\startup_LPC177x_8x.s
   Uses
      At line 53 in file ..\src\Core\startup_LPC177x_8x.s
Comment: __Vectors used once
2 symbols



ARM Macro Assembler    Page 1 Alphabetic symbol ordering
Relocatable symbols

.ARM.__at_0x02FC 00000000

Symbol: .ARM.__at_0x02FC
   Definitions
      At line 119 in file ..\src\Core\startup_LPC177x_8x.s
   Uses
      None
Comment: .ARM.__at_0x02FC unused
CRP_Key 00000000

Symbol: CRP_Key
   Definitions
      At line 120 in file ..\src\Core\startup_LPC177x_8x.s
   Uses
      None
Comment: CRP_Key unused
2 symbols



ARM Macro Assembler    Page 1 Alphabetic symbol ordering
Relocatable symbols

.text 00000000

Symbol: .text
   Definitions
      At line 124 in file ..\src\Core\startup_LPC177x_8x.s
   Uses
      None
Comment: .text unused
ADC_IRQHandler 0000001A

Symbol: ADC_IRQHandler
   Definitions
      At line 254 in file ..\src\Core\startup_LPC177x_8x.s
   Uses
      At line 97 in file ..\src\Core\startup_LPC177x_8x.s
      At line 212 in file ..\src\Core\startup_LPC177x_8x.s

BOD_IRQHandler 0000001A

Symbol: BOD_IRQHandler
   Definitions
      At line 255 in file ..\src\Core\startup_LPC177x_8x.s
   Uses
      At line 98 in file ..\src\Core\startup_LPC177x_8x.s
      At line 213 in file ..\src\Core\startup_LPC177x_8x.s

BusFault_Handler 0000000E

Symbol: BusFault_Handler
   Definitions
      At line 157 in file ..\src\Core\startup_LPC177x_8x.s
   Uses
      At line 60 in file ..\src\Core\startup_LPC177x_8x.s
      At line 158 in file ..\src\Core\startup_LPC177x_8x.s

CANActivity_IRQHandler 0000001A

Symbol: CANActivity_IRQHandler
   Definitions
      At line 266 in file ..\src\Core\startup_LPC177x_8x.s
   Uses
      At line 109 in file ..\src\Core\startup_LPC177x_8x.s
      At line 224 in file ..\src\Core\startup_LPC177x_8x.s

CAN_IRQHandler 0000001A

Symbol: CAN_IRQHandler
   Definitions
      At line 257 in file ..\src\Core\startup_LPC177x_8x.s
   Uses
      At line 100 in file ..\src\Core\startup_LPC177x_8x.s
      At line 215 in file ..\src\Core\startup_LPC177x_8x.s

DMA_IRQHandler 0000001A

Symbol: DMA_IRQHandler
   Definitions
      At line 258 in file ..\src\Core\startup_LPC177x_8x.s
   Uses



ARM Macro Assembler    Page 2 Alphabetic symbol ordering
Relocatable symbols

      At line 101 in file ..\src\Core\startup_LPC177x_8x.s
      At line 216 in file ..\src\Core\startup_LPC177x_8x.s

DebugMon_Handler 00000014

Symbol: DebugMon_Handler
   Definitions
      At line 171 in file ..\src\Core\startup_LPC177x_8x.s
   Uses
      At line 67 in file ..\src\Core\startup_LPC177x_8x.s
      At line 172 in file ..\src\Core\startup_LPC177x_8x.s

Default_Handler 0000001A

Symbol: Default_Handler
   Definitions
      At line 188 in file ..\src\Core\startup_LPC177x_8x.s
   Uses
      None
Comment: Default_Handler unused
EEPROM_IRQHandler 0000001A

Symbol: EEPROM_IRQHandler
   Definitions
      At line 272 in file ..\src\Core\startup_LPC177x_8x.s
   Uses
      At line 115 in file ..\src\Core\startup_LPC177x_8x.s
      At line 230 in file ..\src\Core\startup_LPC177x_8x.s

EINT0_IRQHandler 0000001A

Symbol: EINT0_IRQHandler
   Definitions
      At line 250 in file ..\src\Core\startup_LPC177x_8x.s
   Uses
      At line 93 in file ..\src\Core\startup_LPC177x_8x.s
      At line 208 in file ..\src\Core\startup_LPC177x_8x.s

EINT1_IRQHandler 0000001A

Symbol: EINT1_IRQHandler
   Definitions
      At line 251 in file ..\src\Core\startup_LPC177x_8x.s
   Uses
      At line 94 in file ..\src\Core\startup_LPC177x_8x.s
      At line 209 in file ..\src\Core\startup_LPC177x_8x.s

EINT2_IRQHandler 0000001A

Symbol: EINT2_IRQHandler
   Definitions
      At line 252 in file ..\src\Core\startup_LPC177x_8x.s
   Uses
      At line 95 in file ..\src\Core\startup_LPC177x_8x.s
      At line 210 in file ..\src\Core\startup_LPC177x_8x.s

EINT3_IRQHandler 0000001A

Symbol: EINT3_IRQHandler



ARM Macro Assembler    Page 3 Alphabetic symbol ordering
Relocatable symbols

   Definitions
      At line 253 in file ..\src\Core\startup_LPC177x_8x.s
   Uses
      At line 96 in file ..\src\Core\startup_LPC177x_8x.s
      At line 211 in file ..\src\Core\startup_LPC177x_8x.s

ENET_IRQHandler 0000001A

Symbol: ENET_IRQHandler
   Definitions
      At line 260 in file ..\src\Core\startup_LPC177x_8x.s
   Uses
      At line 103 in file ..\src\Core\startup_LPC177x_8x.s
      At line 218 in file ..\src\Core\startup_LPC177x_8x.s

GPIO_IRQHandler 0000001A

Symbol: GPIO_IRQHandler
   Definitions
      At line 270 in file ..\src\Core\startup_LPC177x_8x.s
   Uses
      At line 113 in file ..\src\Core\startup_LPC177x_8x.s
      At line 228 in file ..\src\Core\startup_LPC177x_8x.s

HardFault_Handler 0000000A

Symbol: HardFault_Handler
   Definitions
      At line 147 in file ..\src\Core\startup_LPC177x_8x.s
   Uses
      At line 58 in file ..\src\Core\startup_LPC177x_8x.s
      At line 148 in file ..\src\Core\startup_LPC177x_8x.s

I2C0_IRQHandler 0000001A

Symbol: I2C0_IRQHandler
   Definitions
      At line 242 in file ..\src\Core\startup_LPC177x_8x.s
   Uses
      At line 85 in file ..\src\Core\startup_LPC177x_8x.s
      At line 200 in file ..\src\Core\startup_LPC177x_8x.s

I2C1_IRQHandler 0000001A

Symbol: I2C1_IRQHandler
   Definitions
      At line 243 in file ..\src\Core\startup_LPC177x_8x.s
   Uses
      At line 86 in file ..\src\Core\startup_LPC177x_8x.s
      At line 201 in file ..\src\Core\startup_LPC177x_8x.s

I2C2_IRQHandler 0000001A

Symbol: I2C2_IRQHandler
   Definitions
      At line 244 in file ..\src\Core\startup_LPC177x_8x.s
   Uses
      At line 87 in file ..\src\Core\startup_LPC177x_8x.s
      At line 202 in file ..\src\Core\startup_LPC177x_8x.s



ARM Macro Assembler    Page 4 Alphabetic symbol ordering
Relocatable symbols


I2S_IRQHandler 0000001A

Symbol: I2S_IRQHandler
   Definitions
      At line 259 in file ..\src\Core\startup_LPC177x_8x.s
   Uses
      At line 102 in file ..\src\Core\startup_LPC177x_8x.s
      At line 217 in file ..\src\Core\startup_LPC177x_8x.s

LCD_IRQHandler 0000001A

Symbol: LCD_IRQHandler
   Definitions
      At line 269 in file ..\src\Core\startup_LPC177x_8x.s
   Uses
      At line 112 in file ..\src\Core\startup_LPC177x_8x.s
      At line 227 in file ..\src\Core\startup_LPC177x_8x.s

MCI_IRQHandler 0000001A

Symbol: MCI_IRQHandler
   Definitions
      At line 261 in file ..\src\Core\startup_LPC177x_8x.s
   Uses
      At line 104 in file ..\src\Core\startup_LPC177x_8x.s
      At line 219 in file ..\src\Core\startup_LPC177x_8x.s

MCPWM_IRQHandler 0000001A

Symbol: MCPWM_IRQHandler
   Definitions
      At line 262 in file ..\src\Core\startup_LPC177x_8x.s
   Uses
      At line 105 in file ..\src\Core\startup_LPC177x_8x.s
      At line 220 in file ..\src\Core\startup_LPC177x_8x.s

MemManage_Handler 0000000C

Symbol: MemManage_Handler
   Definitions
      At line 152 in file ..\src\Core\startup_LPC177x_8x.s
   Uses
      At line 59 in file ..\src\Core\startup_LPC177x_8x.s
      At line 153 in file ..\src\Core\startup_LPC177x_8x.s

NMI_Handler 00000008

Symbol: NMI_Handler
   Definitions
      At line 142 in file ..\src\Core\startup_LPC177x_8x.s
   Uses
      At line 57 in file ..\src\Core\startup_LPC177x_8x.s
      At line 143 in file ..\src\Core\startup_LPC177x_8x.s

OS_CPU_PendSVHandler 00000016

Symbol: OS_CPU_PendSVHandler
   Definitions



ARM Macro Assembler    Page 5 Alphabetic symbol ordering
Relocatable symbols

      At line 177 in file ..\src\Core\startup_LPC177x_8x.s
   Uses
      At line 71 in file ..\src\Core\startup_LPC177x_8x.s
      At line 178 in file ..\src\Core\startup_LPC177x_8x.s

OS_CPU_SysTickHandler 00000018

Symbol: OS_CPU_SysTickHandler
   Definitions
      At line 183 in file ..\src\Core\startup_LPC177x_8x.s
   Uses
      At line 72 in file ..\src\Core\startup_LPC177x_8x.s
      At line 184 in file ..\src\Core\startup_LPC177x_8x.s

PLL0_IRQHandler 0000001A

Symbol: PLL0_IRQHandler
   Definitions
      At line 248 in file ..\src\Core\startup_LPC177x_8x.s
   Uses
      At line 91 in file ..\src\Core\startup_LPC177x_8x.s
      At line 206 in file ..\src\Core\startup_LPC177x_8x.s

PLL1_IRQHandler 0000001A

Symbol: PLL1_IRQHandler
   Definitions
      At line 264 in file ..\src\Core\startup_LPC177x_8x.s
   Uses
      At line 107 in file ..\src\Core\startup_LPC177x_8x.s
      At line 222 in file ..\src\Core\startup_LPC177x_8x.s

PWM0_IRQHandler 0000001A

Symbol: PWM0_IRQHandler
   Definitions
      At line 271 in file ..\src\Core\startup_LPC177x_8x.s
   Uses
      At line 114 in file ..\src\Core\startup_LPC177x_8x.s
      At line 229 in file ..\src\Core\startup_LPC177x_8x.s

PWM1_IRQHandler 0000001A

Symbol: PWM1_IRQHandler
   Definitions
      At line 241 in file ..\src\Core\startup_LPC177x_8x.s
   Uses
      At line 84 in file ..\src\Core\startup_LPC177x_8x.s
      At line 199 in file ..\src\Core\startup_LPC177x_8x.s

QEI_IRQHandler 0000001A

Symbol: QEI_IRQHandler
   Definitions
      At line 263 in file ..\src\Core\startup_LPC177x_8x.s
   Uses
      At line 106 in file ..\src\Core\startup_LPC177x_8x.s
      At line 221 in file ..\src\Core\startup_LPC177x_8x.s




ARM Macro Assembler    Page 6 Alphabetic symbol ordering
Relocatable symbols

RTC_IRQHandler 0000001A

Symbol: RTC_IRQHandler
   Definitions
      At line 249 in file ..\src\Core\startup_LPC177x_8x.s
   Uses
      At line 92 in file ..\src\Core\startup_LPC177x_8x.s
      At line 207 in file ..\src\Core\startup_LPC177x_8x.s

Reset_Handler 00000000

Symbol: Reset_Handler
   Definitions
      At line 129 in file ..\src\Core\startup_LPC177x_8x.s
   Uses
      At line 56 in file ..\src\Core\startup_LPC177x_8x.s
      At line 130 in file ..\src\Core\startup_LPC177x_8x.s

SSP0_IRQHandler 0000001A

Symbol: SSP0_IRQHandler
   Definitions
      At line 246 in file ..\src\Core\startup_LPC177x_8x.s
   Uses
      At line 89 in file ..\src\Core\startup_LPC177x_8x.s
      At line 204 in file ..\src\Core\startup_LPC177x_8x.s

SSP1_IRQHandler 0000001A

Symbol: SSP1_IRQHandler
   Definitions
      At line 247 in file ..\src\Core\startup_LPC177x_8x.s
   Uses
      At line 90 in file ..\src\Core\startup_LPC177x_8x.s
      At line 205 in file ..\src\Core\startup_LPC177x_8x.s

SSP2_IRQHandler 0000001A

Symbol: SSP2_IRQHandler
   Definitions
      At line 268 in file ..\src\Core\startup_LPC177x_8x.s
   Uses
      At line 111 in file ..\src\Core\startup_LPC177x_8x.s
      At line 226 in file ..\src\Core\startup_LPC177x_8x.s

SVC_Handler 00000012

Symbol: SVC_Handler
   Definitions
      At line 166 in file ..\src\Core\startup_LPC177x_8x.s
   Uses
      At line 66 in file ..\src\Core\startup_LPC177x_8x.s
      At line 167 in file ..\src\Core\startup_LPC177x_8x.s

TIMER0_IRQHandler 0000001A

Symbol: TIMER0_IRQHandler
   Definitions
      At line 233 in file ..\src\Core\startup_LPC177x_8x.s



ARM Macro Assembler    Page 7 Alphabetic symbol ordering
Relocatable symbols

   Uses
      At line 76 in file ..\src\Core\startup_LPC177x_8x.s
      At line 191 in file ..\src\Core\startup_LPC177x_8x.s

TIMER1_IRQHandler 0000001A

Symbol: TIMER1_IRQHandler
   Definitions
      At line 234 in file ..\src\Core\startup_LPC177x_8x.s
   Uses
      At line 77 in file ..\src\Core\startup_LPC177x_8x.s
      At line 192 in file ..\src\Core\startup_LPC177x_8x.s

TIMER2_IRQHandler 0000001A

Symbol: TIMER2_IRQHandler
   Definitions
      At line 235 in file ..\src\Core\startup_LPC177x_8x.s
   Uses
      At line 78 in file ..\src\Core\startup_LPC177x_8x.s
      At line 193 in file ..\src\Core\startup_LPC177x_8x.s

TIMER3_IRQHandler 0000001A

Symbol: TIMER3_IRQHandler
   Definitions
      At line 236 in file ..\src\Core\startup_LPC177x_8x.s
   Uses
      At line 79 in file ..\src\Core\startup_LPC177x_8x.s
      At line 194 in file ..\src\Core\startup_LPC177x_8x.s

UART0_IRQHandler 0000001A

Symbol: UART0_IRQHandler
   Definitions
      At line 237 in file ..\src\Core\startup_LPC177x_8x.s
   Uses
      At line 80 in file ..\src\Core\startup_LPC177x_8x.s
      At line 195 in file ..\src\Core\startup_LPC177x_8x.s

UART1_IRQHandler 0000001A

Symbol: UART1_IRQHandler
   Definitions
      At line 238 in file ..\src\Core\startup_LPC177x_8x.s
   Uses
      At line 81 in file ..\src\Core\startup_LPC177x_8x.s
      At line 196 in file ..\src\Core\startup_LPC177x_8x.s

UART2_IRQHandler 0000001A

Symbol: UART2_IRQHandler
   Definitions
      At line 239 in file ..\src\Core\startup_LPC177x_8x.s
   Uses
      At line 82 in file ..\src\Core\startup_LPC177x_8x.s
      At line 197 in file ..\src\Core\startup_LPC177x_8x.s

UART3_IRQHandler 0000001A



ARM Macro Assembler    Page 8 Alphabetic symbol ordering
Relocatable symbols


Symbol: UART3_IRQHandler
   Definitions
      At line 240 in file ..\src\Core\startup_LPC177x_8x.s
   Uses
      At line 83 in file ..\src\Core\startup_LPC177x_8x.s
      At line 198 in file ..\src\Core\startup_LPC177x_8x.s

UART4_IRQHandler 0000001A

Symbol: UART4_IRQHandler
   Definitions
      At line 267 in file ..\src\Core\startup_LPC177x_8x.s
   Uses
      At line 110 in file ..\src\Core\startup_LPC177x_8x.s
      At line 225 in file ..\src\Core\startup_LPC177x_8x.s

USBActivity_IRQHandler 0000001A

Symbol: USBActivity_IRQHandler
   Definitions
      At line 265 in file ..\src\Core\startup_LPC177x_8x.s
   Uses
      At line 108 in file ..\src\Core\startup_LPC177x_8x.s
      At line 223 in file ..\src\Core\startup_LPC177x_8x.s

USB_IRQHandler 0000001A

Symbol: USB_IRQHandler
   Definitions
      At line 256 in file ..\src\Core\startup_LPC177x_8x.s
   Uses
      At line 99 in file ..\src\Core\startup_LPC177x_8x.s
      At line 214 in file ..\src\Core\startup_LPC177x_8x.s

UsageFault_Handler 00000010

Symbol: UsageFault_Handler
   Definitions
      At line 162 in file ..\src\Core\startup_LPC177x_8x.s
   Uses
      At line 61 in file ..\src\Core\startup_LPC177x_8x.s
      At line 163 in file ..\src\Core\startup_LPC177x_8x.s

WDT_IRQHandler 0000001A

Symbol: WDT_IRQHandler
   Definitions
      At line 232 in file ..\src\Core\startup_LPC177x_8x.s
   Uses
      At line 75 in file ..\src\Core\startup_LPC177x_8x.s
      At line 190 in file ..\src\Core\startup_LPC177x_8x.s

52 symbols



ARM Macro Assembler    Page 1 Alphabetic symbol ordering
Absolute symbols

Heap_Size 00000000

Symbol: Heap_Size
   Definitions
      At line 38 in file ..\src\Core\startup_LPC177x_8x.s
   Uses
      At line 42 in file ..\src\Core\startup_LPC177x_8x.s
Comment: Heap_Size used once
Stack_Size 00000200

Symbol: Stack_Size
   Definitions
      At line 27 in file ..\src\Core\startup_LPC177x_8x.s
   Uses
      At line 30 in file ..\src\Core\startup_LPC177x_8x.s
Comment: Stack_Size used once
2 symbols



ARM Macro Assembler    Page 1 Alphabetic symbol ordering
External symbols

SystemInit 00000000

Symbol: SystemInit
   Definitions
      At line 131 in file ..\src\Core\startup_LPC177x_8x.s
   Uses
      At line 133 in file ..\src\Core\startup_LPC177x_8x.s
Comment: SystemInit used once
__main 00000000

Symbol: __main
   Definitions
      At line 132 in file ..\src\Core\startup_LPC177x_8x.s
   Uses
      At line 135 in file ..\src\Core\startup_LPC177x_8x.s
Comment: __main used once
2 symbols
402 symbols in table
